#
# There is insufficient memory for the Java Runtime Environment to continue.
# Native memory allocation (mmap) failed to map 566231040 bytes for Failed to commit area from 0x0000000094200000 to 0x00000000b5e00000 of length 566231040.
# Possible reasons:
#   The system is out of physical RAM or swap space
#   The process is running with CompressedOops enabled, and the Java Heap may be blocking the growth of the native heap
# Possible solutions:
#   Reduce memory load on the system
#   Increase physical memory or swap space
#   Check if swap backing store is full
#   Decrease Java heap size (-Xmx/-Xms)
#   Decrease number of Java threads
#   Decrease Java thread stack sizes (-Xss)
#   Set larger code cache with -XX:ReservedCodeCacheSize=
#   JVM is running with Unscaled Compressed Oops mode in which the Java heap is
#     placed in the first 4GB address space. The Java Heap base address is the
#     maximum limit for the native heap growth. Please use -XX:HeapBaseMinAddress
#     to set the Java Heap base and to place the Java Heap above 4GB virtual address.
# This output file may be truncated or incomplete.
#
#  Out of Memory Error (./open/src/hotspot/os/windows/os_windows.cpp:3284), pid=12080, tid=11180
#
# JRE version: Java(TM) SE Runtime Environment 18.9 (11.0.14+8) (build 11.0.14+8-LTS-263)
# Java VM: Java HotSpot(TM) 64-Bit Server VM 18.9 (11.0.14+8-LTS-263, mixed mode, tiered, compressed oops, g1 gc, windows-amd64)
# No core dump will be written. Minidumps are not enabled by default on client versions of Windows
#

---------------  S U M M A R Y ------------

Command Line: -Dfile.encoding=US-ASCII quantum3.QMain

Host: Intel(R) Core(TM) i5-1035G4 CPU @ 1.10GHz, 8 cores, 7G,  Windows 11 , 64 bit Build 22000 (10.0.22000.1219)
Time: Sun Nov 20 22:42:37 2022 Taipei Standard Time elapsed time: 98.155084 seconds (0d 0h 1m 38s)

---------------  T H R E A D  ---------------

Current thread (0x00000201ff07b000):  VMThread "VM Thread" [stack: 0x0000009bfed00000,0x0000009bfee00000] [id=11180]

Stack: [0x0000009bfed00000,0x0000009bfee00000]
[error occurred during error reporting (printing stack bounds), id 0xc0000005, EXCEPTION_ACCESS_VIOLATION (0xc0000005) at pc=0x00000201800010e7]

Native frames: (J=compiled Java code, j=interpreted, Vv=VM code, C=native code)
V  [jvm.dll+0x6296da]
V  [jvm.dll+0x76323f]
V  [jvm.dll+0x7648e9]
V  [jvm.dll+0x764ed5]
V  [jvm.dll+0x764e8b]
V  [jvm.dll+0x628c23]
V  [jvm.dll+0x6292d8]
C  [ntdll.dll+0xa8b1f]
C  [ntdll.dll+0x35b9a]
C  [ntdll.dll+0xa7b2e]
C  0x00000201800010e7

VM_Operation (0x0000009b811fec70): G1CollectForAllocation, mode: safepoint, requested by thread 0x00000201ffb33000


---------------  P R O C E S S  ---------------

Threads class SMR info:
_java_thread_list=0x0000020194f26c70, length=19, elements={
0x00000201ff09f800, 0x00000201ff0aa800, 0x00000201ffa32800, 0x00000201ff0b9800,
0x00000201ff0ba800, 0x00000201ff0c7800, 0x00000201ff0cf000, 0x00000201ff0d8000,
0x00000201ffbbe800, 0x0000020194f1d800, 0x0000020194f21000, 0x0000020194f22000,
0x00000201953ed800, 0x0000020195360000, 0x00000201f4107800, 0x0000020196ecb000,
0x00000201ffb2f800, 0x00000201ffb33000, 0x00000201ffb2f000
}

Java Threads: ( => current thread )
  0x00000201ff09f800 JavaThread "Reference Handler" daemon [_thread_blocked, id=14332, stack(0x0000009bfee00000,0x0000009bfef00000)]
  0x00000201ff0aa800 JavaThread "Finalizer" daemon [_thread_blocked, id=17384, stack(0x0000009bfef00000,0x0000009bff000000)]
  0x00000201ffa32800 JavaThread "Signal Dispatcher" daemon [_thread_blocked, id=13864, stack(0x0000009bff000000,0x0000009bff100000)]
  0x00000201ff0b9800 JavaThread "Attach Listener" daemon [_thread_blocked, id=11788, stack(0x0000009bff100000,0x0000009bff200000)]
  0x00000201ff0ba800 JavaThread "Service Thread" daemon [_thread_blocked, id=12328, stack(0x0000009bff200000,0x0000009bff300000)]
  0x00000201ff0c7800 JavaThread "C2 CompilerThread0" daemon [_thread_blocked, id=14036, stack(0x0000009bff300000,0x0000009bff400000)]
  0x00000201ff0cf000 JavaThread "C1 CompilerThread0" daemon [_thread_blocked, id=17792, stack(0x0000009bff400000,0x0000009bff500000)]
  0x00000201ff0d8000 JavaThread "Sweeper thread" daemon [_thread_blocked, id=1280, stack(0x0000009bff500000,0x0000009bff600000)]
  0x00000201ffbbe800 JavaThread "Common-Cleaner" daemon [_thread_blocked, id=12848, stack(0x0000009bff700000,0x0000009bff800000)]
  0x0000020194f1d800 JavaThread "Java2D Disposer" daemon [_thread_blocked, id=13132, stack(0x0000009bff800000,0x0000009bff900000)]
  0x0000020194f21000 JavaThread "AWT-Shutdown" [_thread_blocked, id=13008, stack(0x0000009bff900000,0x0000009bffa00000)]
  0x0000020194f22000 JavaThread "AWT-Windows" daemon [_thread_in_native, id=16296, stack(0x0000009bffa00000,0x0000009bffb00000)]
  0x00000201953ed800 JavaThread "AWT-EventQueue-0" [_thread_blocked, id=7440, stack(0x0000009bfff00000,0x0000009c00000000)]
  0x0000020195360000 JavaThread "Timer-0" [_thread_blocked, id=14808, stack(0x0000009b80100000,0x0000009b80200000)]
  0x00000201f4107800 JavaThread "DestroyJavaVM" [_thread_blocked, id=16864, stack(0x0000009bfe700000,0x0000009bfe800000)]
  0x0000020196ecb000 JavaThread "TimerQueue" daemon [_thread_blocked, id=11432, stack(0x0000009b80400000,0x0000009b80500000)]
  0x00000201ffb2f800 JavaThread "Thread-4" [_thread_blocked, id=18388, stack(0x0000009b81000000,0x0000009b81100000)]
  0x00000201ffb33000 JavaThread "Thread-6" [_thread_blocked, id=16628, stack(0x0000009b81100000,0x0000009b81200000)]
  0x00000201ffb2f000 JavaThread "Thread-7" [_thread_blocked, id=2640, stack(0x0000009b80f00000,0x0000009b81000000)]

Other Threads:
=>0x00000201ff07b000 VMThread "VM Thread" [stack: 0x0000009bfed00000,0x0000009bfee00000] [id=11180]
  0x00000201ffbb6000 WatcherThread [stack: 0x0000009bff600000,0x0000009bff700000] [id=5896]
  0x00000201f411b800 GCTaskThread "GC Thread#0" [stack: 0x0000009bfe800000,0x0000009bfe900000] [id=3076]
  0x0000020197068800 GCTaskThread "GC Thread#1" [stack: 0x0000009b80800000,0x0000009b80900000] [id=13280]
  0x00000201951e6800 GCTaskThread "GC Thread#2" [stack: 0x0000009b80900000,0x0000009b80a00000] [id=11932]
  0x0000020195625000 GCTaskThread "GC Thread#3" [stack: 0x0000009b80a00000,0x0000009b80b00000] [id=17324]
  0x0000020195626000 GCTaskThread "GC Thread#4" [stack: 0x0000009b80b00000,0x0000009b80c00000] [id=8092]
  0x00000201ffb3a800 GCTaskThread "GC Thread#5" [stack: 0x0000009b80c00000,0x0000009b80d00000] [id=2188]
  0x00000201ffb3b800 GCTaskThread "GC Thread#6" [stack: 0x0000009b80d00000,0x0000009b80e00000] [id=15156]
  0x00000201ffde3000 GCTaskThread "GC Thread#7" [stack: 0x0000009b80e00000,0x0000009b80f00000] [id=16764]
  0x00000201f414e800 ConcurrentGCThread "G1 Main Marker" [stack: 0x0000009bfe900000,0x0000009bfea00000] [id=16184]
  0x00000201f414f800 ConcurrentGCThread "G1 Conc#0" [stack: 0x0000009bfea00000,0x0000009bfeb00000] [id=15492]
  0x00000201ffddd000 ConcurrentGCThread "G1 Conc#1" [stack: 0x0000009b81300000,0x0000009b81400000] [id=16380]
  0x00000201feef0800 ConcurrentGCThread "G1 Refine#0" [stack: 0x0000009bfeb00000,0x0000009bfec00000] [id=15028]
  0x0000020196dfb000 ConcurrentGCThread "G1 Refine#1" [stack: 0x0000009b81200000,0x0000009b81300000] [id=2724]
  0x0000020196c48000 ConcurrentGCThread "G1 Refine#2" [stack: 0x0000009b81400000,0x0000009b81500000] [id=16904]
  0x000002019740f800 ConcurrentGCThread "G1 Refine#3" [stack: 0x0000009b80600000,0x0000009b80700000] [id=13404]
  0x00000201feef1800 ConcurrentGCThread "G1 Young RemSet Sampling" [stack: 0x0000009bfec00000,0x0000009bfed00000] [id=15208]

Threads with active compile tasks:

VM state:at safepoint (normal execution)

VM Mutex/Monitor currently owned by a thread:  ([mutex/lock_event])
[0x00000201f4103210] Threads_lock - owner thread: 0x00000201ff07b000
[0x00000201f4101dd0] Heap_lock - owner thread: 0x00000201ffb33000

Heap address: 0x0000000083400000, size: 1996 MB, Compressed Oops mode: 32-bit
Narrow klass base: 0x0000000000000000, Narrow klass shift: 3
Compressed class space size: 1073741824 Address: 0x0000000100000000

Heap:
 garbage-first heap   total 829440K, used 262669K [0x0000000083400000, 0x0000000100000000)
  region size 1024K, 2 young (2048K), 2 survivors (2048K)
 Metaspace       used 16317K, capacity 16771K, committed 17024K, reserved 1064960K
  class space    used 1694K, capacity 1901K, committed 1920K, reserved 1048576K
Heap Regions: E=young(eden), S=young(survivor), O=old, HS=humongous(starts), HC=humongous(continues), CS=collection set, F=free, A=archive, TAMS=top-at-mark-start (previous, next)
|   0|0x0000000083400000, 0x0000000083500000, 0x0000000083500000|100%| O|  |TAMS 0x0000000083500000, 0x0000000083400000| Untracked 
|   1|0x0000000083500000, 0x0000000083600000, 0x0000000083600000|100%| O|  |TAMS 0x0000000083600000, 0x0000000083500000| Untracked 
|   2|0x0000000083600000, 0x0000000083700000, 0x0000000083700000|100%| O|  |TAMS 0x0000000083700000, 0x0000000083600000| Complete 
|   3|0x0000000083700000, 0x0000000083800000, 0x0000000083800000|100%| O|  |TAMS 0x0000000083800000, 0x0000000083700000| Untracked 
|   4|0x0000000083800000, 0x0000000083900000, 0x0000000083900000|100%| O|  |TAMS 0x0000000083900000, 0x0000000083800000| Untracked 
|   5|0x0000000083900000, 0x0000000083a00000, 0x0000000083a00000|100%| O|  |TAMS 0x0000000083a00000, 0x0000000083900000| Complete 
|   6|0x0000000083a00000, 0x0000000083b00000, 0x0000000083b00000|100%| O|  |TAMS 0x0000000083b00000, 0x0000000083a00000| Untracked 
|   7|0x0000000083b00000, 0x0000000083c00000, 0x0000000083c00000|100%| O|  |TAMS 0x0000000083c00000, 0x0000000083b00000| Untracked 
|   8|0x0000000083c00000, 0x0000000083d00000, 0x0000000083d00000|100%| O|  |TAMS 0x0000000083d00000, 0x0000000083c00000| Untracked 
|   9|0x0000000083d00000, 0x0000000083e00000, 0x0000000083e00000|100%| O|  |TAMS 0x0000000083e00000, 0x0000000083d00000| Untracked 
|  10|0x0000000083e00000, 0x0000000083f00000, 0x0000000083f00000|100%| O|  |TAMS 0x0000000083f00000, 0x0000000083e00000| Untracked 
|  11|0x0000000083f00000, 0x0000000084000000, 0x0000000084000000|100%| O|  |TAMS 0x0000000084000000, 0x0000000083f00000| Complete 
|  12|0x0000000084000000, 0x0000000084100000, 0x0000000084100000|100%| O|  |TAMS 0x0000000084100000, 0x0000000084000000| Untracked 
|  13|0x0000000084100000, 0x0000000084200000, 0x0000000084200000|100%| O|  |TAMS 0x0000000084200000, 0x0000000084100000| Untracked 
|  14|0x0000000084200000, 0x0000000084300000, 0x0000000084300000|100%| O|  |TAMS 0x0000000084300000, 0x0000000084200000| Untracked 
|  15|0x0000000084300000, 0x0000000084400000, 0x0000000084400000|100%| O|  |TAMS 0x0000000084400000, 0x0000000084300000| Complete 
|  16|0x0000000084400000, 0x0000000084500000, 0x0000000084500000|100%| O|  |TAMS 0x0000000084500000, 0x0000000084400000| Untracked 
|  17|0x0000000084500000, 0x0000000084600000, 0x0000000084600000|100%| O|  |TAMS 0x0000000084600000, 0x0000000084500000| Complete 
|  18|0x0000000084600000, 0x0000000084700000, 0x0000000084700000|100%| O|  |TAMS 0x0000000084700000, 0x0000000084600000| Untracked 
|  19|0x0000000084700000, 0x0000000084800000, 0x0000000084800000|100%| O|  |TAMS 0x0000000084800000, 0x0000000084700000| Untracked 
|  20|0x0000000084800000, 0x0000000084900000, 0x0000000084900000|100%| O|  |TAMS 0x0000000084900000, 0x0000000084800000| Untracked 
|  21|0x0000000084900000, 0x0000000084a00000, 0x0000000084a00000|100%| O|  |TAMS 0x0000000084a00000, 0x0000000084900000| Complete 
|  22|0x0000000084a00000, 0x0000000084b00000, 0x0000000084b00000|100%| O|  |TAMS 0x0000000084b00000, 0x0000000084a00000| Untracked 
|  23|0x0000000084b00000, 0x0000000084c00000, 0x0000000084c00000|100%|HS|  |TAMS 0x0000000084c00000, 0x0000000084b00000| Complete 
|  24|0x0000000084c00000, 0x0000000084d00000, 0x0000000084d00000|100%|HC|  |TAMS 0x0000000084d00000, 0x0000000084c00000| Complete 
|  25|0x0000000084d00000, 0x0000000084e00000, 0x0000000084e00000|100%|HC|  |TAMS 0x0000000084e00000, 0x0000000084d00000| Complete 
|  26|0x0000000084e00000, 0x0000000084f00000, 0x0000000084f00000|100%|HC|  |TAMS 0x0000000084f00000, 0x0000000084e00000| Complete 
|  27|0x0000000084f00000, 0x0000000085000000, 0x0000000085000000|100%|HC|  |TAMS 0x0000000085000000, 0x0000000084f00000| Complete 
|  28|0x0000000085000000, 0x0000000085100000, 0x0000000085100000|100%|HC|  |TAMS 0x0000000085100000, 0x0000000085000000| Complete 
|  29|0x0000000085100000, 0x0000000085200000, 0x0000000085200000|100%|HC|  |TAMS 0x0000000085200000, 0x0000000085100000| Complete 
|  30|0x0000000085200000, 0x0000000085300000, 0x0000000085300000|100%|HC|  |TAMS 0x0000000085300000, 0x0000000085200000| Complete 
|  31|0x0000000085300000, 0x0000000085400000, 0x0000000085400000|100%|HC|  |TAMS 0x0000000085400000, 0x0000000085300000| Complete 
|  32|0x0000000085400000, 0x0000000085500000, 0x0000000085500000|100%| O|  |TAMS 0x0000000085500000, 0x0000000085400000| Untracked 
|  33|0x0000000085500000, 0x0000000085600000, 0x0000000085600000|100%| O|  |TAMS 0x0000000085600000, 0x0000000085500000| Untracked 
|  34|0x0000000085600000, 0x0000000085700000, 0x0000000085700000|100%| O|  |TAMS 0x0000000085700000, 0x0000000085600000| Untracked 
|  35|0x0000000085700000, 0x0000000085800000, 0x0000000085800000|100%| O|  |TAMS 0x0000000085800000, 0x0000000085700000| Untracked 
|  36|0x0000000085800000, 0x0000000085900000, 0x0000000085900000|100%| O|  |TAMS 0x0000000085900000, 0x0000000085800000| Untracked 
|  37|0x0000000085900000, 0x0000000085a00000, 0x0000000085a00000|100%| O|  |TAMS 0x0000000085a00000, 0x0000000085900000| Untracked 
|  38|0x0000000085a00000, 0x0000000085b00000, 0x0000000085b00000|100%| O|  |TAMS 0x0000000085b00000, 0x0000000085a00000| Untracked 
|  39|0x0000000085b00000, 0x0000000085c00000, 0x0000000085c00000|100%| O|  |TAMS 0x0000000085c00000, 0x0000000085b00000| Untracked 
|  40|0x0000000085c00000, 0x0000000085d00000, 0x0000000085d00000|100%| O|  |TAMS 0x0000000085d00000, 0x0000000085c00000| Untracked 
|  41|0x0000000085d00000, 0x0000000085e00000, 0x0000000085e00000|100%| O|  |TAMS 0x0000000085e00000, 0x0000000085d00000| Untracked 
|  42|0x0000000085e00000, 0x0000000085f00000, 0x0000000085f00000|100%| O|  |TAMS 0x0000000085f00000, 0x0000000085e00000| Untracked 
|  43|0x0000000085f00000, 0x0000000086000000, 0x0000000086000000|100%| O|  |TAMS 0x0000000086000000, 0x0000000085f00000| Untracked 
|  44|0x0000000086000000, 0x0000000086100000, 0x0000000086100000|100%| O|  |TAMS 0x0000000086100000, 0x0000000086000000| Untracked 
|  45|0x0000000086100000, 0x0000000086200000, 0x0000000086200000|100%| O|  |TAMS 0x0000000086200000, 0x0000000086100000| Untracked 
|  46|0x0000000086200000, 0x0000000086300000, 0x0000000086300000|100%| O|  |TAMS 0x0000000086300000, 0x0000000086200000| Untracked 
|  47|0x0000000086300000, 0x0000000086400000, 0x0000000086400000|100%| O|  |TAMS 0x0000000086400000, 0x0000000086300000| Untracked 
|  48|0x0000000086400000, 0x0000000086500000, 0x0000000086500000|100%| O|  |TAMS 0x0000000086500000, 0x0000000086400000| Untracked 
|  49|0x0000000086500000, 0x0000000086600000, 0x0000000086600000|100%| O|  |TAMS 0x0000000086600000, 0x0000000086500000| Complete 
|  50|0x0000000086600000, 0x0000000086700000, 0x0000000086700000|100%| O|  |TAMS 0x0000000086700000, 0x0000000086600000| Complete 
|  51|0x0000000086700000, 0x0000000086800000, 0x0000000086800000|100%| O|  |TAMS 0x0000000086800000, 0x0000000086700000| Untracked 
|  52|0x0000000086800000, 0x0000000086900000, 0x0000000086900000|100%| O|  |TAMS 0x0000000086900000, 0x0000000086800000| Untracked 
|  53|0x0000000086900000, 0x0000000086a00000, 0x0000000086a00000|100%| O|  |TAMS 0x0000000086a00000, 0x0000000086900000| Untracked 
|  54|0x0000000086a00000, 0x0000000086b00000, 0x0000000086b00000|100%| O|  |TAMS 0x0000000086b00000, 0x0000000086a00000| Untracked 
|  55|0x0000000086b00000, 0x0000000086c00000, 0x0000000086c00000|100%| O|  |TAMS 0x0000000086c00000, 0x0000000086b00000| Complete 
|  56|0x0000000086c00000, 0x0000000086d00000, 0x0000000086d00000|100%| O|  |TAMS 0x0000000086d00000, 0x0000000086c00000| Untracked 
|  57|0x0000000086d00000, 0x0000000086e00000, 0x0000000086e00000|100%| O|  |TAMS 0x0000000086e00000, 0x0000000086d00000| Untracked 
|  58|0x0000000086e00000, 0x0000000086f00000, 0x0000000086f00000|100%| O|  |TAMS 0x0000000086f00000, 0x0000000086e00000| Untracked 
|  59|0x0000000086f00000, 0x0000000087000000, 0x0000000087000000|100%| O|  |TAMS 0x0000000087000000, 0x0000000086f00000| Complete 
|  60|0x0000000087000000, 0x0000000087100000, 0x0000000087100000|100%| O|  |TAMS 0x0000000087100000, 0x0000000087000000| Complete 
|  61|0x0000000087100000, 0x0000000087200000, 0x0000000087200000|100%| O|  |TAMS 0x0000000087200000, 0x0000000087100000| Complete 
|  62|0x0000000087200000, 0x0000000087300000, 0x0000000087300000|100%| O|  |TAMS 0x0000000087300000, 0x0000000087200000| Untracked 
|  63|0x0000000087300000, 0x0000000087400000, 0x0000000087400000|100%| O|  |TAMS 0x0000000087400000, 0x0000000087300000| Untracked 
|  64|0x0000000087400000, 0x0000000087500000, 0x0000000087500000|100%| O|  |TAMS 0x0000000087500000, 0x0000000087400000| Untracked 
|  65|0x0000000087500000, 0x0000000087600000, 0x0000000087600000|100%| O|  |TAMS 0x0000000087600000, 0x0000000087500000| Complete 
|  66|0x0000000087600000, 0x0000000087700000, 0x0000000087700000|100%| O|  |TAMS 0x0000000087700000, 0x0000000087600000| Untracked 
|  67|0x0000000087700000, 0x0000000087800000, 0x0000000087800000|100%| O|  |TAMS 0x0000000087800000, 0x0000000087700000| Untracked 
|  68|0x0000000087800000, 0x0000000087900000, 0x0000000087900000|100%| O|  |TAMS 0x0000000087900000, 0x0000000087800000| Complete 
|  69|0x0000000087900000, 0x0000000087a00000, 0x0000000087a00000|100%| O|  |TAMS 0x0000000087a00000, 0x0000000087900000| Untracked 
|  70|0x0000000087a00000, 0x0000000087b00000, 0x0000000087b00000|100%| O|  |TAMS 0x0000000087b00000, 0x0000000087a00000| Untracked 
|  71|0x0000000087b00000, 0x0000000087c00000, 0x0000000087c00000|100%| O|  |TAMS 0x0000000087c00000, 0x0000000087b00000| Complete 
|  72|0x0000000087c00000, 0x0000000087d00000, 0x0000000087d00000|100%| O|  |TAMS 0x0000000087d00000, 0x0000000087c00000| Untracked 
|  73|0x0000000087d00000, 0x0000000087e00000, 0x0000000087e00000|100%| O|  |TAMS 0x0000000087e00000, 0x0000000087d00000| Complete 
|  74|0x0000000087e00000, 0x0000000087f00000, 0x0000000087f00000|100%| O|  |TAMS 0x0000000087f00000, 0x0000000087e00000| Untracked 
|  75|0x0000000087f00000, 0x0000000088000000, 0x0000000088000000|100%| O|  |TAMS 0x0000000088000000, 0x0000000087f00000| Untracked 
|  76|0x0000000088000000, 0x0000000088100000, 0x0000000088100000|100%| O|  |TAMS 0x0000000088100000, 0x0000000088000000| Untracked 
|  77|0x0000000088100000, 0x0000000088200000, 0x0000000088200000|100%| O|  |TAMS 0x0000000088200000, 0x0000000088100000| Untracked 
|  78|0x0000000088200000, 0x0000000088300000, 0x0000000088300000|100%| O|  |TAMS 0x0000000088300000, 0x0000000088200000| Untracked 
|  79|0x0000000088300000, 0x0000000088400000, 0x0000000088400000|100%| O|  |TAMS 0x0000000088400000, 0x0000000088300000| Untracked 
|  80|0x0000000088400000, 0x0000000088500000, 0x0000000088500000|100%| O|  |TAMS 0x0000000088500000, 0x0000000088400000| Untracked 
|  81|0x0000000088500000, 0x0000000088600000, 0x0000000088600000|100%| O|  |TAMS 0x0000000088600000, 0x0000000088500000| Untracked 
|  82|0x0000000088600000, 0x0000000088700000, 0x0000000088700000|100%| O|  |TAMS 0x0000000088700000, 0x0000000088600000| Untracked 
|  83|0x0000000088700000, 0x0000000088800000, 0x0000000088800000|100%| O|  |TAMS 0x0000000088800000, 0x0000000088700000| Untracked 
|  84|0x0000000088800000, 0x0000000088900000, 0x0000000088900000|100%| O|  |TAMS 0x0000000088900000, 0x0000000088800000| Untracked 
|  85|0x0000000088900000, 0x0000000088a00000, 0x0000000088a00000|100%| O|  |TAMS 0x0000000088a00000, 0x0000000088900000| Untracked 
|  86|0x0000000088a00000, 0x0000000088b00000, 0x0000000088b00000|100%| O|  |TAMS 0x0000000088b00000, 0x0000000088a00000| Untracked 
|  87|0x0000000088b00000, 0x0000000088c00000, 0x0000000088c00000|100%| O|  |TAMS 0x0000000088c00000, 0x0000000088b00000| Untracked 
|  88|0x0000000088c00000, 0x0000000088d00000, 0x0000000088d00000|100%| O|  |TAMS 0x0000000088d00000, 0x0000000088c00000| Complete 
|  89|0x0000000088d00000, 0x0000000088e00000, 0x0000000088e00000|100%| O|  |TAMS 0x0000000088e00000, 0x0000000088d00000| Untracked 
|  90|0x0000000088e00000, 0x0000000088f00000, 0x0000000088f00000|100%| O|  |TAMS 0x0000000088f00000, 0x0000000088e00000| Untracked 
|  91|0x0000000088f00000, 0x0000000089000000, 0x0000000089000000|100%| O|  |TAMS 0x0000000089000000, 0x0000000088f00000| Untracked 
|  92|0x0000000089000000, 0x0000000089100000, 0x0000000089100000|100%| O|  |TAMS 0x0000000089100000, 0x0000000089000000| Untracked 
|  93|0x0000000089100000, 0x0000000089200000, 0x0000000089200000|100%| O|  |TAMS 0x0000000089200000, 0x0000000089100000| Untracked 
|  94|0x0000000089200000, 0x0000000089300000, 0x0000000089300000|100%| O|  |TAMS 0x0000000089300000, 0x0000000089200000| Untracked 
|  95|0x0000000089300000, 0x0000000089400000, 0x0000000089400000|100%| O|  |TAMS 0x0000000089400000, 0x0000000089300000| Untracked 
|  96|0x0000000089400000, 0x0000000089500000, 0x0000000089500000|100%| O|  |TAMS 0x0000000089500000, 0x0000000089400000| Complete 
|  97|0x0000000089500000, 0x0000000089600000, 0x0000000089600000|100%| O|  |TAMS 0x0000000089600000, 0x0000000089500000| Untracked 
|  98|0x0000000089600000, 0x0000000089700000, 0x0000000089700000|100%| O|  |TAMS 0x0000000089700000, 0x0000000089600000| Untracked 
|  99|0x0000000089700000, 0x0000000089800000, 0x0000000089800000|100%| O|  |TAMS 0x0000000089800000, 0x0000000089700000| Complete 
| 100|0x0000000089800000, 0x0000000089900000, 0x0000000089900000|100%| O|  |TAMS 0x0000000089900000, 0x0000000089800000| Untracked 
| 101|0x0000000089900000, 0x0000000089a00000, 0x0000000089a00000|100%| O|  |TAMS 0x0000000089a00000, 0x0000000089900000| Untracked 
| 102|0x0000000089a00000, 0x0000000089b00000, 0x0000000089b00000|100%| O|  |TAMS 0x0000000089b00000, 0x0000000089a00000| Complete 
| 103|0x0000000089b00000, 0x0000000089c00000, 0x0000000089c00000|100%| O|  |TAMS 0x0000000089c00000, 0x0000000089b00000| Complete 
| 104|0x0000000089c00000, 0x0000000089d00000, 0x0000000089d00000|100%| O|  |TAMS 0x0000000089d00000, 0x0000000089c00000| Untracked 
| 105|0x0000000089d00000, 0x0000000089e00000, 0x0000000089e00000|100%| O|  |TAMS 0x0000000089e00000, 0x0000000089d00000| Complete 
| 106|0x0000000089e00000, 0x0000000089f00000, 0x0000000089f00000|100%| O|  |TAMS 0x0000000089f00000, 0x0000000089e00000| Untracked 
| 107|0x0000000089f00000, 0x000000008a000000, 0x000000008a000000|100%| O|  |TAMS 0x000000008a000000, 0x0000000089f00000| Untracked 
| 108|0x000000008a000000, 0x000000008a100000, 0x000000008a100000|100%| O|  |TAMS 0x000000008a100000, 0x000000008a000000| Untracked 
| 109|0x000000008a100000, 0x000000008a200000, 0x000000008a200000|100%| O|  |TAMS 0x000000008a200000, 0x000000008a100000| Untracked 
| 110|0x000000008a200000, 0x000000008a300000, 0x000000008a300000|100%| O|  |TAMS 0x000000008a300000, 0x000000008a200000| Untracked 
| 111|0x000000008a300000, 0x000000008a400000, 0x000000008a400000|100%| O|  |TAMS 0x000000008a400000, 0x000000008a300000| Untracked 
| 112|0x000000008a400000, 0x000000008a500000, 0x000000008a500000|100%| O|  |TAMS 0x000000008a500000, 0x000000008a400000| Untracked 
| 113|0x000000008a500000, 0x000000008a600000, 0x000000008a600000|100%| O|  |TAMS 0x000000008a600000, 0x000000008a500000| Complete 
| 114|0x000000008a600000, 0x000000008a700000, 0x000000008a700000|100%| O|  |TAMS 0x000000008a700000, 0x000000008a600000| Untracked 
| 115|0x000000008a700000, 0x000000008a800000, 0x000000008a800000|100%| O|  |TAMS 0x000000008a800000, 0x000000008a700000| Untracked 
| 116|0x000000008a800000, 0x000000008a900000, 0x000000008a900000|100%| O|  |TAMS 0x000000008a900000, 0x000000008a800000| Untracked 
| 117|0x000000008a900000, 0x000000008aa00000, 0x000000008aa00000|100%| O|  |TAMS 0x000000008aa00000, 0x000000008a900000| Untracked 
| 118|0x000000008aa00000, 0x000000008ab00000, 0x000000008ab00000|100%| O|  |TAMS 0x000000008ab00000, 0x000000008aa00000| Complete 
| 119|0x000000008ab00000, 0x000000008ac00000, 0x000000008ac00000|100%| O|  |TAMS 0x000000008ac00000, 0x000000008ab00000| Complete 
| 120|0x000000008ac00000, 0x000000008ad00000, 0x000000008ad00000|100%| O|  |TAMS 0x000000008ad00000, 0x000000008ac00000| Untracked 
| 121|0x000000008ad00000, 0x000000008ae00000, 0x000000008ae00000|100%| O|  |TAMS 0x000000008ae00000, 0x000000008ad00000| Complete 
| 122|0x000000008ae00000, 0x000000008af00000, 0x000000008af00000|100%| O|  |TAMS 0x000000008af00000, 0x000000008ae00000| Untracked 
| 123|0x000000008af00000, 0x000000008b000000, 0x000000008b000000|100%| O|  |TAMS 0x000000008b000000, 0x000000008af00000| Untracked 
| 124|0x000000008b000000, 0x000000008b100000, 0x000000008b100000|100%| O|  |TAMS 0x000000008b100000, 0x000000008b000000| Untracked 
| 125|0x000000008b100000, 0x000000008b200000, 0x000000008b200000|100%| O|  |TAMS 0x000000008b200000, 0x000000008b100000| Untracked 
| 126|0x000000008b200000, 0x000000008b300000, 0x000000008b300000|100%| O|  |TAMS 0x000000008b300000, 0x000000008b200000| Complete 
| 127|0x000000008b300000, 0x000000008b400000, 0x000000008b400000|100%| O|  |TAMS 0x000000008b400000, 0x000000008b300000| Complete 
| 128|0x000000008b400000, 0x000000008b500000, 0x000000008b500000|100%| O|  |TAMS 0x000000008b500000, 0x000000008b400000| Complete 
| 129|0x000000008b500000, 0x000000008b600000, 0x000000008b600000|100%| O|  |TAMS 0x000000008b600000, 0x000000008b500000| Untracked 
| 130|0x000000008b600000, 0x000000008b700000, 0x000000008b700000|100%| O|  |TAMS 0x000000008b700000, 0x000000008b600000| Untracked 
| 131|0x000000008b700000, 0x000000008b800000, 0x000000008b800000|100%| O|  |TAMS 0x000000008b800000, 0x000000008b700000| Untracked 
| 132|0x000000008b800000, 0x000000008b900000, 0x000000008b900000|100%| O|  |TAMS 0x000000008b900000, 0x000000008b800000| Untracked 
| 133|0x000000008b900000, 0x000000008ba00000, 0x000000008ba00000|100%| O|  |TAMS 0x000000008ba00000, 0x000000008b900000| Complete 
| 134|0x000000008ba00000, 0x000000008bb00000, 0x000000008bb00000|100%| O|  |TAMS 0x000000008bb00000, 0x000000008ba00000| Complete 
| 135|0x000000008bb00000, 0x000000008bc00000, 0x000000008bc00000|100%| O|  |TAMS 0x000000008bc00000, 0x000000008bb00000| Untracked 
| 136|0x000000008bc00000, 0x000000008bd00000, 0x000000008bd00000|100%| O|  |TAMS 0x000000008bd00000, 0x000000008bc00000| Complete 
| 137|0x000000008bd00000, 0x000000008be00000, 0x000000008be00000|100%| O|  |TAMS 0x000000008be00000, 0x000000008bd00000| Untracked 
| 138|0x000000008be00000, 0x000000008bf00000, 0x000000008bf00000|100%| O|  |TAMS 0x000000008bf00000, 0x000000008be00000| Untracked 
| 139|0x000000008bf00000, 0x000000008c000000, 0x000000008c000000|100%| O|  |TAMS 0x000000008c000000, 0x000000008bf00000| Untracked 
| 140|0x000000008c000000, 0x000000008c100000, 0x000000008c100000|100%| O|  |TAMS 0x000000008c100000, 0x000000008c000000| Untracked 
| 141|0x000000008c100000, 0x000000008c200000, 0x000000008c200000|100%| O|  |TAMS 0x000000008c200000, 0x000000008c100000| Complete 
| 142|0x000000008c200000, 0x000000008c300000, 0x000000008c300000|100%| O|  |TAMS 0x000000008c300000, 0x000000008c200000| Untracked 
| 143|0x000000008c300000, 0x000000008c400000, 0x000000008c400000|100%| O|  |TAMS 0x000000008c400000, 0x000000008c300000| Complete 
| 144|0x000000008c400000, 0x000000008c500000, 0x000000008c500000|100%| O|  |TAMS 0x000000008c500000, 0x000000008c400000| Complete 
| 145|0x000000008c500000, 0x000000008c600000, 0x000000008c600000|100%| O|  |TAMS 0x000000008c600000, 0x000000008c500000| Untracked 
| 146|0x000000008c600000, 0x000000008c700000, 0x000000008c700000|100%| O|  |TAMS 0x000000008c700000, 0x000000008c600000| Untracked 
| 147|0x000000008c700000, 0x000000008c800000, 0x000000008c800000|100%| O|  |TAMS 0x000000008c800000, 0x000000008c700000| Complete 
| 148|0x000000008c800000, 0x000000008c900000, 0x000000008c900000|100%| O|  |TAMS 0x000000008c900000, 0x000000008c800000| Untracked 
| 149|0x000000008c900000, 0x000000008ca00000, 0x000000008ca00000|100%| O|  |TAMS 0x000000008ca00000, 0x000000008c900000| Untracked 
| 150|0x000000008ca00000, 0x000000008cb00000, 0x000000008cb00000|100%| O|  |TAMS 0x000000008cb00000, 0x000000008ca00000| Untracked 
| 151|0x000000008cb00000, 0x000000008cc00000, 0x000000008cc00000|100%| O|  |TAMS 0x000000008cc00000, 0x000000008cb00000| Untracked 
| 152|0x000000008cc00000, 0x000000008cd00000, 0x000000008cd00000|100%| O|  |TAMS 0x000000008cd00000, 0x000000008cc00000| Untracked 
| 153|0x000000008cd00000, 0x000000008ce00000, 0x000000008ce00000|100%| O|  |TAMS 0x000000008ce00000, 0x000000008cd00000| Untracked 
| 154|0x000000008ce00000, 0x000000008cf00000, 0x000000008cf00000|100%| O|  |TAMS 0x000000008cf00000, 0x000000008ce00000| Untracked 
| 155|0x000000008cf00000, 0x000000008d000000, 0x000000008d000000|100%| O|  |TAMS 0x000000008d000000, 0x000000008cf00000| Untracked 
| 156|0x000000008d000000, 0x000000008d100000, 0x000000008d100000|100%| O|  |TAMS 0x000000008d100000, 0x000000008d000000| Untracked 
| 157|0x000000008d100000, 0x000000008d200000, 0x000000008d200000|100%| O|  |TAMS 0x000000008d200000, 0x000000008d100000| Untracked 
| 158|0x000000008d200000, 0x000000008d300000, 0x000000008d300000|100%| O|  |TAMS 0x000000008d300000, 0x000000008d200000| Untracked 
| 159|0x000000008d300000, 0x000000008d400000, 0x000000008d400000|100%| O|  |TAMS 0x000000008d400000, 0x000000008d300000| Complete 
| 160|0x000000008d400000, 0x000000008d500000, 0x000000008d500000|100%| O|  |TAMS 0x000000008d500000, 0x000000008d400000| Untracked 
| 161|0x000000008d500000, 0x000000008d600000, 0x000000008d600000|100%| O|  |TAMS 0x000000008d600000, 0x000000008d500000| Untracked 
| 162|0x000000008d600000, 0x000000008d700000, 0x000000008d700000|100%| O|  |TAMS 0x000000008d700000, 0x000000008d600000| Untracked 
| 163|0x000000008d700000, 0x000000008d800000, 0x000000008d800000|100%| O|  |TAMS 0x000000008d800000, 0x000000008d700000| Untracked 
| 164|0x000000008d800000, 0x000000008d900000, 0x000000008d900000|100%| O|  |TAMS 0x000000008d900000, 0x000000008d800000| Untracked 
| 165|0x000000008d900000, 0x000000008da00000, 0x000000008da00000|100%| O|  |TAMS 0x000000008da00000, 0x000000008d900000| Complete 
| 166|0x000000008da00000, 0x000000008db00000, 0x000000008db00000|100%| O|  |TAMS 0x000000008db00000, 0x000000008da00000| Untracked 
| 167|0x000000008db00000, 0x000000008dc00000, 0x000000008dc00000|100%| O|  |TAMS 0x000000008dc00000, 0x000000008db00000| Untracked 
| 168|0x000000008dc00000, 0x000000008dd00000, 0x000000008dd00000|100%| O|  |TAMS 0x000000008dd00000, 0x000000008dc00000| Untracked 
| 169|0x000000008dd00000, 0x000000008de00000, 0x000000008de00000|100%| O|  |TAMS 0x000000008de00000, 0x000000008dd00000| Untracked 
| 170|0x000000008de00000, 0x000000008df00000, 0x000000008df00000|100%| O|  |TAMS 0x000000008df00000, 0x000000008de00000| Untracked 
| 171|0x000000008df00000, 0x000000008e000000, 0x000000008e000000|100%| O|  |TAMS 0x000000008e000000, 0x000000008df00000| Untracked 
| 172|0x000000008e000000, 0x000000008e100000, 0x000000008e100000|100%| O|  |TAMS 0x000000008e100000, 0x000000008e000000| Untracked 
| 173|0x000000008e100000, 0x000000008e200000, 0x000000008e200000|100%| O|  |TAMS 0x000000008e200000, 0x000000008e100000| Untracked 
| 174|0x000000008e200000, 0x000000008e300000, 0x000000008e300000|100%| O|  |TAMS 0x000000008e300000, 0x000000008e200000| Complete 
| 175|0x000000008e300000, 0x000000008e400000, 0x000000008e400000|100%| O|  |TAMS 0x000000008e400000, 0x000000008e300000| Untracked 
| 176|0x000000008e400000, 0x000000008e500000, 0x000000008e500000|100%| O|  |TAMS 0x000000008e500000, 0x000000008e400000| Untracked 
| 177|0x000000008e500000, 0x000000008e600000, 0x000000008e600000|100%| O|  |TAMS 0x000000008e600000, 0x000000008e500000| Untracked 
| 178|0x000000008e600000, 0x000000008e700000, 0x000000008e700000|100%| O|  |TAMS 0x000000008e700000, 0x000000008e600000| Untracked 
| 179|0x000000008e700000, 0x000000008e800000, 0x000000008e800000|100%| O|  |TAMS 0x000000008e800000, 0x000000008e700000| Complete 
| 180|0x000000008e800000, 0x000000008e900000, 0x000000008e900000|100%| O|  |TAMS 0x000000008e900000, 0x000000008e800000| Complete 
| 181|0x000000008e900000, 0x000000008ea00000, 0x000000008ea00000|100%| O|  |TAMS 0x000000008ea00000, 0x000000008e900000| Untracked 
| 182|0x000000008ea00000, 0x000000008eb00000, 0x000000008eb00000|100%| O|  |TAMS 0x000000008eb00000, 0x000000008ea00000| Untracked 
| 183|0x000000008eb00000, 0x000000008ec00000, 0x000000008ec00000|100%| O|  |TAMS 0x000000008ec00000, 0x000000008eb00000| Untracked 
| 184|0x000000008ec00000, 0x000000008ed00000, 0x000000008ed00000|100%| O|  |TAMS 0x000000008ed00000, 0x000000008ec00000| Untracked 
| 185|0x000000008ed00000, 0x000000008ee00000, 0x000000008ee00000|100%| O|  |TAMS 0x000000008ee00000, 0x000000008ed00000| Untracked 
| 186|0x000000008ee00000, 0x000000008ef00000, 0x000000008ef00000|100%|HS|  |TAMS 0x000000008ef00000, 0x000000008ee00000| Complete 
| 187|0x000000008ef00000, 0x000000008f000000, 0x000000008f000000|100%|HC|  |TAMS 0x000000008f000000, 0x000000008ef00000| Complete 
| 188|0x000000008f000000, 0x000000008f100000, 0x000000008f100000|100%|HC|  |TAMS 0x000000008f100000, 0x000000008f000000| Complete 
| 189|0x000000008f100000, 0x000000008f200000, 0x000000008f200000|100%|HC|  |TAMS 0x000000008f200000, 0x000000008f100000| Complete 
| 190|0x000000008f200000, 0x000000008f300000, 0x000000008f300000|100%|HC|  |TAMS 0x000000008f300000, 0x000000008f200000| Complete 
| 191|0x000000008f300000, 0x000000008f400000, 0x000000008f400000|100%| O|  |TAMS 0x000000008f400000, 0x000000008f300000| Untracked 
| 192|0x000000008f400000, 0x000000008f500000, 0x000000008f500000|100%| O|  |TAMS 0x000000008f500000, 0x000000008f400000| Untracked 
| 193|0x000000008f500000, 0x000000008f600000, 0x000000008f600000|100%| O|  |TAMS 0x000000008f600000, 0x000000008f500000| Complete 
| 194|0x000000008f600000, 0x000000008f700000, 0x000000008f700000|100%| O|  |TAMS 0x000000008f700000, 0x000000008f600000| Untracked 
| 195|0x000000008f700000, 0x000000008f800000, 0x000000008f800000|100%| O|  |TAMS 0x000000008f800000, 0x000000008f700000| Untracked 
| 196|0x000000008f800000, 0x000000008f900000, 0x000000008f900000|100%| O|  |TAMS 0x000000008f900000, 0x000000008f800000| Untracked 
| 197|0x000000008f900000, 0x000000008fa00000, 0x000000008fa00000|100%| O|  |TAMS 0x000000008fa00000, 0x000000008f900000| Complete 
| 198|0x000000008fa00000, 0x000000008fb00000, 0x000000008fb00000|100%| O|  |TAMS 0x000000008fb00000, 0x000000008fa00000| Untracked 
| 199|0x000000008fb00000, 0x000000008fc00000, 0x000000008fc00000|100%| O|  |TAMS 0x000000008fc00000, 0x000000008fb00000| Untracked 
| 200|0x000000008fc00000, 0x000000008fd00000, 0x000000008fd00000|100%| O|  |TAMS 0x000000008fd00000, 0x000000008fc00000| Untracked 
| 201|0x000000008fd00000, 0x000000008fe00000, 0x000000008fe00000|100%| O|  |TAMS 0x000000008fe00000, 0x000000008fd00000| Untracked 
| 202|0x000000008fe00000, 0x000000008ff00000, 0x000000008ff00000|100%| O|  |TAMS 0x000000008ff00000, 0x000000008fe00000| Complete 
| 203|0x000000008ff00000, 0x0000000090000000, 0x0000000090000000|100%| O|  |TAMS 0x0000000090000000, 0x000000008ff00000| Untracked 
| 204|0x0000000090000000, 0x0000000090100000, 0x0000000090100000|100%| O|  |TAMS 0x0000000090100000, 0x0000000090000000| Untracked 
| 205|0x0000000090100000, 0x0000000090200000, 0x0000000090200000|100%| O|  |TAMS 0x0000000090200000, 0x0000000090100000| Complete 
| 206|0x0000000090200000, 0x0000000090300000, 0x0000000090300000|100%| O|  |TAMS 0x0000000090200000, 0x0000000090200000| Untracked 
| 207|0x0000000090300000, 0x0000000090400000, 0x0000000090400000|100%| O|  |TAMS 0x0000000090300000, 0x0000000090300000| Untracked 
| 208|0x0000000090400000, 0x0000000090500000, 0x0000000090500000|100%| O|  |TAMS 0x0000000090400000, 0x0000000090400000| Untracked 
| 209|0x0000000090500000, 0x0000000090600000, 0x0000000090600000|100%| O|  |TAMS 0x0000000090500000, 0x0000000090500000| Untracked 
| 210|0x0000000090600000, 0x0000000090700000, 0x0000000090700000|100%| O|  |TAMS 0x0000000090600000, 0x0000000090600000| Untracked 
| 211|0x0000000090700000, 0x0000000090800000, 0x0000000090800000|100%| O|  |TAMS 0x0000000090700000, 0x0000000090700000| Untracked 
| 212|0x0000000090800000, 0x0000000090900000, 0x0000000090900000|100%| O|  |TAMS 0x0000000090800000, 0x0000000090800000| Untracked 
| 213|0x0000000090900000, 0x0000000090a00000, 0x0000000090a00000|100%| S|CS|TAMS 0x0000000090900000, 0x0000000090900000| Complete 
| 214|0x0000000090a00000, 0x0000000090b00000, 0x0000000090b00000|100%| O|  |TAMS 0x0000000090a00000, 0x0000000090a00000| Untracked 
| 215|0x0000000090b00000, 0x0000000090b00000, 0x0000000090c00000|  0%| F|  |TAMS 0x0000000090b00000, 0x0000000090b00000| Untracked 
| 216|0x0000000090c00000, 0x0000000090c00000, 0x0000000090d00000|  0%| F|  |TAMS 0x0000000090c00000, 0x0000000090c00000| Untracked 
| 217|0x0000000090d00000, 0x0000000090d00000, 0x0000000090e00000|  0%| F|  |TAMS 0x0000000090d00000, 0x0000000090d00000| Untracked 
| 218|0x0000000090e00000, 0x0000000090f00000, 0x0000000090f00000|100%| O|  |TAMS 0x0000000090f00000, 0x0000000090e00000| Complete 
| 219|0x0000000090f00000, 0x0000000091000000, 0x0000000091000000|100%| O|  |TAMS 0x0000000091000000, 0x0000000090f00000| Complete 
| 220|0x0000000091000000, 0x0000000091100000, 0x0000000091100000|100%| O|  |TAMS 0x000000009109ec08, 0x0000000091000000| Complete 
| 221|0x0000000091100000, 0x0000000091200000, 0x0000000091200000|100%| O|  |TAMS 0x0000000091100000, 0x0000000091100000| Untracked 
| 222|0x0000000091200000, 0x0000000091300000, 0x0000000091300000|100%| O|  |TAMS 0x0000000091200000, 0x0000000091200000| Untracked 
| 223|0x0000000091300000, 0x0000000091300000, 0x0000000091400000|  0%| F|  |TAMS 0x0000000091300000, 0x0000000091300000| Untracked 
| 224|0x0000000091400000, 0x0000000091500000, 0x0000000091500000|100%| O|  |TAMS 0x0000000091400000, 0x0000000091400000| Untracked 
| 225|0x0000000091500000, 0x0000000091600000, 0x0000000091600000|100%| O|  |TAMS 0x0000000091500000, 0x0000000091500000| Untracked 
| 226|0x0000000091600000, 0x0000000091700000, 0x0000000091700000|100%| O|  |TAMS 0x0000000091600000, 0x0000000091600000| Untracked 
| 227|0x0000000091700000, 0x0000000091700000, 0x0000000091800000|  0%| F|  |TAMS 0x0000000091700000, 0x0000000091700000| Untracked 
| 228|0x0000000091800000, 0x0000000091900000, 0x0000000091900000|100%| O|  |TAMS 0x0000000091800000, 0x0000000091800000| Untracked 
| 229|0x0000000091900000, 0x0000000091a00000, 0x0000000091a00000|100%| O|  |TAMS 0x0000000091900000, 0x0000000091900000| Untracked 
| 230|0x0000000091a00000, 0x0000000091a00000, 0x0000000091b00000|  0%| F|  |TAMS 0x0000000091a00000, 0x0000000091a00000| Untracked 
| 231|0x0000000091b00000, 0x0000000091c00000, 0x0000000091c00000|100%| O|  |TAMS 0x0000000091b00000, 0x0000000091b00000| Untracked 
| 232|0x0000000091c00000, 0x0000000091d00000, 0x0000000091d00000|100%| O|  |TAMS 0x0000000091c00000, 0x0000000091c00000| Untracked 
| 233|0x0000000091d00000, 0x0000000091e00000, 0x0000000091e00000|100%| O|  |TAMS 0x0000000091d00000, 0x0000000091d00000| Untracked 
| 234|0x0000000091e00000, 0x0000000091e00000, 0x0000000091f00000|  0%| F|  |TAMS 0x0000000091e00000, 0x0000000091e00000| Untracked 
| 235|0x0000000091f00000, 0x0000000092000000, 0x0000000092000000|100%| O|  |TAMS 0x0000000091f00000, 0x0000000091f00000| Untracked 
| 236|0x0000000092000000, 0x0000000092100000, 0x0000000092100000|100%| O|  |TAMS 0x0000000092000000, 0x0000000092000000| Untracked 
| 237|0x0000000092100000, 0x0000000092200000, 0x0000000092200000|100%| O|  |TAMS 0x0000000092100000, 0x0000000092100000| Untracked 
| 238|0x0000000092200000, 0x0000000092200000, 0x0000000092300000|  0%| F|  |TAMS 0x0000000092200000, 0x0000000092200000| Untracked 
| 239|0x0000000092300000, 0x0000000092400000, 0x0000000092400000|100%| O|  |TAMS 0x0000000092300000, 0x0000000092300000| Untracked 
| 240|0x0000000092400000, 0x0000000092500000, 0x0000000092500000|100%| O|  |TAMS 0x0000000092400000, 0x0000000092400000| Untracked 
| 241|0x0000000092500000, 0x0000000092600000, 0x0000000092600000|100%| O|  |TAMS 0x0000000092500000, 0x0000000092500000| Untracked 
| 242|0x0000000092600000, 0x0000000092600000, 0x0000000092700000|  0%| F|  |TAMS 0x0000000092600000, 0x0000000092600000| Untracked 
| 243|0x0000000092700000, 0x0000000092800000, 0x0000000092800000|100%| O|  |TAMS 0x0000000092700000, 0x0000000092700000| Untracked 
| 244|0x0000000092800000, 0x0000000092900000, 0x0000000092900000|100%| O|  |TAMS 0x0000000092800000, 0x0000000092800000| Untracked 
| 245|0x0000000092900000, 0x0000000092a00000, 0x0000000092a00000|100%| O|  |TAMS 0x0000000092900000, 0x0000000092900000| Untracked 
| 246|0x0000000092a00000, 0x0000000092b00000, 0x0000000092b00000|100%| O|  |TAMS 0x0000000092a00000, 0x0000000092a00000| Untracked 
| 247|0x0000000092b00000, 0x0000000092b00000, 0x0000000092c00000|  0%| F|  |TAMS 0x0000000092b00000, 0x0000000092b00000| Untracked 
| 248|0x0000000092c00000, 0x0000000092d00000, 0x0000000092d00000|100%| O|  |TAMS 0x0000000092c00000, 0x0000000092c00000| Untracked 
| 249|0x0000000092d00000, 0x0000000092e00000, 0x0000000092e00000|100%| O|  |TAMS 0x0000000092d00000, 0x0000000092d00000| Untracked 
| 250|0x0000000092e00000, 0x0000000092f00000, 0x0000000092f00000|100%| O|  |TAMS 0x0000000092e00000, 0x0000000092e00000| Untracked 
| 251|0x0000000092f00000, 0x0000000093000000, 0x0000000093000000|100%| O|  |TAMS 0x0000000092f00000, 0x0000000092f00000| Untracked 
| 252|0x0000000093000000, 0x0000000093000000, 0x0000000093100000|  0%| F|  |TAMS 0x0000000093000000, 0x0000000093000000| Untracked 
| 253|0x0000000093100000, 0x0000000093200000, 0x0000000093200000|100%| O|  |TAMS 0x0000000093100000, 0x0000000093100000| Untracked 
| 254|0x0000000093200000, 0x0000000093300000, 0x0000000093300000|100%| O|  |TAMS 0x0000000093200000, 0x0000000093200000| Untracked 
| 255|0x0000000093300000, 0x0000000093400000, 0x0000000093400000|100%| O|  |TAMS 0x0000000093300000, 0x0000000093300000| Untracked 
| 256|0x0000000093400000, 0x0000000093400000, 0x0000000093500000|  0%| F|  |TAMS 0x0000000093400000, 0x0000000093400000| Untracked 
| 257|0x0000000093500000, 0x0000000093600000, 0x0000000093600000|100%| O|  |TAMS 0x0000000093500000, 0x0000000093500000| Untracked 
| 258|0x0000000093600000, 0x0000000093700000, 0x0000000093700000|100%| O|  |TAMS 0x0000000093600000, 0x0000000093600000| Untracked 
| 259|0x0000000093700000, 0x0000000093800000, 0x0000000093800000|100%| O|  |TAMS 0x0000000093700000, 0x0000000093700000| Untracked 
| 260|0x0000000093800000, 0x0000000093900000, 0x0000000093900000|100%| O|  |TAMS 0x0000000093800000, 0x0000000093800000| Untracked 
| 261|0x0000000093900000, 0x0000000093900000, 0x0000000093a00000|  0%| F|  |TAMS 0x0000000093900000, 0x0000000093900000| Untracked 
| 262|0x0000000093a00000, 0x0000000093b00000, 0x0000000093b00000|100%| O|  |TAMS 0x0000000093a00000, 0x0000000093a00000| Untracked 
| 263|0x0000000093b00000, 0x0000000093c00000, 0x0000000093c00000|100%| O|  |TAMS 0x0000000093b00000, 0x0000000093b00000| Untracked 
| 264|0x0000000093c00000, 0x0000000093d00000, 0x0000000093d00000|100%| O|  |TAMS 0x0000000093c00000, 0x0000000093c00000| Untracked 
| 265|0x0000000093d00000, 0x0000000093e00000, 0x0000000093e00000|100%| O|  |TAMS 0x0000000093d00000, 0x0000000093d00000| Untracked 
| 266|0x0000000093e00000, 0x0000000093f00000, 0x0000000093f00000|100%| S|CS|TAMS 0x0000000093e00000, 0x0000000093e00000| Complete 
| 267|0x0000000093f00000, 0x0000000094000000, 0x0000000094000000|100%| O|  |TAMS 0x0000000093f00000, 0x0000000093f00000| Untracked 
| 268|0x0000000094000000, 0x0000000094100000, 0x0000000094100000|100%| O|  |TAMS 0x0000000094000000, 0x0000000094000000| Untracked 
| 269|0x0000000094100000, 0x0000000094183600, 0x0000000094200000| 51%| O|  |TAMS 0x0000000094100000, 0x0000000094100000| Untracked 

Card table byte_map: [0x00000201fddd0000,0x00000201fe1c0000] _byte_map_base: 0x00000201fd9b6000

Marking Bits (Prev, Next): (CMBitMap*) 0x00000201f4145e48, (CMBitMap*) 0x00000201f4145e80
 Prev Bits: [0x000002018f000000, 0x0000020190f30000)
 Next Bits: [0x0000020190f30000, 0x0000020192e60000)

Polling page: 0x00000201f41f0000

Metaspace:

Usage:
  Non-class:     14.52 MB capacity,    14.28 MB ( 98%) used,   201.63 KB (  1%) free+waste,    45.50 KB ( <1%) overhead. 
      Class:      1.86 MB capacity,     1.66 MB ( 89%) used,   181.64 KB ( 10%) free+waste,    24.56 KB (  1%) overhead. 
       Both:     16.38 MB capacity,    15.94 MB ( 97%) used,   383.27 KB (  2%) free+waste,    70.06 KB ( <1%) overhead. 

Virtual space:
  Non-class space:       16.00 MB reserved,      14.75 MB ( 92%) committed 
      Class space:        1.00 GB reserved,       1.88 MB ( <1%) committed 
             Both:        1.02 GB reserved,      16.63 MB (  2%) committed 

Chunk freelists:
   Non-Class:  5.25 KB
       Class:  2.38 KB
        Both:  7.63 KB

CodeHeap 'non-profiled nmethods': size=120000Kb used=739Kb max_used=739Kb free=119260Kb
 bounds [0x0000020187ad0000, 0x0000020187d40000, 0x000002018f000000]
CodeHeap 'profiled nmethods': size=120000Kb used=3969Kb max_used=3969Kb free=116030Kb
 bounds [0x00000201805a0000, 0x0000020180990000, 0x0000020187ad0000]
CodeHeap 'non-nmethods': size=5760Kb used=1215Kb max_used=1237Kb free=4544Kb
 bounds [0x0000020180000000, 0x0000020180270000, 0x00000201805a0000]
 total_blobs=2620 nmethods=2050 adapters=481
 compilation: enabled
              stopped_count=0, restarted_count=0
 full_count=0

Compilation events (10 events):
Event: 91.699 Thread 0x00000201ff0cf000 2048       3       java.lang.StringUTF16::lastIndexOf (47 bytes)
Event: 91.699 Thread 0x00000201ff0cf000 nmethod 2048 0x000002018097e590 code [0x000002018097e760, 0x000002018097ea68]
Event: 91.699 Thread 0x00000201ff0cf000 2047       3       java.lang.StringUTF16::checkIndex (9 bytes)
Event: 91.700 Thread 0x00000201ff0cf000 nmethod 2047 0x000002018097eb90 code [0x000002018097ed40, 0x000002018097eea8]
Event: 92.137 Thread 0x00000201ff0cf000 2049       3       java.io.PrintStream::print (9 bytes)
Event: 92.137 Thread 0x00000201ff0cf000 nmethod 2049 0x000002018097ef90 code [0x000002018097f140, 0x000002018097f388]
Event: 92.142 Thread 0x00000201ff0cf000 2050   !   3       java.io.PrintStream::println (31 bytes)
Event: 92.143 Thread 0x00000201ff0cf000 nmethod 2050 0x000002018097f490 code [0x000002018097f680, 0x000002018097fcd8]
Event: 92.656 Thread 0x00000201ff0cf000 2051       3       java.lang.StringUTF16::compress (59 bytes)
Event: 92.656 Thread 0x00000201ff0cf000 nmethod 2051 0x000002018097ff90 code [0x0000020180980160, 0x00000201809804a8]

GC Heap History (10 events):
Event: 96.686 GC heap after
{Heap after GC invocations=68 (full 0):
 garbage-first heap   total 257024K, used 244605K [0x0000000083400000, 0x0000000100000000)
  region size 1024K, 2 young (2048K), 2 survivors (2048K)
 Metaspace       used 16317K, capacity 16771K, committed 17024K, reserved 1064960K
  class space    used 1694K, capacity 1901K, committed 1920K, reserved 1048576K
}
Event: 96.688 GC heap before
{Heap before GC invocations=68 (full 0):
 garbage-first heap   total 257024K, used 254845K [0x0000000083400000, 0x0000000100000000)
  region size 1024K, 12 young (12288K), 2 survivors (2048K)
 Metaspace       used 16317K, capacity 16771K, committed 17024K, reserved 1064960K
  class space    used 1694K, capacity 1901K, committed 1920K, reserved 1048576K
}
Event: 96.691 GC heap after
{Heap after GC invocations=69 (full 0):
 garbage-first heap   total 262144K, used 249236K [0x0000000083400000, 0x0000000100000000)
  region size 1024K, 2 young (2048K), 2 survivors (2048K)
 Metaspace       used 16317K, capacity 16771K, committed 17024K, reserved 1064960K
  class space    used 1694K, capacity 1901K, committed 1920K, reserved 1048576K
}
Event: 96.692 GC heap before
{Heap before GC invocations=69 (full 0):
 garbage-first heap   total 262144K, used 259476K [0x0000000083400000, 0x0000000100000000)
  region size 1024K, 12 young (12288K), 2 survivors (2048K)
 Metaspace       used 16317K, capacity 16771K, committed 17024K, reserved 1064960K
  class space    used 1694K, capacity 1901K, committed 1920K, reserved 1048576K
}
Event: 96.696 GC heap after
{Heap after GC invocations=70 (full 0):
 garbage-first heap   total 266240K, used 253842K [0x0000000083400000, 0x0000000100000000)
  region size 1024K, 2 young (2048K), 2 survivors (2048K)
 Metaspace       used 16317K, capacity 16771K, committed 17024K, reserved 1064960K
  class space    used 1694K, capacity 1901K, committed 1920K, reserved 1048576K
}
Event: 96.701 GC heap before
{Heap before GC invocations=70 (full 0):
 garbage-first heap   total 266240K, used 265106K [0x0000000083400000, 0x0000000100000000)
  region size 1024K, 13 young (13312K), 2 survivors (2048K)
 Metaspace       used 16317K, capacity 16771K, committed 17024K, reserved 1064960K
  class space    used 1694K, capacity 1901K, committed 1920K, reserved 1048576K
}
Event: 96.704 GC heap after
{Heap after GC invocations=71 (full 0):
 garbage-first heap   total 270336K, used 257024K [0x0000000083400000, 0x0000000100000000)
  region size 1024K, 2 young (2048K), 2 survivors (2048K)
 Metaspace       used 16317K, capacity 16771K, committed 17024K, reserved 1064960K
  class space    used 1694K, capacity 1901K, committed 1920K, reserved 1048576K
}
Event: 96.716 GC heap before
{Heap before GC invocations=71 (full 0):
 garbage-first heap   total 270336K, used 268288K [0x0000000083400000, 0x0000000100000000)
  region size 1024K, 13 young (13312K), 2 survivors (2048K)
 Metaspace       used 16317K, capacity 16771K, committed 17024K, reserved 1064960K
  class space    used 1694K, capacity 1901K, committed 1920K, reserved 1048576K
}
Event: 96.718 GC heap after
{Heap after GC invocations=72 (full 0):
 garbage-first heap   total 272384K, used 257577K [0x0000000083400000, 0x0000000100000000)
  region size 1024K, 1 young (1024K), 1 survivors (1024K)
 Metaspace       used 16317K, capacity 16771K, committed 17024K, reserved 1064960K
  class space    used 1694K, capacity 1901K, committed 1920K, reserved 1048576K
}
Event: 98.150 GC heap before
{Heap before GC invocations=73 (full 0):
 garbage-first heap   total 272384K, used 269865K [0x0000000083400000, 0x0000000100000000)
  region size 1024K, 13 young (13312K), 1 survivors (1024K)
 Metaspace       used 16317K, capacity 16771K, committed 17024K, reserved 1064960K
  class space    used 1694K, capacity 1901K, committed 1920K, reserved 1048576K
}

Deoptimization events (10 events):
Event: 9.266 Thread 0x00000201ffb33800 Uncommon trap: reason=unstable_if action=reinterpret pc=0x0000020187b5ed50 method=java.lang.String.lastIndexOf(II)I @ 4 c2
Event: 9.266 Thread 0x00000201ffb33800 Uncommon trap: reason=unstable_if action=reinterpret pc=0x0000020187b5cb9c method=java.lang.String.substring(I)Ljava/lang/String; @ 43 c2
Event: 9.381 Thread 0x00000201ffb33800 Uncommon trap: reason=unstable_if action=reinterpret pc=0x0000020187b5b264 method=java.lang.String.getChars(II[CI)V @ 23 c2
Event: 12.277 Thread 0x00000201ffb33800 Uncommon trap: reason=unstable_if action=reinterpret pc=0x0000020187b0ef1c method=java.lang.ref.ReferenceQueue.poll()Ljava/lang/ref/Reference; @ 4 c2
Event: 13.050 Thread 0x00000201ffb31000 Uncommon trap: reason=unstable_if action=reinterpret pc=0x0000020187b6f52c method=quantum3.fileChar.findOut(Ljava/lang/String;)V @ 285 c2
Event: 17.416 Thread 0x00000201ffb2f000 Uncommon trap: reason=unstable_if action=reinterpret pc=0x0000020187b67a94 method=quantum3.fileChar.findOut(Ljava/lang/String;)V @ 158 c2
Event: 86.372 Thread 0x00000201ffb2f800 Uncommon trap: reason=unstable_if action=reinterpret pc=0x0000020187b6bf54 method=java.lang.String.indexOf(II)I @ 4 c2
Event: 86.372 Thread 0x00000201ffb33000 Uncommon trap: reason=unstable_if action=reinterpret pc=0x0000020187b6f580 method=java.lang.String.indexOf(II)I @ 4 c2
Event: 86.372 Thread 0x00000201ffb2f000 Uncommon trap: reason=unstable_if action=reinterpret pc=0x0000020187b6bf54 method=java.lang.String.indexOf(II)I @ 4 c2
Event: 89.768 Thread 0x00000201ffb2f000 Uncommon trap: reason=unstable_if action=reinterpret pc=0x0000020187b63aa4 method=java.lang.String.indexOf(II)I @ 4 c2

Classes redefined (0 events):
No events

Internal exceptions (10 events):
Event: 0.539 Thread 0x00000201f4107800 Exception <a 'java/lang/ClassNotFoundException'{0x000000008acfb100}: com/sun/swing/internal/plaf/metal/resources/spi/metalProvider> (0x000000008acfb100) thrown at [./open/src/hotspot/share/classfile/systemDictionary.cpp, line 226]
Event: 0.541 Thread 0x00000201f4107800 Exception <a 'java/lang/ClassNotFoundException'{0x000000008acff0c8}: com/sun/swing/internal/plaf/basic/resources/spi/basicProvider> (0x000000008acff0c8) thrown at [./open/src/hotspot/share/classfile/systemDictionary.cpp, line 226]
Event: 0.723 Thread 0x00000201f4107800 Exception <a 'java/lang/NoSuchMethodError'{0x000000008aa133b8}: java.lang.invoke.DirectMethodHandle$Holder.invokeStaticInit(Ljava/lang/Object;)V> (0x000000008aa133b8) thrown at [./open/src/hotspot/share/interpreter/linkResolver.cpp, line 772]
Event: 0.787 Thread 0x00000201f4107800 Exception <a 'java/lang/NoSuchMethodError'{0x000000008a9192f0}: java.lang.invoke.DirectMethodHandle$Holder.invokeStatic(Ljava/lang/Object;Ljava/lang/Object;Ljava/lang/Object;Ljava/lang/Object;Ljava/lang/Object;Ljava/lang/Object;Ljava/lang/Object;Ljava/lan
Event: 0.793 Thread 0x00000201f4107800 Exception <a 'java/lang/NoSuchMethodError'{0x000000008a9374f0}: java.lang.invoke.DirectMethodHandle$Holder.invokeStatic(Ljava/lang/Object;Ljava/lang/Object;Ljava/lang/Object;Ljava/lang/Object;Ljava/lang/Object;Ljava/lang/Object;Ljava/lang/Object;Ljava/lan
Event: 0.801 Thread 0x00000201f4107800 Exception <a 'java/lang/NoSuchMethodError'{0x000000008a956480}: java.lang.invoke.DirectMethodHandle$Holder.invokeStatic(Ljava/lang/Object;Ljava/lang/Object;Ljava/lang/Object;Ljava/lang/Object;Ljava/lang/Object;Ljava/lang/Object;Ljava/lang/Object;Ljava/lan
Event: 0.806 Thread 0x00000201f4107800 Exception <a 'java/lang/NoSuchMethodError'{0x000000008a962430}: java.lang.invoke.Invokers$Holder.linkToTargetMethod(Ljava/lang/Object;ILjava/lang/Object;)Ljava/lang/Object;> (0x000000008a962430) thrown at [./open/src/hotspot/share/interpreter/linkResolver
Event: 0.853 Thread 0x0000020194f22000 Exception <a 'java/lang/NoSuchMethodError'{0x000000008ae8d9f0}: java.lang.invoke.DirectMethodHandle$Holder.invokeVirtual(Ljava/lang/Object;Ljava/lang/Object;)V> (0x000000008ae8d9f0) thrown at [./open/src/hotspot/share/interpreter/linkResolver.cpp, line 77
Event: 0.947 Thread 0x00000201953ed800 Exception <a 'java/lang/NoSuchMethodError'{0x000000008a844830}: java.lang.invoke.DirectMethodHandle$Holder.invokeStatic(Ljava/lang/Object;Ljava/lang/Object;Ljava/lang/Object;Ljava/lang/Object;Ljava/lang/Object;Ljava/lang/Object;Ljava/lang/Object;Ljava/lan
Event: 5.305 Thread 0x00000201953ed800 Exception <a 'java/lang/NoSuchMethodError'{0x0000000089a5b228}: java.lang.invoke.DirectMethodHandle$Holder.invokeSpecialIFC(Ljava/lang/Object;Ljava/lang/Object;I)I> (0x0000000089a5b228) thrown at [./open/src/hotspot/share/interpreter/linkResolver.cpp, lin

Events (10 events):
Event: 96.696 Executing VM operation: G1CollectForAllocation done
Event: 96.701 Executing VM operation: G1CollectForAllocation
Event: 96.704 Executing VM operation: G1CollectForAllocation done
Event: 96.716 Executing VM operation: G1CollectForAllocation
Event: 96.718 Executing VM operation: G1CollectForAllocation done
Event: 96.818 Executing VM operation: CGC_Operation
Event: 96.819 Executing VM operation: CGC_Operation done
Event: 96.901 Executing VM operation: CGC_Operation
Event: 96.901 Executing VM operation: CGC_Operation done
Event: 98.150 Executing VM operation: G1CollectForAllocation


Dynamic libraries:
0x00007ff7f3f30000 - 0x00007ff7f3f3f000 	C:\Program Files\Java\jdk-11.0.14\bin\javaw.exe
0x00007ff8cfc20000 - 0x00007ff8cfe29000 	C:\WINDOWS\SYSTEM32\ntdll.dll
0x00007ff8cf740000 - 0x00007ff8cf7fe000 	C:\WINDOWS\System32\KERNEL32.DLL
0x00007ff8cd370000 - 0x00007ff8cd6eb000 	C:\WINDOWS\System32\KERNELBASE.dll
0x00007ff8cd980000 - 0x00007ff8cda91000 	C:\WINDOWS\System32\ucrtbase.dll
0x00007ff8a4d70000 - 0x00007ff8a4d85000 	C:\Program Files\Java\jdk-11.0.14\bin\VCRUNTIME140.dll
0x00007ff8b61c0000 - 0x00007ff8b61d8000 	C:\Program Files\Java\jdk-11.0.14\bin\jli.dll
0x00007ff8cfb30000 - 0x00007ff8cfbde000 	C:\WINDOWS\System32\ADVAPI32.dll
0x00007ff8cf690000 - 0x00007ff8cf733000 	C:\WINDOWS\System32\msvcrt.dll
0x00007ff8ceb80000 - 0x00007ff8cec1e000 	C:\WINDOWS\System32\sechost.dll
0x00007ff8cf500000 - 0x00007ff8cf620000 	C:\WINDOWS\System32\RPCRT4.dll
0x00007ff8cdbd0000 - 0x00007ff8cdd7d000 	C:\WINDOWS\System32\USER32.dll
0x00007ff8cd6f0000 - 0x00007ff8cd716000 	C:\WINDOWS\System32\win32u.dll
0x00007ff8ce320000 - 0x00007ff8ce349000 	C:\WINDOWS\System32\GDI32.dll
0x00007ff8ae470000 - 0x00007ff8ae715000 	C:\WINDOWS\WinSxS\amd64_microsoft.windows.common-controls_6595b64144ccf1df_6.0.22000.120_none_9d947278b86cc467\COMCTL32.dll
0x00007ff8cd0f0000 - 0x00007ff8cd208000 	C:\WINDOWS\System32\gdi32full.dll
0x00007ff8cd2d0000 - 0x00007ff8cd36d000 	C:\WINDOWS\System32\msvcp_win.dll
0x00007ff8c4d20000 - 0x00007ff8c4d2a000 	C:\WINDOWS\SYSTEM32\VERSION.dll
0x00007ff8cdb90000 - 0x00007ff8cdbc2000 	C:\WINDOWS\System32\IMM32.DLL
0x00007ff89ccd0000 - 0x00007ff89cd6b000 	C:\Program Files\Java\jdk-11.0.14\bin\msvcp140.dll
0x00007ff888840000 - 0x00007ff889356000 	C:\Program Files\Java\jdk-11.0.14\bin\server\jvm.dll
0x00007ff8cf620000 - 0x00007ff8cf628000 	C:\WINDOWS\System32\PSAPI.DLL
0x00007ff8c9590000 - 0x00007ff8c9599000 	C:\WINDOWS\SYSTEM32\WSOCK32.dll
0x00007ff8c7bc0000 - 0x00007ff8c7bf3000 	C:\WINDOWS\SYSTEM32\WINMM.dll
0x00007ff8cf490000 - 0x00007ff8cf4ff000 	C:\WINDOWS\System32\WS2_32.dll
0x00007ff8cc1c0000 - 0x00007ff8cc1d8000 	C:\WINDOWS\SYSTEM32\kernel.appcore.dll
0x00007ff8c9520000 - 0x00007ff8c9530000 	C:\Program Files\Java\jdk-11.0.14\bin\verify.dll
0x00007ff8ca6e0000 - 0x00007ff8ca901000 	C:\WINDOWS\SYSTEM32\DBGHELP.DLL
0x00007ff8b1390000 - 0x00007ff8b13c1000 	C:\WINDOWS\SYSTEM32\dbgcore.DLL
0x00007ff8cd720000 - 0x00007ff8cd79f000 	C:\WINDOWS\System32\bcryptPrimitives.dll
0x00007ff89ec90000 - 0x00007ff89ecb8000 	C:\Program Files\Java\jdk-11.0.14\bin\java.dll
0x00007ff8c76a0000 - 0x00007ff8c76aa000 	C:\Program Files\Java\jdk-11.0.14\bin\jimage.dll
0x00007ff8a4990000 - 0x00007ff8a49a6000 	C:\Program Files\Java\jdk-11.0.14\bin\zip.dll
0x00007ff8cec30000 - 0x00007ff8cf3e8000 	C:\WINDOWS\System32\SHELL32.dll
0x00007ff8cb1a0000 - 0x00007ff8cba05000 	C:\WINDOWS\SYSTEM32\windows.storage.dll
0x00007ff8cdfa0000 - 0x00007ff8ce318000 	C:\WINDOWS\System32\combase.dll
0x00007ff8cb030000 - 0x00007ff8cb196000 	C:\WINDOWS\SYSTEM32\wintypes.dll
0x00007ff8cdaa0000 - 0x00007ff8cdb8a000 	C:\WINDOWS\System32\SHCORE.dll
0x00007ff8cdd90000 - 0x00007ff8cdded000 	C:\WINDOWS\System32\shlwapi.dll
0x00007ff8cd020000 - 0x00007ff8cd041000 	C:\WINDOWS\SYSTEM32\profapi.dll
0x00007ff88d070000 - 0x00007ff88d20a000 	C:\Program Files\Java\jdk-11.0.14\bin\awt.dll
0x00007ff8ce370000 - 0x00007ff8ce446000 	C:\WINDOWS\System32\OLEAUT32.dll
0x00007ff8ca250000 - 0x00007ff8ca2e2000 	C:\WINDOWS\SYSTEM32\apphelp.dll
0x00007ff8caa00000 - 0x00007ff8caa2f000 	C:\WINDOWS\system32\DWMAPI.DLL
0x00007ff8ca3f0000 - 0x00007ff8ca49c000 	C:\WINDOWS\system32\uxtheme.dll
0x00007ff8a5770000 - 0x00007ff8a5871000 	C:\WINDOWS\system32\opengl32.dll
0x00007ff8b8da0000 - 0x00007ff8b8dcd000 	C:\WINDOWS\SYSTEM32\GLU32.dll
0x00007ff8ca4d0000 - 0x00007ff8ca508000 	C:\WINDOWS\SYSTEM32\dxcore.dll
0x00007ff8cea60000 - 0x00007ff8ceb7d000 	C:\WINDOWS\System32\MSCTF.dll
0x00007ff8ce450000 - 0x00007ff8ce5ea000 	C:\WINDOWS\System32\ole32.dll
0x00007ff8a0760000 - 0x00007ff8a07e6000 	C:\Program Files\Java\jdk-11.0.14\bin\freetype.dll
0x00007ff89e290000 - 0x00007ff89e335000 	C:\Program Files\Java\jdk-11.0.14\bin\fontmanager.dll
0x00007ff8cdee0000 - 0x00007ff8cdf95000 	C:\WINDOWS\System32\clbcatq.dll
0x00007ff8c4b70000 - 0x00007ff8c4d1e000 	C:\WINDOWS\SYSTEM32\WindowsCodecs.dll
0x00007ff8a5710000 - 0x00007ff8a576d000 	C:\WINDOWS\system32\dataexchange.dll
0x00007ff8c6400000 - 0x00007ff8c6666000 	C:\WINDOWS\system32\twinapi.appcore.dll
0x00007ff8b9630000 - 0x00007ff8b975d000 	C:\WINDOWS\SYSTEM32\textinputframework.dll
0x00007ff8a5590000 - 0x00007ff8a55f9000 	C:\WINDOWS\system32\Oleacc.dll
0x00007ff891550000 - 0x00007ff89198d000 	C:\Windows\System32\uiautomationcore.dll
0x00007ff8cc770000 - 0x00007ff8cc799000 	C:\Windows\System32\USERENV.dll
0x00007ff8b7e50000 - 0x00007ff8b7e65000 	C:\Windows\System32\threadpoolwinrt.dll
0x00007ff8a2340000 - 0x00007ff8a2359000 	C:\Program Files\Java\jdk-11.0.14\bin\net.dll
0x00007ff8c8e50000 - 0x00007ff8c8f64000 	C:\WINDOWS\SYSTEM32\WINHTTP.dll
0x00007ff8cc680000 - 0x00007ff8cc6e7000 	C:\WINDOWS\system32\mswsock.dll
0x00007ff8a0590000 - 0x00007ff8a05a2000 	C:\Program Files\Java\jdk-11.0.14\bin\nio.dll
0x00007ff8c9f20000 - 0x00007ff8ca051000 	C:\WINDOWS\SYSTEM32\CoreMessaging.dll
0x00007ff8c5b70000 - 0x00007ff8c5edd000 	C:\WINDOWS\SYSTEM32\CoreUIComponents.dll
0x00007ff8cc8e0000 - 0x00007ff8cc8ec000 	C:\WINDOWS\SYSTEM32\CRYPTBASE.DLL
0x00007ff8b3630000 - 0x00007ff8b369a000 	C:\WINDOWS\system32\Ninput.dll
0x00007ff8c88d0000 - 0x00007ff8c89c7000 	C:\WINDOWS\SYSTEM32\PROPSYS.dll
0x00007ff8ccd70000 - 0x00007ff8ccdbc000 	C:\WINDOWS\SYSTEM32\CFGMGR32.dll
0x00007ff89c3a0000 - 0x00007ff89c3b8000 	C:\WINDOWS\system32\NetworkExplorer.dll
0x00007ff899fa0000 - 0x00007ff89a018000 	C:\Windows\System32\Windows.FileExplorer.Common.dll
0x00007ff8c8130000 - 0x00007ff8c83e3000 	C:\Windows\System32\iertutil.dll
0x00007ff8a5d50000 - 0x00007ff8a5e84000 	C:\Windows\System32\Windows.StateRepositoryPS.dll
0x00007ff8b8800000 - 0x00007ff8b883e000 	C:\WINDOWS\SYSTEM32\windows.staterepositoryclient.dll
0x00007ff898260000 - 0x00007ff898286000 	C:\WINDOWS\SYSTEM32\edputil.dll
0x00007ff89c460000 - 0x00007ff89c4b9000 	C:\WINDOWS\SYSTEM32\VAULTCLI.dll
0x00007ff8c8420000 - 0x00007ff8c8610000 	C:\WINDOWS\SYSTEM32\urlmon.dll
0x00007ff8c83f0000 - 0x00007ff8c8418000 	C:\WINDOWS\SYSTEM32\srvcli.dll
0x00007ff8cbd80000 - 0x00007ff8cbd8c000 	C:\WINDOWS\SYSTEM32\netutils.dll
0x00007ff8cc470000 - 0x00007ff8cc4b2000 	C:\WINDOWS\SYSTEM32\SspiCli.dll
0x00007ff8aa380000 - 0x00007ff8aa393000 	C:\WINDOWS\SYSTEM32\virtdisk.dll
0x00007ff8aa370000 - 0x00007ff8aa37b000 	C:\WINDOWS\SYSTEM32\FLTLIB.DLL
0x00007ff898230000 - 0x00007ff898252000 	C:\Windows\System32\cldapi.dll
0x00007ff89c570000 - 0x00007ff89c61c000 	C:\Windows\System32\appresolver.dll
0x00007ff89c2d0000 - 0x00007ff89c335000 	C:\Windows\System32\Bcp47Langs.dll
0x00007ff8c3da0000 - 0x00007ff8c45b7000 	C:\Windows\System32\OneCoreUAPCommonProxyStub.dll
0x00007ff8b8b60000 - 0x00007ff8b8b7d000 	C:\WINDOWS\SYSTEM32\MPR.dll
0x00007ff8b8460000 - 0x00007ff8b8476000 	C:\WINDOWS\SYSTEM32\pcacli.dll
0x00007ff865270000 - 0x00007ff865279000 	C:\WINDOWS\System32\sfc_os.dll
0x00007ff8cce70000 - 0x00007ff8ccf59000 	C:\WINDOWS\SYSTEM32\ServicingCommon.dll
0x00007ff8ce5f0000 - 0x00007ff8cea5c000 	C:\WINDOWS\System32\SETUPAPI.dll

dbghelp: loaded successfully - version: 4.0.5 - missing functions: none
symbol engine: initialized successfully - sym options: 0x614 - pdb path: .;C:\Program Files\Java\jdk-11.0.14\bin;C:\WINDOWS\SYSTEM32;C:\WINDOWS\WinSxS\amd64_microsoft.windows.common-controls_6595b64144ccf1df_6.0.22000.120_none_9d947278b86cc467;C:\Program Files\Java\jdk-11.0.14\bin\server

VM Arguments:
jvm_args: -Dfile.encoding=US-ASCII 
java_command: quantum3.QMain
java_class_path (initial): C:\Users\weibe\eclipse-workspace\quantum3\bin
Launcher Type: SUN_STANDARD

[Global flags]
     intx CICompilerCount                          = 4                                         {product} {ergonomic}
     uint ConcGCThreads                            = 2                                         {product} {ergonomic}
     uint G1ConcRefinementThreads                  = 8                                         {product} {ergonomic}
   size_t G1HeapRegionSize                         = 1048576                                   {product} {ergonomic}
    uintx GCDrainStackTargetSize                   = 64                                        {product} {ergonomic}
   size_t InitialHeapSize                          = 132120576                                 {product} {ergonomic}
   size_t MarkStackSize                            = 4194304                                   {product} {ergonomic}
   size_t MaxHeapSize                              = 2092957696                                {product} {ergonomic}
   size_t MaxNewSize                               = 1255145472                                {product} {ergonomic}
   size_t MinHeapDeltaBytes                        = 1048576                                   {product} {ergonomic}
    uintx NonNMethodCodeHeapSize                   = 5836300                                {pd product} {ergonomic}
    uintx NonProfiledCodeHeapSize                  = 122910970                              {pd product} {ergonomic}
    uintx ProfiledCodeHeapSize                     = 122910970                              {pd product} {ergonomic}
    uintx ReservedCodeCacheSize                    = 251658240                              {pd product} {ergonomic}
     bool SegmentedCodeCache                       = true                                      {product} {ergonomic}
     bool UseCompressedClassPointers               = true                                 {lp64_product} {ergonomic}
     bool UseCompressedOops                        = true                                 {lp64_product} {ergonomic}
     bool UseG1GC                                  = true                                      {product} {ergonomic}
     bool UseLargePagesIndividualAllocation        = false                                  {pd product} {ergonomic}

Logging:
Log output configuration:
 #0: stdout all=warning uptime,level,tags
 #1: stderr all=off uptime,level,tags

Environment Variables:
PATH=C:\Program Files\Python310\Scripts\;C:\Program Files\Python310\;C:\Program Files\Common Files\Oracle\Java\javapath;C:\WINDOWS\system32;C:\WINDOWS;C:\WINDOWS\System32\Wbem;C:\WINDOWS\System32\WindowsPowerShell\v1.0\;C:\WINDOWS\System32\OpenSSH\;C:\Users\weibe\AppData\Local\Microsoft\WindowsApps;C:\Program Files\Git\cmd;C:\Program Files\TortoiseGit\bin;C:\Users\weibe\AppData\Local\Microsoft\WindowsApps;C:\Users\weibe\AppData\Local\Programs\Microsoft VS Code\bin;C:\Users\weibe\AppData\Local\Microsoft\WindowsApps;;C:\Program Files\JetBrains\IntelliJ IDEA Community Edition 2021.3.3\bin;
USERNAME=weibe
OS=Windows_NT
PROCESSOR_IDENTIFIER=Intel64 Family 6 Model 126 Stepping 5, GenuineIntel



---------------  S Y S T E M  ---------------

OS: Windows 11 , 64 bit Build 22000 (10.0.22000.1219)
Hyper-V role detected

CPU:total 8 (initial active 8) (4 cores per cpu, 2 threads per core) family 6 model 126 stepping 5 microcode 0xa0, cmov, cx8, fxsr, mmx, sse, sse2, sse3, ssse3, sse4.1, sse4.2, popcnt, avx, avx2, aes, clmul, erms, 3dnowpref, lzcnt, ht, tsc, tscinvbit, bmi1, bmi2, adx, evex, sha, fma

Memory: 4k page, system-wide physical 7980M (425M free)
TotalPageFile size 10028M (AvailPageFile size 329M)
current process WorkingSet (physical memory assigned to process): 346M, peak: 346M
current process commit charge ("private bytes"): 378M, peak: 918M

vm_info: Java HotSpot(TM) 64-Bit Server VM (11.0.14+8-LTS-263) for windows-amd64 JRE (11.0.14+8-LTS-263), built on Dec  7 2021 21:53:57 by "mach5one" with MS VC++ 15.9 (VS2017)

END.
