#
# There is insufficient memory for the Java Runtime Environment to continue.
# Native memory allocation (mmap) failed to map 1048576 bytes for Failed to commit area from 0x000000008b600000 to 0x000000008b700000 of length 1048576.
# Possible reasons:
#   The system is out of physical RAM or swap space
#   The process is running with CompressedOops enabled, and the Java Heap may be blocking the growth of the native heap
# Possible solutions:
#   Reduce memory load on the system
#   Increase physical memory or swap space
#   Check if swap backing store is full
#   Decrease Java heap size (-Xmx/-Xms)
#   Decrease number of Java threads
#   Decrease Java thread stack sizes (-Xss)
#   Set larger code cache with -XX:ReservedCodeCacheSize=
#   JVM is running with Unscaled Compressed Oops mode in which the Java heap is
#     placed in the first 4GB address space. The Java Heap base address is the
#     maximum limit for the native heap growth. Please use -XX:HeapBaseMinAddress
#     to set the Java Heap base and to place the Java Heap above 4GB virtual address.
# This output file may be truncated or incomplete.
#
#  Out of Memory Error (./open/src/hotspot/os/windows/os_windows.cpp:3284), pid=11060, tid=19256
#
# JRE version: Java(TM) SE Runtime Environment 18.9 (11.0.14+8) (build 11.0.14+8-LTS-263)
# Java VM: Java HotSpot(TM) 64-Bit Server VM 18.9 (11.0.14+8-LTS-263, mixed mode, tiered, compressed oops, g1 gc, windows-amd64)
# No core dump will be written. Minidumps are not enabled by default on client versions of Windows
#

---------------  S U M M A R Y ------------

Command Line: -Dfile.encoding=US-ASCII quantum3.QMain

Host: Intel(R) Core(TM) i5-1035G4 CPU @ 1.10GHz, 8 cores, 7G,  Windows 11 , 64 bit Build 22000 (10.0.22000.1219)
Time: Tue Nov 29 20:41:21 2022 Taipei Standard Time elapsed time: 104.325263 seconds (0d 0h 1m 44s)

---------------  T H R E A D  ---------------

Current thread (0x000001bc70a4f000):  GCTaskThread "GC Thread#3" [stack: 0x000000a740500000,0x000000a740600000] [id=19256]

Stack: [0x000000a740500000,0x000000a740600000]
[error occurred during error reporting (printing stack bounds), id 0xc0000005, EXCEPTION_ACCESS_VIOLATION (0xc0000005) at pc=0x000001bc592310e7]

Native frames: (J=compiled Java code, j=interpreted, Vv=VM code, C=native code)
V  [jvm.dll+0x6296da]
V  [jvm.dll+0x76323f]
V  [jvm.dll+0x7648e9]
V  [jvm.dll+0x764ed5]
V  [jvm.dll+0x764e8b]
V  [jvm.dll+0x628c23]
V  [jvm.dll+0x6292d8]
C  [ntdll.dll+0xa8b1f]
C  [ntdll.dll+0x35b9a]
C  [ntdll.dll+0xa7b2e]
C  0x000001bc592310e7


---------------  P R O C E S S  ---------------

Threads class SMR info:
_java_thread_list=0x000001bc709a82e0, length=22, elements={
0x000001bc6f9d8800, 0x000001bc6f9e3800, 0x000001bc70352800, 0x000001bc6f9f2800,
0x000001bc6f9fb800, 0x000001bc6fa0d000, 0x000001bc70374800, 0x000001bc70375800,
0x000001bc704e2800, 0x000001bc704e5800, 0x000001bc704e1000, 0x000001bc704e4000,
0x000001bc704e5000, 0x000001bc704e6800, 0x000001bc704e1800, 0x000001bc73a01000,
0x000001bc73a02800, 0x000001bc73a05000, 0x000001bc73a04800, 0x000001bc73a06000,
0x000001bc73a00000, 0x000001bc73a06800
}

Java Threads: ( => current thread )
  0x000001bc6f9d8800 JavaThread "Reference Handler" daemon [_thread_blocked, id=17252, stack(0x000000a73ea00000,0x000000a73eb00000)]
  0x000001bc6f9e3800 JavaThread "Finalizer" daemon [_thread_blocked, id=12540, stack(0x000000a73eb00000,0x000000a73ec00000)]
  0x000001bc70352800 JavaThread "Signal Dispatcher" daemon [_thread_blocked, id=10064, stack(0x000000a73ec00000,0x000000a73ed00000)]
  0x000001bc6f9f2800 JavaThread "Attach Listener" daemon [_thread_blocked, id=17896, stack(0x000000a73ed00000,0x000000a73ee00000)]
  0x000001bc6f9fb800 JavaThread "Service Thread" daemon [_thread_blocked, id=12512, stack(0x000000a73ee00000,0x000000a73ef00000)]
  0x000001bc6fa0d000 JavaThread "C2 CompilerThread0" daemon [_thread_blocked, id=13284, stack(0x000000a73ef00000,0x000000a73f000000)]
  0x000001bc70374800 JavaThread "C1 CompilerThread0" daemon [_thread_blocked, id=15892, stack(0x000000a73f000000,0x000000a73f100000)]
  0x000001bc70375800 JavaThread "Sweeper thread" daemon [_thread_blocked, id=11396, stack(0x000000a73f100000,0x000000a73f200000)]
  0x000001bc704e2800 JavaThread "Common-Cleaner" daemon [_thread_blocked, id=14964, stack(0x000000a73f300000,0x000000a73f400000)]
  0x000001bc704e5800 JavaThread "Java2D Disposer" daemon [_thread_blocked, id=8572, stack(0x000000a73f400000,0x000000a73f500000)]
  0x000001bc704e1000 JavaThread "AWT-Shutdown" [_thread_blocked, id=15420, stack(0x000000a73f500000,0x000000a73f600000)]
  0x000001bc704e4000 JavaThread "AWT-Windows" daemon [_thread_in_native, id=16152, stack(0x000000a73f600000,0x000000a73f700000)]
  0x000001bc704e5000 JavaThread "AWT-EventQueue-0" [_thread_blocked, id=16060, stack(0x000000a73fb00000,0x000000a73fc00000)]
  0x000001bc704e6800 JavaThread "Timer-0" [_thread_blocked, id=16604, stack(0x000000a73fd00000,0x000000a73fe00000)]
  0x000001bc704e1800 JavaThread "TimerQueue" daemon [_thread_blocked, id=18572, stack(0x000000a740000000,0x000000a740100000)]
  0x000001bc73a01000 JavaThread "DestroyJavaVM" [_thread_blocked, id=10720, stack(0x000000a73e300000,0x000000a73e400000)]
  0x000001bc73a02800 JavaThread "Timer-1" [_thread_blocked, id=7820, stack(0x000000a740100000,0x000000a740200000)]
  0x000001bc73a05000 JavaThread "Timer-3" [_thread_blocked, id=7088, stack(0x000000a740a00000,0x000000a740b00000)]
  0x000001bc73a04800 JavaThread "Timer-4" [_thread_blocked, id=18324, stack(0x000000a740b00000,0x000000a740c00000)]
  0x000001bc73a06000 JavaThread "Timer-5" [_thread_blocked, id=17972, stack(0x000000a740c00000,0x000000a740d00000)]
  0x000001bc73a00000 JavaThread "Timer-6" [_thread_blocked, id=17332, stack(0x000000a740d00000,0x000000a740e00000)]
  0x000001bc73a06800 JavaThread "Thread-7" [_thread_blocked, id=1776, stack(0x000000a740e00000,0x000000a740f00000)]

Other Threads:
  0x000001bc6f9d4800 VMThread "VM Thread" [stack: 0x000000a73e900000,0x000000a73ea00000] [id=8384]
  0x000001bc704d8000 WatcherThread [stack: 0x000000a73f200000,0x000000a73f300000] [id=1620]
  0x000001bc51bc3800 GCTaskThread "GC Thread#0" [stack: 0x000000a73e400000,0x000000a73e500000] [id=15452]
  0x000001bc7255d800 GCTaskThread "GC Thread#1" [stack: 0x000000a740300000,0x000000a740400000] [id=18544]
  0x000001bc70a4e800 GCTaskThread "GC Thread#2" [stack: 0x000000a740400000,0x000000a740500000] [id=12984]
=>0x000001bc70a4f000 GCTaskThread "GC Thread#3" [stack: 0x000000a740500000,0x000000a740600000] [id=19256]
  0x000001bc70a50000 GCTaskThread "GC Thread#4" [stack: 0x000000a740600000,0x000000a740700000] [id=10472]
  0x000001bc70a33800 GCTaskThread "GC Thread#5" [stack: 0x000000a740700000,0x000000a740800000] [id=7888]
  0x000001bc70a34800 GCTaskThread "GC Thread#6" [stack: 0x000000a740800000,0x000000a740900000] [id=7428]
  0x000001bc70a35800 GCTaskThread "GC Thread#7" [stack: 0x000000a740900000,0x000000a740a00000] [id=15548]
  0x000001bc51bf6800 ConcurrentGCThread "G1 Main Marker" [stack: 0x000000a73e500000,0x000000a73e600000] [id=9780]
  0x000001bc51bf7800 ConcurrentGCThread "G1 Conc#0" [stack: 0x000000a73e600000,0x000000a73e700000] [id=10672]
  0x000001bc70d35800 ConcurrentGCThread "G1 Conc#1" [stack: 0x000000a741100000,0x000000a741200000] [id=184]
  0x000001bc6f820800 ConcurrentGCThread "G1 Refine#0" [stack: 0x000000a73e700000,0x000000a73e800000] [id=13680]
  0x000001bc731e5800 ConcurrentGCThread "G1 Refine#1" [stack: 0x000000a740f00000,0x000000a741000000] [id=13244]
  0x000001bc6f821800 ConcurrentGCThread "G1 Young RemSet Sampling" [stack: 0x000000a73e800000,0x000000a73e900000] [id=3828]

Threads with active compile tasks:

VM state:at safepoint (normal execution)

VM Mutex/Monitor currently owned by a thread:  ([mutex/lock_event])
[0x000001bc51ba92c0] FreeList_lock - owner thread: 0x000001bc70a4f000
[0x000001bc51babc20] Threads_lock - owner thread: 0x000001bc6f9d4800
[0x000001bc51baa750] Heap_lock - owner thread: 0x000001bc704e5000

Heap address: 0x0000000083400000, size: 1996 MB, Compressed Oops mode: 32-bit
Narrow klass base: 0x0000000000000000, Narrow klass shift: 3
Compressed class space size: 1073741824 Address: 0x0000000100000000

Heap:
 garbage-first heap   total 134144K, used 131738K [0x0000000083400000, 0x0000000100000000)
  region size 1024K, 6 young (6144K), 1 survivors (1024K)
 Metaspace       used 16779K, capacity 17254K, committed 17408K, reserved 1064960K
  class space    used 1720K, capacity 1932K, committed 2048K, reserved 1048576K
Heap Regions: E=young(eden), S=young(survivor), O=old, HS=humongous(starts), HC=humongous(continues), CS=collection set, F=free, A=archive, TAMS=top-at-mark-start (previous, next)
|   0|0x0000000083400000, 0x0000000083500000, 0x0000000083500000|100%| O|  |TAMS 0x0000000083500000, 0x0000000083500000| Untracked 
|   1|0x0000000083500000, 0x0000000083600000, 0x0000000083600000|100%| O|  |TAMS 0x0000000083600000, 0x0000000083600000| Untracked 
|   2|0x0000000083600000, 0x0000000083700000, 0x0000000083700000|100%| O|  |TAMS 0x0000000083700000, 0x0000000083700000| Untracked 
|   3|0x0000000083700000, 0x0000000083800000, 0x0000000083800000|100%| O|  |TAMS 0x0000000083800000, 0x0000000083800000| Untracked 
|   4|0x0000000083800000, 0x0000000083900000, 0x0000000083900000|100%| O|  |TAMS 0x0000000083900000, 0x0000000083900000| Untracked 
|   5|0x0000000083900000, 0x0000000083a00000, 0x0000000083a00000|100%| O|  |TAMS 0x0000000083a00000, 0x0000000083a00000| Untracked 
|   6|0x0000000083a00000, 0x0000000083b00000, 0x0000000083b00000|100%| O|  |TAMS 0x0000000083b00000, 0x0000000083b00000| Untracked 
|   7|0x0000000083b00000, 0x0000000083c00000, 0x0000000083c00000|100%| O|  |TAMS 0x0000000083c00000, 0x0000000083c00000| Untracked 
|   8|0x0000000083c00000, 0x0000000083d00000, 0x0000000083d00000|100%| O|  |TAMS 0x0000000083d00000, 0x0000000083d00000| Untracked 
|   9|0x0000000083d00000, 0x0000000083e00000, 0x0000000083e00000|100%| O|  |TAMS 0x0000000083e00000, 0x0000000083e00000| Untracked 
|  10|0x0000000083e00000, 0x0000000083f00000, 0x0000000083f00000|100%| O|  |TAMS 0x0000000083f00000, 0x0000000083f00000| Untracked 
|  11|0x0000000083f00000, 0x0000000084000000, 0x0000000084000000|100%| O|  |TAMS 0x0000000084000000, 0x0000000084000000| Untracked 
|  12|0x0000000084000000, 0x0000000084100000, 0x0000000084100000|100%| O|  |TAMS 0x0000000084100000, 0x0000000084100000| Untracked 
|  13|0x0000000084100000, 0x0000000084200000, 0x0000000084200000|100%| O|  |TAMS 0x0000000084200000, 0x0000000084200000| Untracked 
|  14|0x0000000084200000, 0x0000000084300000, 0x0000000084300000|100%| O|  |TAMS 0x0000000084300000, 0x0000000084300000| Untracked 
|  15|0x0000000084300000, 0x0000000084400000, 0x0000000084400000|100%| O|  |TAMS 0x0000000084400000, 0x0000000084400000| Untracked 
|  16|0x0000000084400000, 0x0000000084500000, 0x0000000084500000|100%| O|  |TAMS 0x0000000084500000, 0x0000000084500000| Untracked 
|  17|0x0000000084500000, 0x0000000084600000, 0x0000000084600000|100%| O|  |TAMS 0x0000000084600000, 0x0000000084600000| Untracked 
|  18|0x0000000084600000, 0x0000000084700000, 0x0000000084700000|100%| O|  |TAMS 0x0000000084700000, 0x0000000084700000| Untracked 
|  19|0x0000000084700000, 0x0000000084800000, 0x0000000084800000|100%| O|  |TAMS 0x0000000084800000, 0x0000000084800000| Untracked 
|  20|0x0000000084800000, 0x0000000084900000, 0x0000000084900000|100%| O|  |TAMS 0x0000000084900000, 0x0000000084900000| Untracked 
|  21|0x0000000084900000, 0x0000000084a00000, 0x0000000084a00000|100%| O|  |TAMS 0x0000000084a00000, 0x0000000084a00000| Untracked 
|  22|0x0000000084a00000, 0x0000000084b00000, 0x0000000084b00000|100%| O|  |TAMS 0x0000000084b00000, 0x0000000084b00000| Untracked 
|  23|0x0000000084b00000, 0x0000000084c00000, 0x0000000084c00000|100%| O|  |TAMS 0x0000000084c00000, 0x0000000084c00000| Untracked 
|  24|0x0000000084c00000, 0x0000000084d00000, 0x0000000084d00000|100%| O|  |TAMS 0x0000000084d00000, 0x0000000084d00000| Untracked 
|  25|0x0000000084d00000, 0x0000000084e00000, 0x0000000084e00000|100%| O|  |TAMS 0x0000000084e00000, 0x0000000084e00000| Untracked 
|  26|0x0000000084e00000, 0x0000000084f00000, 0x0000000084f00000|100%| O|  |TAMS 0x0000000084f00000, 0x0000000084f00000| Untracked 
|  27|0x0000000084f00000, 0x0000000085000000, 0x0000000085000000|100%| O|  |TAMS 0x0000000085000000, 0x0000000085000000| Untracked 
|  28|0x0000000085000000, 0x0000000085100000, 0x0000000085100000|100%| O|  |TAMS 0x0000000085100000, 0x0000000085100000| Untracked 
|  29|0x0000000085100000, 0x0000000085200000, 0x0000000085200000|100%| O|  |TAMS 0x0000000085200000, 0x0000000085200000| Untracked 
|  30|0x0000000085200000, 0x0000000085300000, 0x0000000085300000|100%| O|  |TAMS 0x0000000085300000, 0x0000000085300000| Untracked 
|  31|0x0000000085300000, 0x0000000085400000, 0x0000000085400000|100%| O|  |TAMS 0x0000000085400000, 0x0000000085400000| Untracked 
|  32|0x0000000085400000, 0x0000000085500000, 0x0000000085500000|100%| O|  |TAMS 0x0000000085500000, 0x0000000085500000| Untracked 
|  33|0x0000000085500000, 0x0000000085600000, 0x0000000085600000|100%| O|  |TAMS 0x0000000085600000, 0x0000000085600000| Untracked 
|  34|0x0000000085600000, 0x0000000085700000, 0x0000000085700000|100%| O|  |TAMS 0x0000000085700000, 0x0000000085700000| Untracked 
|  35|0x0000000085700000, 0x0000000085800000, 0x0000000085800000|100%| O|  |TAMS 0x0000000085800000, 0x0000000085800000| Untracked 
|  36|0x0000000085800000, 0x0000000085900000, 0x0000000085900000|100%| O|  |TAMS 0x0000000085900000, 0x0000000085900000| Untracked 
|  37|0x0000000085900000, 0x0000000085a00000, 0x0000000085a00000|100%| O|  |TAMS 0x0000000085a00000, 0x0000000085a00000| Untracked 
|  38|0x0000000085a00000, 0x0000000085b00000, 0x0000000085b00000|100%| O|  |TAMS 0x0000000085b00000, 0x0000000085b00000| Untracked 
|  39|0x0000000085b00000, 0x0000000085c00000, 0x0000000085c00000|100%| O|  |TAMS 0x0000000085c00000, 0x0000000085c00000| Untracked 
|  40|0x0000000085c00000, 0x0000000085d00000, 0x0000000085d00000|100%| O|  |TAMS 0x0000000085d00000, 0x0000000085d00000| Untracked 
|  41|0x0000000085d00000, 0x0000000085e00000, 0x0000000085e00000|100%| O|  |TAMS 0x0000000085e00000, 0x0000000085e00000| Untracked 
|  42|0x0000000085e00000, 0x0000000085f00000, 0x0000000085f00000|100%| O|  |TAMS 0x0000000085f00000, 0x0000000085f00000| Untracked 
|  43|0x0000000085f00000, 0x0000000086000000, 0x0000000086000000|100%| O|  |TAMS 0x0000000086000000, 0x0000000086000000| Untracked 
|  44|0x0000000086000000, 0x0000000086100000, 0x0000000086100000|100%| O|  |TAMS 0x0000000086100000, 0x0000000086100000| Untracked 
|  45|0x0000000086100000, 0x0000000086200000, 0x0000000086200000|100%| O|  |TAMS 0x0000000086200000, 0x0000000086200000| Untracked 
|  46|0x0000000086200000, 0x0000000086300000, 0x0000000086300000|100%| O|  |TAMS 0x0000000086300000, 0x0000000086300000| Untracked 
|  47|0x0000000086300000, 0x0000000086400000, 0x0000000086400000|100%| O|  |TAMS 0x0000000086400000, 0x0000000086400000| Untracked 
|  48|0x0000000086400000, 0x0000000086500000, 0x0000000086500000|100%| O|  |TAMS 0x0000000086500000, 0x0000000086500000| Untracked 
|  49|0x0000000086500000, 0x0000000086600000, 0x0000000086600000|100%| O|  |TAMS 0x0000000086600000, 0x0000000086600000| Untracked 
|  50|0x0000000086600000, 0x0000000086700000, 0x0000000086700000|100%| O|  |TAMS 0x0000000086700000, 0x0000000086700000| Untracked 
|  51|0x0000000086700000, 0x0000000086800000, 0x0000000086800000|100%| O|  |TAMS 0x0000000086800000, 0x0000000086800000| Untracked 
|  52|0x0000000086800000, 0x0000000086900000, 0x0000000086900000|100%| O|  |TAMS 0x0000000086900000, 0x0000000086900000| Untracked 
|  53|0x0000000086900000, 0x0000000086a00000, 0x0000000086a00000|100%| O|  |TAMS 0x0000000086a00000, 0x0000000086a00000| Untracked 
|  54|0x0000000086a00000, 0x0000000086b00000, 0x0000000086b00000|100%| O|  |TAMS 0x0000000086b00000, 0x0000000086b00000| Untracked 
|  55|0x0000000086b00000, 0x0000000086c00000, 0x0000000086c00000|100%| O|  |TAMS 0x0000000086c00000, 0x0000000086c00000| Untracked 
|  56|0x0000000086c00000, 0x0000000086d00000, 0x0000000086d00000|100%| O|  |TAMS 0x0000000086d00000, 0x0000000086d00000| Untracked 
|  57|0x0000000086d00000, 0x0000000086e00000, 0x0000000086e00000|100%| O|  |TAMS 0x0000000086e00000, 0x0000000086e00000| Untracked 
|  58|0x0000000086e00000, 0x0000000086f00000, 0x0000000086f00000|100%| O|  |TAMS 0x0000000086f00000, 0x0000000086f00000| Untracked 
|  59|0x0000000086f00000, 0x0000000087000000, 0x0000000087000000|100%| O|  |TAMS 0x0000000087000000, 0x0000000087000000| Untracked 
|  60|0x0000000087000000, 0x0000000087100000, 0x0000000087100000|100%| O|  |TAMS 0x0000000087100000, 0x0000000087100000| Untracked 
|  61|0x0000000087100000, 0x0000000087200000, 0x0000000087200000|100%| O|  |TAMS 0x0000000087200000, 0x0000000087200000| Untracked 
|  62|0x0000000087200000, 0x0000000087300000, 0x0000000087300000|100%| O|  |TAMS 0x0000000087300000, 0x0000000087300000| Untracked 
|  63|0x0000000087300000, 0x0000000087400000, 0x0000000087400000|100%| O|  |TAMS 0x0000000087400000, 0x0000000087400000| Untracked 
|  64|0x0000000087400000, 0x0000000087500000, 0x0000000087500000|100%| O|  |TAMS 0x0000000087500000, 0x0000000087500000| Untracked 
|  65|0x0000000087500000, 0x0000000087600000, 0x0000000087600000|100%| O|  |TAMS 0x0000000087600000, 0x0000000087600000| Untracked 
|  66|0x0000000087600000, 0x0000000087700000, 0x0000000087700000|100%| O|  |TAMS 0x0000000087700000, 0x0000000087700000| Untracked 
|  67|0x0000000087700000, 0x0000000087800000, 0x0000000087800000|100%| O|  |TAMS 0x0000000087800000, 0x0000000087800000| Untracked 
|  68|0x0000000087800000, 0x0000000087900000, 0x0000000087900000|100%| O|  |TAMS 0x0000000087900000, 0x0000000087900000| Untracked 
|  69|0x0000000087900000, 0x0000000087a00000, 0x0000000087a00000|100%| O|  |TAMS 0x0000000087a00000, 0x0000000087a00000| Untracked 
|  70|0x0000000087a00000, 0x0000000087b00000, 0x0000000087b00000|100%| O|  |TAMS 0x0000000087b00000, 0x0000000087b00000| Untracked 
|  71|0x0000000087b00000, 0x0000000087c00000, 0x0000000087c00000|100%| O|  |TAMS 0x0000000087c00000, 0x0000000087c00000| Untracked 
|  72|0x0000000087c00000, 0x0000000087d00000, 0x0000000087d00000|100%| O|  |TAMS 0x0000000087d00000, 0x0000000087d00000| Untracked 
|  73|0x0000000087d00000, 0x0000000087e00000, 0x0000000087e00000|100%| O|  |TAMS 0x0000000087e00000, 0x0000000087e00000| Untracked 
|  74|0x0000000087e00000, 0x0000000087f00000, 0x0000000087f00000|100%| O|  |TAMS 0x0000000087f00000, 0x0000000087f00000| Untracked 
|  75|0x0000000087f00000, 0x0000000088000000, 0x0000000088000000|100%| O|  |TAMS 0x0000000088000000, 0x0000000088000000| Untracked 
|  76|0x0000000088000000, 0x0000000088100000, 0x0000000088100000|100%| O|  |TAMS 0x0000000088100000, 0x0000000088100000| Untracked 
|  77|0x0000000088100000, 0x0000000088200000, 0x0000000088200000|100%| O|  |TAMS 0x0000000088200000, 0x0000000088200000| Untracked 
|  78|0x0000000088200000, 0x0000000088300000, 0x0000000088300000|100%| O|  |TAMS 0x0000000088300000, 0x0000000088300000| Untracked 
|  79|0x0000000088300000, 0x0000000088400000, 0x0000000088400000|100%| O|  |TAMS 0x0000000088400000, 0x0000000088400000| Untracked 
|  80|0x0000000088400000, 0x0000000088500000, 0x0000000088500000|100%| O|  |TAMS 0x0000000088500000, 0x0000000088500000| Untracked 
|  81|0x0000000088500000, 0x0000000088600000, 0x0000000088600000|100%| O|  |TAMS 0x0000000088600000, 0x0000000088600000| Untracked 
|  82|0x0000000088600000, 0x0000000088700000, 0x0000000088700000|100%| O|  |TAMS 0x0000000088700000, 0x0000000088700000| Untracked 
|  83|0x0000000088700000, 0x0000000088800000, 0x0000000088800000|100%| O|  |TAMS 0x0000000088800000, 0x0000000088800000| Untracked 
|  84|0x0000000088800000, 0x0000000088900000, 0x0000000088900000|100%| O|  |TAMS 0x0000000088900000, 0x0000000088900000| Untracked 
|  85|0x0000000088900000, 0x0000000088a00000, 0x0000000088a00000|100%| O|  |TAMS 0x0000000088a00000, 0x0000000088a00000| Untracked 
|  86|0x0000000088a00000, 0x0000000088b00000, 0x0000000088b00000|100%| O|  |TAMS 0x0000000088b00000, 0x0000000088b00000| Untracked 
|  87|0x0000000088b00000, 0x0000000088c00000, 0x0000000088c00000|100%|HS|  |TAMS 0x0000000088c00000, 0x0000000088c00000| Complete 
|  88|0x0000000088c00000, 0x0000000088d00000, 0x0000000088d00000|100%|HC|  |TAMS 0x0000000088d00000, 0x0000000088d00000| Complete 
|  89|0x0000000088d00000, 0x0000000088e00000, 0x0000000088e00000|100%|HC|  |TAMS 0x0000000088e00000, 0x0000000088e00000| Complete 
|  90|0x0000000088e00000, 0x0000000088f00000, 0x0000000088f00000|100%|HC|  |TAMS 0x0000000088f00000, 0x0000000088f00000| Complete 
|  91|0x0000000088f00000, 0x0000000089000000, 0x0000000089000000|100%|HC|  |TAMS 0x0000000089000000, 0x0000000089000000| Complete 
|  92|0x0000000089000000, 0x0000000089100000, 0x0000000089100000|100%|HC|  |TAMS 0x0000000089100000, 0x0000000089100000| Complete 
|  93|0x0000000089100000, 0x0000000089200000, 0x0000000089200000|100%|HC|  |TAMS 0x0000000089200000, 0x0000000089200000| Complete 
|  94|0x0000000089200000, 0x0000000089300000, 0x0000000089300000|100%|HC|  |TAMS 0x0000000089300000, 0x0000000089300000| Complete 
|  95|0x0000000089300000, 0x0000000089400000, 0x0000000089400000|100%|HC|  |TAMS 0x0000000089400000, 0x0000000089400000| Complete 
|  96|0x0000000089400000, 0x0000000089500000, 0x0000000089500000|100%| O|  |TAMS 0x0000000089500000, 0x0000000089500000| Untracked 
|  97|0x0000000089500000, 0x0000000089600000, 0x0000000089600000|100%| O|  |TAMS 0x0000000089600000, 0x0000000089600000| Untracked 
|  98|0x0000000089600000, 0x0000000089700000, 0x0000000089700000|100%| O|  |TAMS 0x0000000089700000, 0x0000000089700000| Untracked 
|  99|0x0000000089700000, 0x0000000089800000, 0x0000000089800000|100%| O|  |TAMS 0x0000000089800000, 0x0000000089800000| Untracked 
| 100|0x0000000089800000, 0x0000000089900000, 0x0000000089900000|100%| O|  |TAMS 0x0000000089900000, 0x0000000089900000| Untracked 
| 101|0x0000000089900000, 0x0000000089a00000, 0x0000000089a00000|100%|HS|  |TAMS 0x0000000089a00000, 0x0000000089a00000| Complete 
| 102|0x0000000089a00000, 0x0000000089b00000, 0x0000000089b00000|100%|HC|  |TAMS 0x0000000089b00000, 0x0000000089b00000| Complete 
| 103|0x0000000089b00000, 0x0000000089c00000, 0x0000000089c00000|100%|HC|  |TAMS 0x0000000089c00000, 0x0000000089c00000| Complete 
| 104|0x0000000089c00000, 0x0000000089d00000, 0x0000000089d00000|100%| O|  |TAMS 0x0000000089d00000, 0x0000000089d00000| Untracked 
| 105|0x0000000089d00000, 0x0000000089e00000, 0x0000000089e00000|100%| O|  |TAMS 0x0000000089e00000, 0x0000000089e00000| Untracked 
| 106|0x0000000089e00000, 0x0000000089f00000, 0x0000000089f00000|100%| O|  |TAMS 0x0000000089f00000, 0x0000000089f00000| Untracked 
| 107|0x0000000089f00000, 0x000000008a000000, 0x000000008a000000|100%| O|  |TAMS 0x000000008a000000, 0x000000008a000000| Untracked 
| 108|0x000000008a000000, 0x000000008a100000, 0x000000008a100000|100%| O|  |TAMS 0x000000008a100000, 0x000000008a100000| Untracked 
| 109|0x000000008a100000, 0x000000008a200000, 0x000000008a200000|100%| O|  |TAMS 0x000000008a200000, 0x000000008a200000| Untracked 
| 110|0x000000008a200000, 0x000000008a300000, 0x000000008a300000|100%| O|  |TAMS 0x000000008a300000, 0x000000008a300000| Untracked 
| 111|0x000000008a300000, 0x000000008a400000, 0x000000008a400000|100%| O|  |TAMS 0x000000008a400000, 0x000000008a400000| Untracked 
| 112|0x000000008a400000, 0x000000008a500000, 0x000000008a500000|100%| O|  |TAMS 0x000000008a500000, 0x000000008a500000| Untracked 
| 113|0x000000008a500000, 0x000000008a600000, 0x000000008a600000|100%| O|  |TAMS 0x000000008a600000, 0x000000008a600000| Untracked 
| 114|0x000000008a600000, 0x000000008a700000, 0x000000008a700000|100%| O|  |TAMS 0x000000008a700000, 0x000000008a700000| Untracked 
| 115|0x000000008a700000, 0x000000008a800000, 0x000000008a800000|100%| O|  |TAMS 0x000000008a800000, 0x000000008a800000| Untracked 
| 116|0x000000008a800000, 0x000000008a900000, 0x000000008a900000|100%| O|  |TAMS 0x000000008a900000, 0x000000008a900000| Untracked 
| 117|0x000000008a900000, 0x000000008aa00000, 0x000000008aa00000|100%| O|  |TAMS 0x000000008aa00000, 0x000000008aa00000| Untracked 
| 118|0x000000008aa00000, 0x000000008ab00000, 0x000000008ab00000|100%| O|  |TAMS 0x000000008ab00000, 0x000000008ab00000| Untracked 
| 119|0x000000008ab00000, 0x000000008abb2200, 0x000000008ac00000| 69%| S|  |TAMS 0x000000008ab00000, 0x000000008ab00000| Complete 
| 120|0x000000008ac00000, 0x000000008ad00000, 0x000000008ad00000|100%| E|CS|TAMS 0x000000008ac00000, 0x000000008ad00000| Complete 
| 121|0x000000008ad00000, 0x000000008ae00000, 0x000000008ae00000|100%| E|CS|TAMS 0x000000008ad00000, 0x000000008ae00000| Complete 
| 122|0x000000008ae00000, 0x000000008af00000, 0x000000008af00000|100%| E|CS|TAMS 0x000000008ae00000, 0x000000008af00000| Complete 
| 123|0x000000008af00000, 0x000000008b000000, 0x000000008b000000|100%| E|CS|TAMS 0x000000008af00000, 0x000000008b000000| Complete 
| 124|0x000000008b000000, 0x000000008b100000, 0x000000008b100000|100%| E|CS|TAMS 0x000000008b000000, 0x000000008b100000| Complete 
| 125|0x000000008b100000, 0x000000008b200000, 0x000000008b200000|100%| E|CS|TAMS 0x000000008b100000, 0x000000008b200000| Complete 
| 126|0x000000008b200000, 0x000000008b300000, 0x000000008b300000|100%| O|  |TAMS 0x000000008b300000, 0x000000008b300000| Untracked 
| 127|0x000000008b300000, 0x000000008b400000, 0x000000008b400000|100%| O|  |TAMS 0x000000008b400000, 0x000000008b400000| Untracked 
| 128|0x000000008b400000, 0x000000008b500000, 0x000000008b500000|100%| O|  |TAMS 0x000000008b500000, 0x000000008b500000| Untracked 
| 129|0x000000008b500000, 0x000000008b600000, 0x000000008b600000|100%| O|  |TAMS 0x000000008b538000, 0x000000008b600000| Untracked 

Card table byte_map: [0x000001bc68950000,0x000001bc68d40000] _byte_map_base: 0x000001bc68536000

Marking Bits (Prev, Next): (CMBitMap*) 0x000001bc51bedb90, (CMBitMap*) 0x000001bc51bedb58
 Prev Bits: [0x000001bc6b060000, 0x000001bc6cf90000)
 Next Bits: [0x000001bc69130000, 0x000001bc6b060000)

Polling page: 0x000001bc4fb90000

Metaspace:

Usage:
  Non-class:     14.96 MB capacity,    14.71 MB ( 98%) used,   217.38 KB (  1%) free+waste,    46.00 KB ( <1%) overhead. 
      Class:      1.89 MB capacity,     1.68 MB ( 89%) used,   186.85 KB ( 10%) free+waste,    24.56 KB (  1%) overhead. 
       Both:     16.85 MB capacity,    16.39 MB ( 97%) used,   404.23 KB (  2%) free+waste,    70.56 KB ( <1%) overhead. 

Virtual space:
  Non-class space:       16.00 MB reserved,      15.00 MB ( 94%) committed 
      Class space:        1.00 GB reserved,       2.00 MB ( <1%) committed 
             Both:        1.02 GB reserved,      17.00 MB (  2%) committed 

Chunk freelists:
   Non-Class:  4.75 KB
       Class:  2.50 KB
        Both:  7.25 KB

CodeHeap 'non-profiled nmethods': size=120000Kb used=2467Kb max_used=2467Kb free=117532Kb
 bounds [0x000001bc60d00000, 0x000001bc60f70000, 0x000001bc68230000]
CodeHeap 'profiled nmethods': size=120000Kb used=5037Kb max_used=5037Kb free=114962Kb
 bounds [0x000001bc597d0000, 0x000001bc59cc0000, 0x000001bc60d00000]
CodeHeap 'non-nmethods': size=5760Kb used=1228Kb max_used=1262Kb free=4531Kb
 bounds [0x000001bc59230000, 0x000001bc594a0000, 0x000001bc597d0000]
 total_blobs=3308 nmethods=2724 adapters=494
 compilation: enabled
              stopped_count=0, restarted_count=0
 full_count=0

Compilation events (10 events):
Event: 100.645 Thread 0x000001bc6fa0d000 2729       4       java.util.ArrayList::remove (26 bytes)
Event: 100.647 Thread 0x000001bc6fa0d000 nmethod 2729 0x000001bc60f68810 code [0x000001bc60f689a0, 0x000001bc60f68b38]
Event: 102.165 Thread 0x000001bc6fa0d000 2730       4       java.util.concurrent.locks.AbstractQueuedSynchronizer$Node::compareAndSetWaitStatus (10 bytes)
Event: 102.165 Thread 0x000001bc70374800 2731   !   3       sun.java2d.SunGraphics2D::drawRect (74 bytes)
Event: 102.166 Thread 0x000001bc70374800 nmethod 2731 0x000001bc59cb7010 code [0x000001bc59cb7220, 0x000001bc59cb78e8]
Event: 102.166 Thread 0x000001bc70374800 2732       3       sun.java2d.pipe.PixelToParallelogramConverter::drawRect (107 bytes)
Event: 102.166 Thread 0x000001bc6fa0d000 nmethod 2730 0x000001bc60f68d10 code [0x000001bc60f68e80, 0x000001bc60f68ef8]
Event: 102.166 Thread 0x000001bc70374800 nmethod 2732 0x000001bc59cb7c90 code [0x000001bc59cb7f00, 0x000001bc59cb8e38]
Event: 104.198 Thread 0x000001bc70374800 2733       3       javax.swing.text.Utilities::drawTabbedText (423 bytes)
Event: 104.200 Thread 0x000001bc70374800 nmethod 2733 0x000001bc59cb9290 code [0x000001bc59cb95c0, 0x000001bc59cbae68]

GC Heap History (10 events):
Event: 96.952 GC heap after
{Heap after GC invocations=114 (full 0):
 garbage-first heap   total 131072K, used 124706K [0x0000000083400000, 0x0000000100000000)
  region size 1024K, 1 young (1024K), 1 survivors (1024K)
 Metaspace       used 16766K, capacity 17190K, committed 17408K, reserved 1064960K
  class space    used 1720K, capacity 1932K, committed 2048K, reserved 1048576K
}
Event: 101.252 GC heap before
{Heap before GC invocations=114 (full 0):
 garbage-first heap   total 131072K, used 129826K [0x0000000083400000, 0x0000000100000000)
  region size 1024K, 6 young (6144K), 1 survivors (1024K)
 Metaspace       used 16766K, capacity 17190K, committed 17408K, reserved 1064960K
  class space    used 1720K, capacity 1932K, committed 2048K, reserved 1048576K
}
Event: 101.255 GC heap after
{Heap after GC invocations=115 (full 0):
 garbage-first heap   total 132096K, used 125233K [0x0000000083400000, 0x0000000100000000)
  region size 1024K, 1 young (1024K), 1 survivors (1024K)
 Metaspace       used 16766K, capacity 17190K, committed 17408K, reserved 1064960K
  class space    used 1720K, capacity 1932K, committed 2048K, reserved 1048576K
}
Event: 102.925 GC heap before
{Heap before GC invocations=116 (full 0):
 garbage-first heap   total 132096K, used 130353K [0x0000000083400000, 0x0000000100000000)
  region size 1024K, 6 young (6144K), 1 survivors (1024K)
 Metaspace       used 16773K, capacity 17254K, committed 17408K, reserved 1064960K
  class space    used 1720K, capacity 1932K, committed 2048K, reserved 1048576K
}
Event: 102.926 GC heap after
{Heap after GC invocations=117 (full 0):
 garbage-first heap   total 132096K, used 125640K [0x0000000083400000, 0x0000000100000000)
  region size 1024K, 1 young (1024K), 1 survivors (1024K)
 Metaspace       used 16773K, capacity 17254K, committed 17408K, reserved 1064960K
  class space    used 1720K, capacity 1932K, committed 2048K, reserved 1048576K
}
Event: 103.500 GC heap before
{Heap before GC invocations=117 (full 0):
 garbage-first heap   total 132096K, used 130760K [0x0000000083400000, 0x0000000100000000)
  region size 1024K, 6 young (6144K), 1 survivors (1024K)
 Metaspace       used 16773K, capacity 17254K, committed 17408K, reserved 1064960K
  class space    used 1720K, capacity 1932K, committed 2048K, reserved 1048576K
}
Event: 103.501 GC heap after
{Heap after GC invocations=118 (full 0):
 garbage-first heap   total 133120K, used 126116K [0x0000000083400000, 0x0000000100000000)
  region size 1024K, 1 young (1024K), 1 survivors (1024K)
 Metaspace       used 16773K, capacity 17254K, committed 17408K, reserved 1064960K
  class space    used 1720K, capacity 1932K, committed 2048K, reserved 1048576K
}
Event: 103.911 GC heap before
{Heap before GC invocations=119 (full 0):
 garbage-first heap   total 133120K, used 131236K [0x0000000083400000, 0x0000000100000000)
  region size 1024K, 6 young (6144K), 1 survivors (1024K)
 Metaspace       used 16773K, capacity 17254K, committed 17408K, reserved 1064960K
  class space    used 1720K, capacity 1932K, committed 2048K, reserved 1048576K
}
Event: 103.912 GC heap after
{Heap after GC invocations=120 (full 0):
 garbage-first heap   total 133120K, used 126618K [0x0000000083400000, 0x0000000100000000)
  region size 1024K, 1 young (1024K), 1 survivors (1024K)
 Metaspace       used 16773K, capacity 17254K, committed 17408K, reserved 1064960K
  class space    used 1720K, capacity 1932K, committed 2048K, reserved 1048576K
}
Event: 104.322 GC heap before
{Heap before GC invocations=120 (full 0):
 garbage-first heap   total 133120K, used 131738K [0x0000000083400000, 0x0000000100000000)
  region size 1024K, 6 young (6144K), 1 survivors (1024K)
 Metaspace       used 16779K, capacity 17254K, committed 17408K, reserved 1064960K
  class space    used 1720K, capacity 1932K, committed 2048K, reserved 1048576K
}

Deoptimization events (10 events):
Event: 71.973 Thread 0x000001bc704e5000 Uncommon trap: reason=bimorphic_or_optimized_type_check action=maybe_recompile pc=0x000001bc60eac8f4 method=java.awt.Container.validateTree()V @ 34 c2
Event: 71.973 Thread 0x000001bc704e5000 Uncommon trap: reason=class_check action=maybe_recompile pc=0x000001bc60e68be8 method=java.awt.Container.insets()Ljava/awt/Insets; @ 6 c2
Event: 71.974 Thread 0x000001bc704e5000 Uncommon trap: reason=bimorphic_or_optimized_type_check action=maybe_recompile pc=0x000001bc60ea27b8 method=java.awt.Component.validate()V @ 67 c2
Event: 71.975 Thread 0x000001bc704e5000 Uncommon trap: reason=class_check action=maybe_recompile pc=0x000001bc60ec2e6c method=javax.swing.RepaintManager$4.run()Ljava/lang/Void; @ 91 c2
Event: 71.984 Thread 0x000001bc704e5000 Uncommon trap: reason=class_check action=maybe_recompile pc=0x000001bc60f14bf8 method=javax.swing.RepaintManager.updateWindows(Ljava/util/Map;)V @ 79 c2
Event: 92.695 Thread 0x000001bc704e5000 Uncommon trap: reason=class_check action=maybe_recompile pc=0x000001bc60f195cc method=javax.swing.RepaintManager.scheduleHeavyWeightPaints()V @ 72 c2
Event: 92.695 Thread 0x000001bc704e5000 Uncommon trap: reason=class_check action=maybe_recompile pc=0x000001bc60ec4bec method=javax.swing.RepaintManager$4.run()Ljava/lang/Void; @ 91 c2
Event: 92.695 Thread 0x000001bc704e5000 Uncommon trap: reason=unstable_if action=reinterpret pc=0x000001bc60dea050 method=java.awt.geom.AffineTransform.translate(DD)V @ 491 c2
Event: 92.704 Thread 0x000001bc704e5000 Uncommon trap: reason=class_check action=maybe_recompile pc=0x000001bc60f195cc method=javax.swing.RepaintManager.scheduleHeavyWeightPaints()V @ 72 c2
Event: 92.713 Thread 0x000001bc704e5000 Uncommon trap: reason=unstable_if action=reinterpret pc=0x000001bc60e7d9bc method=javax.swing.RepaintManager.scheduleHeavyWeightPaints()V @ 13 c2

Classes redefined (0 events):
No events

Internal exceptions (10 events):
Event: 0.651 Thread 0x000001bc51baf800 Exception <a 'java/lang/NoSuchMethodError'{0x000000008a967738}: java.lang.invoke.Invokers$Holder.linkToTargetMethod(Ljava/lang/Object;ILjava/lang/Object;)Ljava/lang/Object;> (0x000000008a967738) thrown at [./open/src/hotspot/share/interpreter/linkResolver
Event: 0.678 Thread 0x000001bc704e4000 Exception <a 'java/lang/NoSuchMethodError'{0x000000008ae8da00}: java.lang.invoke.DirectMethodHandle$Holder.invokeVirtual(Ljava/lang/Object;Ljava/lang/Object;)V> (0x000000008ae8da00) thrown at [./open/src/hotspot/share/interpreter/linkResolver.cpp, line 77
Event: 0.738 Thread 0x000001bc704e5000 Exception <a 'java/lang/NoSuchMethodError'{0x000000008a8bb9b8}: java.lang.invoke.DirectMethodHandle$Holder.invokeStatic(Ljava/lang/Object;Ljava/lang/Object;Ljava/lang/Object;Ljava/lang/Object;Ljava/lang/Object;Ljava/lang/Object;Ljava/lang/Object;Ljava/lan
Event: 9.033 Thread 0x000001bc704e5000 Exception <a 'java/lang/NoSuchMethodError'{0x0000000089a6d0e8}: java.lang.invoke.DirectMethodHandle$Holder.invokeSpecialIFC(Ljava/lang/Object;Ljava/lang/Object;I)I> (0x0000000089a6d0e8) thrown at [./open/src/hotspot/share/interpreter/linkResolver.cpp, lin
Event: 25.828 Thread 0x000001bc704e5000 Implicit null exception at 0x000001bc60e70001 to 0x000001bc60e72110
Event: 25.833 Thread 0x000001bc704e5000 Implicit null exception at 0x000001bc60e5feef to 0x000001bc60e618ac
Event: 40.780 Thread 0x000001bc73a07800 Exception <a 'java/io/FileNotFoundException'{0x000000008aa68560}> (0x000000008aa68560) thrown at [./open/src/hotspot/share/prims/jni.cpp, line 611]
Event: 40.780 Thread 0x000001bc73a07800 JVM_StopThread thread JavaThread 0x000001bc73a07800 as oop 0x0000000085487af0 [exception 0x000000a7410ff3a8]
Event: 40.780 Thread 0x000001bc73a07800 Exception <a 'java/lang/ThreadDeath'{0x000000008aa68bb8}> (0x000000008aa68bb8) thrown at [./open/src/hotspot/share/prims/jvm.cpp, line 2965]
Event: 71.745 Thread 0x000001bc704e5000 Implicit null exception at 0x000001bc60ee03db to 0x000001bc60ee0b80

Events (10 events):
Event: 102.926 Executing VM operation: G1CollectForAllocation done
Event: 103.499 Executing VM operation: G1CollectForAllocation
Event: 103.501 Executing VM operation: G1CollectForAllocation done
Event: 103.544 Executing VM operation: CGC_Operation
Event: 103.546 Executing VM operation: CGC_Operation done
Event: 103.579 Executing VM operation: CGC_Operation
Event: 103.580 Executing VM operation: CGC_Operation done
Event: 103.911 Executing VM operation: G1CollectForAllocation
Event: 103.912 Executing VM operation: G1CollectForAllocation done
Event: 104.322 Executing VM operation: G1CollectForAllocation


Dynamic libraries:
0x00007ff789840000 - 0x00007ff78984f000 	C:\Program Files\Java\jdk-11.0.14\bin\javaw.exe
0x00007ff9bf240000 - 0x00007ff9bf449000 	C:\WINDOWS\SYSTEM32\ntdll.dll
0x00007ff9bd270000 - 0x00007ff9bd32e000 	C:\WINDOWS\System32\KERNEL32.DLL
0x00007ff9bcc90000 - 0x00007ff9bd00b000 	C:\WINDOWS\System32\KERNELBASE.dll
0x00007ff9bc7d0000 - 0x00007ff9bc8e1000 	C:\WINDOWS\System32\ucrtbase.dll
0x00007ff9b69a0000 - 0x00007ff9b69b5000 	C:\Program Files\Java\jdk-11.0.14\bin\VCRUNTIME140.dll
0x00007ff9b7af0000 - 0x00007ff9b7b08000 	C:\Program Files\Java\jdk-11.0.14\bin\jli.dll
0x00007ff9bf150000 - 0x00007ff9bf1fe000 	C:\WINDOWS\System32\ADVAPI32.dll
0x00007ff9bd770000 - 0x00007ff9bd813000 	C:\WINDOWS\System32\msvcrt.dll
0x00007ff9bdd40000 - 0x00007ff9bddde000 	C:\WINDOWS\System32\sechost.dll
0x00007ff9be4e0000 - 0x00007ff9be600000 	C:\WINDOWS\System32\RPCRT4.dll
0x00007ff9bd0c0000 - 0x00007ff9bd26d000 	C:\WINDOWS\System32\USER32.dll
0x00007ff9bd010000 - 0x00007ff9bd036000 	C:\WINDOWS\System32\win32u.dll
0x00007ff9a1560000 - 0x00007ff9a1805000 	C:\WINDOWS\WinSxS\amd64_microsoft.windows.common-controls_6595b64144ccf1df_6.0.22000.120_none_9d947278b86cc467\COMCTL32.dll
0x00007ff9bdf80000 - 0x00007ff9bdfa9000 	C:\WINDOWS\System32\GDI32.dll
0x00007ff9bc8f0000 - 0x00007ff9bca08000 	C:\WINDOWS\System32\gdi32full.dll
0x00007ff9bcb80000 - 0x00007ff9bcc1d000 	C:\WINDOWS\System32\msvcp_win.dll
0x00007ff9b5ca0000 - 0x00007ff9b5caa000 	C:\WINDOWS\SYSTEM32\VERSION.dll
0x00007ff9bdfc0000 - 0x00007ff9bdff2000 	C:\WINDOWS\System32\IMM32.DLL
0x00007ff97e810000 - 0x00007ff97e8ab000 	C:\Program Files\Java\jdk-11.0.14\bin\msvcp140.dll
0x00007ff920f90000 - 0x00007ff921aa6000 	C:\Program Files\Java\jdk-11.0.14\bin\server\jvm.dll
0x00007ff9bd480000 - 0x00007ff9bd488000 	C:\WINDOWS\System32\PSAPI.DLL
0x00007ff9b7a70000 - 0x00007ff9b7aa3000 	C:\WINDOWS\SYSTEM32\WINMM.dll
0x00007ff9b7b90000 - 0x00007ff9b7b99000 	C:\WINDOWS\SYSTEM32\WSOCK32.dll
0x00007ff9bd410000 - 0x00007ff9bd47f000 	C:\WINDOWS\System32\WS2_32.dll
0x00007ff9bb7e0000 - 0x00007ff9bb7f8000 	C:\WINDOWS\SYSTEM32\kernel.appcore.dll
0x00007ff9b7220000 - 0x00007ff9b7230000 	C:\Program Files\Java\jdk-11.0.14\bin\verify.dll
0x00007ff9ba170000 - 0x00007ff9ba391000 	C:\WINDOWS\SYSTEM32\DBGHELP.DLL
0x00007ff9a2960000 - 0x00007ff9a2991000 	C:\WINDOWS\SYSTEM32\dbgcore.DLL
0x00007ff9bd040000 - 0x00007ff9bd0bf000 	C:\WINDOWS\System32\bcryptPrimitives.dll
0x00007ff9adf90000 - 0x00007ff9adfb8000 	C:\Program Files\Java\jdk-11.0.14\bin\java.dll
0x00007ff9b6990000 - 0x00007ff9b699a000 	C:\Program Files\Java\jdk-11.0.14\bin\jimage.dll
0x00007ff9a85e0000 - 0x00007ff9a85f6000 	C:\Program Files\Java\jdk-11.0.14\bin\zip.dll
0x00007ff9be750000 - 0x00007ff9bef08000 	C:\WINDOWS\System32\SHELL32.dll
0x00007ff9ba7c0000 - 0x00007ff9bb025000 	C:\WINDOWS\SYSTEM32\windows.storage.dll
0x00007ff9bd9c0000 - 0x00007ff9bdd38000 	C:\WINDOWS\System32\combase.dll
0x00007ff9ba650000 - 0x00007ff9ba7b6000 	C:\WINDOWS\SYSTEM32\wintypes.dll
0x00007ff9bd830000 - 0x00007ff9bd91a000 	C:\WINDOWS\System32\SHCORE.dll
0x00007ff9be600000 - 0x00007ff9be65d000 	C:\WINDOWS\System32\shlwapi.dll
0x00007ff9bc640000 - 0x00007ff9bc661000 	C:\WINDOWS\SYSTEM32\profapi.dll
0x00007ff975cb0000 - 0x00007ff975e4a000 	C:\Program Files\Java\jdk-11.0.14\bin\awt.dll
0x00007ff9bf010000 - 0x00007ff9bf0e6000 	C:\WINDOWS\System32\OLEAUT32.dll
0x00007ff9b9830000 - 0x00007ff9b98c2000 	C:\WINDOWS\SYSTEM32\apphelp.dll
0x00007ff9b9c50000 - 0x00007ff9b9c7f000 	C:\WINDOWS\system32\DWMAPI.DLL
0x00007ff9b99f0000 - 0x00007ff9b9a9c000 	C:\WINDOWS\system32\uxtheme.dll
0x00007ff992080000 - 0x00007ff992181000 	C:\WINDOWS\system32\opengl32.dll
0x00007ff9a8c10000 - 0x00007ff9a8c3d000 	C:\WINDOWS\SYSTEM32\GLU32.dll
0x00007ff9b9af0000 - 0x00007ff9b9b28000 	C:\WINDOWS\SYSTEM32\dxcore.dll
0x00007ff9bd650000 - 0x00007ff9bd76d000 	C:\WINDOWS\System32\MSCTF.dll
0x00007ff9bdde0000 - 0x00007ff9bdf7a000 	C:\WINDOWS\System32\ole32.dll
0x00007ff97e6f0000 - 0x00007ff97e776000 	C:\Program Files\Java\jdk-11.0.14\bin\freetype.dll
0x00007ff978760000 - 0x00007ff978805000 	C:\Program Files\Java\jdk-11.0.14\bin\fontmanager.dll
0x00007ff9bef30000 - 0x00007ff9befe5000 	C:\WINDOWS\System32\clbcatq.dll
0x00007ff9b08b0000 - 0x00007ff9b0a5e000 	C:\WINDOWS\SYSTEM32\WindowsCodecs.dll
0x00007ff9a8130000 - 0x00007ff9a818d000 	C:\WINDOWS\system32\dataexchange.dll
0x00007ff9b51b0000 - 0x00007ff9b5416000 	C:\WINDOWS\system32\twinapi.appcore.dll
0x00007ff9b1c00000 - 0x00007ff9b1d2d000 	C:\WINDOWS\SYSTEM32\textinputframework.dll
0x00007ff9a8cb0000 - 0x00007ff9a8d19000 	C:\WINDOWS\system32\Oleacc.dll
0x00007ff981010000 - 0x00007ff98144d000 	C:\Windows\System32\uiautomationcore.dll
0x00007ff9bbd90000 - 0x00007ff9bbdb9000 	C:\Windows\System32\USERENV.dll
0x00007ff9a47a0000 - 0x00007ff9a47b5000 	C:\Windows\System32\threadpoolwinrt.dll
0x00007ff98cfc0000 - 0x00007ff98cfd9000 	C:\Program Files\Java\jdk-11.0.14\bin\net.dll
0x00007ff9b8550000 - 0x00007ff9b8664000 	C:\WINDOWS\SYSTEM32\WINHTTP.dll
0x00007ff9bbca0000 - 0x00007ff9bbd07000 	C:\WINDOWS\system32\mswsock.dll
0x00007ff98c490000 - 0x00007ff98c4a2000 	C:\Program Files\Java\jdk-11.0.14\bin\nio.dll
0x00007ff9b9540000 - 0x00007ff9b9671000 	C:\WINDOWS\SYSTEM32\CoreMessaging.dll
0x00007ff9b1660000 - 0x00007ff9b19cd000 	C:\WINDOWS\SYSTEM32\CoreUIComponents.dll
0x00007ff9bbf00000 - 0x00007ff9bbf0c000 	C:\WINDOWS\SYSTEM32\CRYPTBASE.DLL
0x00007ff9a2450000 - 0x00007ff9a24ba000 	C:\WINDOWS\system32\Ninput.dll
0x00007ff9b8070000 - 0x00007ff9b8167000 	C:\WINDOWS\SYSTEM32\PROPSYS.dll
0x00007ff9bc390000 - 0x00007ff9bc3dc000 	C:\WINDOWS\SYSTEM32\CFGMGR32.dll
0x00007ff994d60000 - 0x00007ff994d78000 	C:\WINDOWS\system32\NetworkExplorer.dll
0x00007ff9857b0000 - 0x00007ff985828000 	C:\Windows\System32\Windows.FileExplorer.Common.dll
0x00007ff9b72b0000 - 0x00007ff9b7563000 	C:\Windows\System32\iertutil.dll
0x00007ff995340000 - 0x00007ff995474000 	C:\Windows\System32\Windows.StateRepositoryPS.dll
0x00007ff9adbd0000 - 0x00007ff9adc0e000 	C:\WINDOWS\SYSTEM32\windows.staterepositoryclient.dll
0x00007ff9894b0000 - 0x00007ff9894d6000 	C:\WINDOWS\SYSTEM32\edputil.dll
0x00007ff999460000 - 0x00007ff9994b9000 	C:\WINDOWS\SYSTEM32\VAULTCLI.dll
0x00007ff9b7690000 - 0x00007ff9b7880000 	C:\WINDOWS\SYSTEM32\urlmon.dll
0x00007ff9b7280000 - 0x00007ff9b72a8000 	C:\WINDOWS\SYSTEM32\srvcli.dll
0x00007ff9bb3a0000 - 0x00007ff9bb3ac000 	C:\WINDOWS\SYSTEM32\netutils.dll
0x00007ff9bba90000 - 0x00007ff9bbad2000 	C:\WINDOWS\SYSTEM32\SspiCli.dll
0x00007ff99a090000 - 0x00007ff99a0a3000 	C:\WINDOWS\SYSTEM32\virtdisk.dll
0x00007ff99da70000 - 0x00007ff99da7b000 	C:\WINDOWS\SYSTEM32\FLTLIB.DLL
0x00007ff986e00000 - 0x00007ff986e22000 	C:\Windows\System32\cldapi.dll
0x00007ff98b8c0000 - 0x00007ff98b96c000 	C:\Windows\System32\appresolver.dll
0x00007ff98d0e0000 - 0x00007ff98d145000 	C:\Windows\System32\Bcp47Langs.dll
0x00007ff9af3a0000 - 0x00007ff9afbb7000 	C:\Windows\System32\OneCoreUAPCommonProxyStub.dll
0x00007ff9aec10000 - 0x00007ff9aec2d000 	C:\WINDOWS\SYSTEM32\MPR.dll
0x00007ff981ee0000 - 0x00007ff981ef6000 	C:\WINDOWS\SYSTEM32\pcacli.dll
0x00007ff9a8210000 - 0x00007ff9a8219000 	C:\WINDOWS\System32\sfc_os.dll
0x00007ff9bc490000 - 0x00007ff9bc579000 	C:\WINDOWS\SYSTEM32\ServicingCommon.dll
0x00007ff9be000000 - 0x00007ff9be46c000 	C:\WINDOWS\System32\SETUPAPI.dll

dbghelp: loaded successfully - version: 4.0.5 - missing functions: none
symbol engine: initialized successfully - sym options: 0x614 - pdb path: .;C:\Program Files\Java\jdk-11.0.14\bin;C:\WINDOWS\SYSTEM32;C:\WINDOWS\WinSxS\amd64_microsoft.windows.common-controls_6595b64144ccf1df_6.0.22000.120_none_9d947278b86cc467;C:\Program Files\Java\jdk-11.0.14\bin\server

VM Arguments:
jvm_args: -Dfile.encoding=US-ASCII 
java_command: quantum3.QMain
java_class_path (initial): C:\Users\weibe\eclipse-workspace\quantum3\bin
Launcher Type: SUN_STANDARD

[Global flags]
     intx CICompilerCount                          = 4                                         {product} {ergonomic}
     uint ConcGCThreads                            = 2                                         {product} {ergonomic}
     uint G1ConcRefinementThreads                  = 8                                         {product} {ergonomic}
   size_t G1HeapRegionSize                         = 1048576                                   {product} {ergonomic}
    uintx GCDrainStackTargetSize                   = 64                                        {product} {ergonomic}
   size_t InitialHeapSize                          = 132120576                                 {product} {ergonomic}
   size_t MarkStackSize                            = 4194304                                   {product} {ergonomic}
   size_t MaxHeapSize                              = 2092957696                                {product} {ergonomic}
   size_t MaxNewSize                               = 1255145472                                {product} {ergonomic}
   size_t MinHeapDeltaBytes                        = 1048576                                   {product} {ergonomic}
    uintx NonNMethodCodeHeapSize                   = 5836300                                {pd product} {ergonomic}
    uintx NonProfiledCodeHeapSize                  = 122910970                              {pd product} {ergonomic}
    uintx ProfiledCodeHeapSize                     = 122910970                              {pd product} {ergonomic}
    uintx ReservedCodeCacheSize                    = 251658240                              {pd product} {ergonomic}
     bool SegmentedCodeCache                       = true                                      {product} {ergonomic}
     bool UseCompressedClassPointers               = true                                 {lp64_product} {ergonomic}
     bool UseCompressedOops                        = true                                 {lp64_product} {ergonomic}
     bool UseG1GC                                  = true                                      {product} {ergonomic}
     bool UseLargePagesIndividualAllocation        = false                                  {pd product} {ergonomic}

Logging:
Log output configuration:
 #0: stdout all=warning uptime,level,tags
 #1: stderr all=off uptime,level,tags

Environment Variables:
PATH=C:\Program Files\Python310\Scripts\;C:\Program Files\Python310\;C:\Program Files\Common Files\Oracle\Java\javapath;C:\WINDOWS\system32;C:\WINDOWS;C:\WINDOWS\System32\Wbem;C:\WINDOWS\System32\WindowsPowerShell\v1.0\;C:\WINDOWS\System32\OpenSSH\;C:\Users\weibe\AppData\Local\Microsoft\WindowsApps;C:\Program Files\Git\cmd;C:\Program Files\TortoiseGit\bin;C:\Users\weibe\AppData\Local\Microsoft\WindowsApps;C:\Users\weibe\AppData\Local\Programs\Microsoft VS Code\bin;C:\Users\weibe\AppData\Local\Microsoft\WindowsApps;;C:\Program Files\JetBrains\IntelliJ IDEA Community Edition 2021.3.3\bin;
USERNAME=weibe
OS=Windows_NT
PROCESSOR_IDENTIFIER=Intel64 Family 6 Model 126 Stepping 5, GenuineIntel



---------------  S Y S T E M  ---------------

OS: Windows 11 , 64 bit Build 22000 (10.0.22000.1219)
Hyper-V role detected

CPU:total 8 (initial active 8) (4 cores per cpu, 2 threads per core) family 6 model 126 stepping 5 microcode 0xa0, cmov, cx8, fxsr, mmx, sse, sse2, sse3, ssse3, sse4.1, sse4.2, popcnt, avx, avx2, aes, clmul, erms, 3dnowpref, lzcnt, ht, tsc, tscinvbit, bmi1, bmi2, adx, evex, sha, fma

Memory: 4k page, system-wide physical 7980M (1310M free)
TotalPageFile size 10028M (AvailPageFile size 5M)
current process WorkingSet (physical memory assigned to process): 211M, peak: 222M
current process commit charge ("private bytes"): 233M, peak: 268M

vm_info: Java HotSpot(TM) 64-Bit Server VM (11.0.14+8-LTS-263) for windows-amd64 JRE (11.0.14+8-LTS-263), built on Dec  7 2021 21:53:57 by "mach5one" with MS VC++ 15.9 (VS2017)

END.
