#
# There is insufficient memory for the Java Runtime Environment to continue.
# Native memory allocation (malloc) failed to allocate 343136 bytes for Chunk::new
# Possible reasons:
#   The system is out of physical RAM or swap space
#   The process is running with CompressedOops enabled, and the Java Heap may be blocking the growth of the native heap
# Possible solutions:
#   Reduce memory load on the system
#   Increase physical memory or swap space
#   Check if swap backing store is full
#   Decrease Java heap size (-Xmx/-Xms)
#   Decrease number of Java threads
#   Decrease Java thread stack sizes (-Xss)
#   Set larger code cache with -XX:ReservedCodeCacheSize=
#   JVM is running with Unscaled Compressed Oops mode in which the Java heap is
#     placed in the first 4GB address space. The Java Heap base address is the
#     maximum limit for the native heap growth. Please use -XX:HeapBaseMinAddress
#     to set the Java Heap base and to place the Java Heap above 4GB virtual address.
# This output file may be truncated or incomplete.
#
#  Out of Memory Error (./open/src/hotspot/share/memory/arena.cpp:197), pid=4404, tid=9348
#
# JRE version: Java(TM) SE Runtime Environment 18.9 (11.0.14+8) (build 11.0.14+8-LTS-263)
# Java VM: Java HotSpot(TM) 64-Bit Server VM 18.9 (11.0.14+8-LTS-263, mixed mode, tiered, compressed oops, g1 gc, windows-amd64)
# No core dump will be written. Minidumps are not enabled by default on client versions of Windows
#

---------------  S U M M A R Y ------------

Command Line: -Dfile.encoding=US-ASCII quantum3.QMain

Host: Intel(R) Core(TM) i5-1035G4 CPU @ 1.10GHz, 8 cores, 7G,  Windows 11 , 64 bit Build 22000 (10.0.22000.1219)
Time: Sun Nov 20 13:26:13 2022 Taipei Standard Time elapsed time: 0.987116 seconds (0d 0h 0m 0s)

---------------  T H R E A D  ---------------

Current thread (0x000001c4fa733800):  JavaThread "C2 CompilerThread1" daemon [_thread_in_native, id=9348, stack(0x00000095ccc00000,0x00000095ccd00000)]


Current CompileTask:
C2:    987 1157   !   4       sun.font.TrueTypeFont::getTableBuffer (215 bytes)

Stack: [0x00000095ccc00000,0x00000095ccd00000]
Native frames: (J=compiled Java code, j=interpreted, Vv=VM code, C=native code)
V  [jvm.dll+0x6296da]
V  [jvm.dll+0x76323f]
V  [jvm.dll+0x7648e9]
V  [jvm.dll+0x764f73]
V  [jvm.dll+0x23d7c8]
V  [jvm.dll+0xb297c]
V  [jvm.dll+0xb2f3c]
V  [jvm.dll+0x2ae594]
V  [jvm.dll+0x53cec6]
V  [jvm.dll+0x20069d]
V  [jvm.dll+0x1fa44a]
V  [jvm.dll+0x1f742d]
V  [jvm.dll+0x177b21]
V  [jvm.dll+0x206e26]
V  [jvm.dll+0x204fbb]
V  [jvm.dll+0x729170]
V  [jvm.dll+0x721d44]
V  [jvm.dll+0x6285d6]
C  [ucrtbase.dll+0x26c0c]
C  [KERNEL32.DLL+0x15550]
C  [ntdll.dll+0x485b]


---------------  P R O C E S S  ---------------

Threads class SMR info:
_java_thread_list=0x000001c4fa6ef8d0, length=16, elements={
0x000001c4d9915000, 0x000001c4f9730000, 0x000001c4f973b000, 0x000001c4fa0b2800,
0x000001c4f974c000, 0x000001c4f974d000, 0x000001c4f975b800, 0x000001c4f975f800,
0x000001c4f9769800, 0x000001c4fa269800, 0x000001c4fa570000, 0x000001c4fa570800,
0x000001c4fa562800, 0x000001c4fa733800, 0x000001c4fa564000, 0x000001c4fa563800
}

Java Threads: ( => current thread )
  0x000001c4d9915000 JavaThread "main" [_thread_blocked, id=18216, stack(0x00000095cb800000,0x00000095cb900000)]
  0x000001c4f9730000 JavaThread "Reference Handler" daemon [_thread_blocked, id=3736, stack(0x00000095cbf00000,0x00000095cc000000)]
  0x000001c4f973b000 JavaThread "Finalizer" daemon [_thread_blocked, id=4600, stack(0x00000095cc000000,0x00000095cc100000)]
  0x000001c4fa0b2800 JavaThread "Signal Dispatcher" daemon [_thread_blocked, id=8440, stack(0x00000095cc100000,0x00000095cc200000)]
  0x000001c4f974c000 JavaThread "Attach Listener" daemon [_thread_blocked, id=13692, stack(0x00000095cc200000,0x00000095cc300000)]
  0x000001c4f974d000 JavaThread "Service Thread" daemon [_thread_blocked, id=11296, stack(0x00000095cc300000,0x00000095cc400000)]
  0x000001c4f975b800 JavaThread "C2 CompilerThread0" daemon [_thread_in_native, id=16824, stack(0x00000095cc400000,0x00000095cc500000)]
  0x000001c4f975f800 JavaThread "C1 CompilerThread0" daemon [_thread_blocked, id=12824, stack(0x00000095cc500000,0x00000095cc600000)]
  0x000001c4f9769800 JavaThread "Sweeper thread" daemon [_thread_blocked, id=2284, stack(0x00000095cc600000,0x00000095cc700000)]
  0x000001c4fa269800 JavaThread "Common-Cleaner" daemon [_thread_blocked, id=18400, stack(0x00000095cc800000,0x00000095cc900000)]
  0x000001c4fa570000 JavaThread "Java2D Disposer" daemon [_thread_blocked, id=3848, stack(0x00000095cc900000,0x00000095cca00000)]
  0x000001c4fa570800 JavaThread "AWT-Shutdown" [_thread_blocked, id=14328, stack(0x00000095cca00000,0x00000095ccb00000)]
  0x000001c4fa562800 JavaThread "AWT-Windows" daemon [_thread_in_native, id=10260, stack(0x00000095ccb00000,0x00000095ccc00000)]
=>0x000001c4fa733800 JavaThread "C2 CompilerThread1" daemon [_thread_in_native, id=9348, stack(0x00000095ccc00000,0x00000095ccd00000)]
  0x000001c4fa564000 JavaThread "AWT-EventQueue-0" [_thread_in_Java, id=18316, stack(0x00000095cd000000,0x00000095cd100000)]
  0x000001c4fa563800 JavaThread "Timer-0" [_thread_blocked, id=17008, stack(0x00000095cd200000,0x00000095cd300000)]

Other Threads:
  0x000001c4f9709800 VMThread "VM Thread" [stack: 0x00000095cbe00000,0x00000095cbf00000] [id=18352]
  0x000001c4fa264800 WatcherThread [stack: 0x00000095cc700000,0x00000095cc800000] [id=964]
  0x000001c4d992a000 GCTaskThread "GC Thread#0" [stack: 0x00000095cb900000,0x00000095cba00000] [id=2536]
  0x000001c4d995e000 ConcurrentGCThread "G1 Main Marker" [stack: 0x00000095cba00000,0x00000095cbb00000] [id=11896]
  0x000001c4d9963000 ConcurrentGCThread "G1 Conc#0" [stack: 0x00000095cbb00000,0x00000095cbc00000] [id=16504]
  0x000001c4f9580800 ConcurrentGCThread "G1 Refine#0" [stack: 0x00000095cbc00000,0x00000095cbd00000] [id=10600]
  0x000001c4f9581800 ConcurrentGCThread "G1 Young RemSet Sampling" [stack: 0x00000095cbd00000,0x00000095cbe00000] [id=11152]

Threads with active compile tasks:
C2 CompilerThread0   1015 1196       4       java.util.HashMap$HashIterator::nextNode (100 bytes)
C2 CompilerThread1   1015 1157   !   4       sun.font.TrueTypeFont::getTableBuffer (215 bytes)

VM state:not at safepoint (normal execution)

VM Mutex/Monitor currently owned by a thread: None

Heap address: 0x0000000083400000, size: 1996 MB, Compressed Oops mode: 32-bit
Narrow klass base: 0x0000000000000000, Narrow klass shift: 3
Compressed class space size: 1073741824 Address: 0x0000000100000000

Heap:
 garbage-first heap   total 129024K, used 22528K [0x0000000083400000, 0x0000000100000000)
  region size 1024K, 20 young (20480K), 0 survivors (0K)
 Metaspace       used 13759K, capacity 14176K, committed 14208K, reserved 1062912K
  class space    used 1462K, capacity 1653K, committed 1664K, reserved 1048576K
Heap Regions: E=young(eden), S=young(survivor), O=old, HS=humongous(starts), HC=humongous(continues), CS=collection set, F=free, A=archive, TAMS=top-at-mark-start (previous, next)
|   0|0x0000000083400000, 0x0000000083500000, 0x0000000083500000|100%|HS|  |TAMS 0x0000000083400000, 0x0000000083400000| Complete 
|   1|0x0000000083500000, 0x0000000083600000, 0x0000000083600000|100%|HC|  |TAMS 0x0000000083500000, 0x0000000083500000| Complete 
|   2|0x0000000083600000, 0x0000000083700000, 0x0000000083700000|100%|HC|  |TAMS 0x0000000083600000, 0x0000000083600000| Complete 
|   3|0x0000000083700000, 0x0000000083700000, 0x0000000083800000|  0%| F|  |TAMS 0x0000000083700000, 0x0000000083700000| Untracked 
|   4|0x0000000083800000, 0x0000000083800000, 0x0000000083900000|  0%| F|  |TAMS 0x0000000083800000, 0x0000000083800000| Untracked 
|   5|0x0000000083900000, 0x0000000083900000, 0x0000000083a00000|  0%| F|  |TAMS 0x0000000083900000, 0x0000000083900000| Untracked 
|   6|0x0000000083a00000, 0x0000000083a00000, 0x0000000083b00000|  0%| F|  |TAMS 0x0000000083a00000, 0x0000000083a00000| Untracked 
|   7|0x0000000083b00000, 0x0000000083b00000, 0x0000000083c00000|  0%| F|  |TAMS 0x0000000083b00000, 0x0000000083b00000| Untracked 
|   8|0x0000000083c00000, 0x0000000083c00000, 0x0000000083d00000|  0%| F|  |TAMS 0x0000000083c00000, 0x0000000083c00000| Untracked 
|   9|0x0000000083d00000, 0x0000000083d00000, 0x0000000083e00000|  0%| F|  |TAMS 0x0000000083d00000, 0x0000000083d00000| Untracked 
|  10|0x0000000083e00000, 0x0000000083e00000, 0x0000000083f00000|  0%| F|  |TAMS 0x0000000083e00000, 0x0000000083e00000| Untracked 
|  11|0x0000000083f00000, 0x0000000083f00000, 0x0000000084000000|  0%| F|  |TAMS 0x0000000083f00000, 0x0000000083f00000| Untracked 
|  12|0x0000000084000000, 0x0000000084000000, 0x0000000084100000|  0%| F|  |TAMS 0x0000000084000000, 0x0000000084000000| Untracked 
|  13|0x0000000084100000, 0x0000000084100000, 0x0000000084200000|  0%| F|  |TAMS 0x0000000084100000, 0x0000000084100000| Untracked 
|  14|0x0000000084200000, 0x0000000084200000, 0x0000000084300000|  0%| F|  |TAMS 0x0000000084200000, 0x0000000084200000| Untracked 
|  15|0x0000000084300000, 0x0000000084300000, 0x0000000084400000|  0%| F|  |TAMS 0x0000000084300000, 0x0000000084300000| Untracked 
|  16|0x0000000084400000, 0x0000000084400000, 0x0000000084500000|  0%| F|  |TAMS 0x0000000084400000, 0x0000000084400000| Untracked 
|  17|0x0000000084500000, 0x0000000084500000, 0x0000000084600000|  0%| F|  |TAMS 0x0000000084500000, 0x0000000084500000| Untracked 
|  18|0x0000000084600000, 0x0000000084600000, 0x0000000084700000|  0%| F|  |TAMS 0x0000000084600000, 0x0000000084600000| Untracked 
|  19|0x0000000084700000, 0x0000000084700000, 0x0000000084800000|  0%| F|  |TAMS 0x0000000084700000, 0x0000000084700000| Untracked 
|  20|0x0000000084800000, 0x0000000084800000, 0x0000000084900000|  0%| F|  |TAMS 0x0000000084800000, 0x0000000084800000| Untracked 
|  21|0x0000000084900000, 0x0000000084900000, 0x0000000084a00000|  0%| F|  |TAMS 0x0000000084900000, 0x0000000084900000| Untracked 
|  22|0x0000000084a00000, 0x0000000084a00000, 0x0000000084b00000|  0%| F|  |TAMS 0x0000000084a00000, 0x0000000084a00000| Untracked 
|  23|0x0000000084b00000, 0x0000000084b00000, 0x0000000084c00000|  0%| F|  |TAMS 0x0000000084b00000, 0x0000000084b00000| Untracked 
|  24|0x0000000084c00000, 0x0000000084c00000, 0x0000000084d00000|  0%| F|  |TAMS 0x0000000084c00000, 0x0000000084c00000| Untracked 
|  25|0x0000000084d00000, 0x0000000084d00000, 0x0000000084e00000|  0%| F|  |TAMS 0x0000000084d00000, 0x0000000084d00000| Untracked 
|  26|0x0000000084e00000, 0x0000000084e00000, 0x0000000084f00000|  0%| F|  |TAMS 0x0000000084e00000, 0x0000000084e00000| Untracked 
|  27|0x0000000084f00000, 0x0000000084f00000, 0x0000000085000000|  0%| F|  |TAMS 0x0000000084f00000, 0x0000000084f00000| Untracked 
|  28|0x0000000085000000, 0x0000000085000000, 0x0000000085100000|  0%| F|  |TAMS 0x0000000085000000, 0x0000000085000000| Untracked 
|  29|0x0000000085100000, 0x0000000085100000, 0x0000000085200000|  0%| F|  |TAMS 0x0000000085100000, 0x0000000085100000| Untracked 
|  30|0x0000000085200000, 0x0000000085200000, 0x0000000085300000|  0%| F|  |TAMS 0x0000000085200000, 0x0000000085200000| Untracked 
|  31|0x0000000085300000, 0x0000000085300000, 0x0000000085400000|  0%| F|  |TAMS 0x0000000085300000, 0x0000000085300000| Untracked 
|  32|0x0000000085400000, 0x0000000085400000, 0x0000000085500000|  0%| F|  |TAMS 0x0000000085400000, 0x0000000085400000| Untracked 
|  33|0x0000000085500000, 0x0000000085500000, 0x0000000085600000|  0%| F|  |TAMS 0x0000000085500000, 0x0000000085500000| Untracked 
|  34|0x0000000085600000, 0x0000000085600000, 0x0000000085700000|  0%| F|  |TAMS 0x0000000085600000, 0x0000000085600000| Untracked 
|  35|0x0000000085700000, 0x0000000085700000, 0x0000000085800000|  0%| F|  |TAMS 0x0000000085700000, 0x0000000085700000| Untracked 
|  36|0x0000000085800000, 0x0000000085800000, 0x0000000085900000|  0%| F|  |TAMS 0x0000000085800000, 0x0000000085800000| Untracked 
|  37|0x0000000085900000, 0x0000000085900000, 0x0000000085a00000|  0%| F|  |TAMS 0x0000000085900000, 0x0000000085900000| Untracked 
|  38|0x0000000085a00000, 0x0000000085a00000, 0x0000000085b00000|  0%| F|  |TAMS 0x0000000085a00000, 0x0000000085a00000| Untracked 
|  39|0x0000000085b00000, 0x0000000085b00000, 0x0000000085c00000|  0%| F|  |TAMS 0x0000000085b00000, 0x0000000085b00000| Untracked 
|  40|0x0000000085c00000, 0x0000000085c00000, 0x0000000085d00000|  0%| F|  |TAMS 0x0000000085c00000, 0x0000000085c00000| Untracked 
|  41|0x0000000085d00000, 0x0000000085d00000, 0x0000000085e00000|  0%| F|  |TAMS 0x0000000085d00000, 0x0000000085d00000| Untracked 
|  42|0x0000000085e00000, 0x0000000085e00000, 0x0000000085f00000|  0%| F|  |TAMS 0x0000000085e00000, 0x0000000085e00000| Untracked 
|  43|0x0000000085f00000, 0x0000000085f00000, 0x0000000086000000|  0%| F|  |TAMS 0x0000000085f00000, 0x0000000085f00000| Untracked 
|  44|0x0000000086000000, 0x0000000086000000, 0x0000000086100000|  0%| F|  |TAMS 0x0000000086000000, 0x0000000086000000| Untracked 
|  45|0x0000000086100000, 0x0000000086100000, 0x0000000086200000|  0%| F|  |TAMS 0x0000000086100000, 0x0000000086100000| Untracked 
|  46|0x0000000086200000, 0x0000000086200000, 0x0000000086300000|  0%| F|  |TAMS 0x0000000086200000, 0x0000000086200000| Untracked 
|  47|0x0000000086300000, 0x0000000086300000, 0x0000000086400000|  0%| F|  |TAMS 0x0000000086300000, 0x0000000086300000| Untracked 
|  48|0x0000000086400000, 0x0000000086400000, 0x0000000086500000|  0%| F|  |TAMS 0x0000000086400000, 0x0000000086400000| Untracked 
|  49|0x0000000086500000, 0x0000000086500000, 0x0000000086600000|  0%| F|  |TAMS 0x0000000086500000, 0x0000000086500000| Untracked 
|  50|0x0000000086600000, 0x0000000086600000, 0x0000000086700000|  0%| F|  |TAMS 0x0000000086600000, 0x0000000086600000| Untracked 
|  51|0x0000000086700000, 0x0000000086700000, 0x0000000086800000|  0%| F|  |TAMS 0x0000000086700000, 0x0000000086700000| Untracked 
|  52|0x0000000086800000, 0x0000000086800000, 0x0000000086900000|  0%| F|  |TAMS 0x0000000086800000, 0x0000000086800000| Untracked 
|  53|0x0000000086900000, 0x0000000086900000, 0x0000000086a00000|  0%| F|  |TAMS 0x0000000086900000, 0x0000000086900000| Untracked 
|  54|0x0000000086a00000, 0x0000000086a00000, 0x0000000086b00000|  0%| F|  |TAMS 0x0000000086a00000, 0x0000000086a00000| Untracked 
|  55|0x0000000086b00000, 0x0000000086b00000, 0x0000000086c00000|  0%| F|  |TAMS 0x0000000086b00000, 0x0000000086b00000| Untracked 
|  56|0x0000000086c00000, 0x0000000086c00000, 0x0000000086d00000|  0%| F|  |TAMS 0x0000000086c00000, 0x0000000086c00000| Untracked 
|  57|0x0000000086d00000, 0x0000000086d00000, 0x0000000086e00000|  0%| F|  |TAMS 0x0000000086d00000, 0x0000000086d00000| Untracked 
|  58|0x0000000086e00000, 0x0000000086e00000, 0x0000000086f00000|  0%| F|  |TAMS 0x0000000086e00000, 0x0000000086e00000| Untracked 
|  59|0x0000000086f00000, 0x0000000086f00000, 0x0000000087000000|  0%| F|  |TAMS 0x0000000086f00000, 0x0000000086f00000| Untracked 
|  60|0x0000000087000000, 0x0000000087000000, 0x0000000087100000|  0%| F|  |TAMS 0x0000000087000000, 0x0000000087000000| Untracked 
|  61|0x0000000087100000, 0x0000000087100000, 0x0000000087200000|  0%| F|  |TAMS 0x0000000087100000, 0x0000000087100000| Untracked 
|  62|0x0000000087200000, 0x0000000087200000, 0x0000000087300000|  0%| F|  |TAMS 0x0000000087200000, 0x0000000087200000| Untracked 
|  63|0x0000000087300000, 0x0000000087300000, 0x0000000087400000|  0%| F|  |TAMS 0x0000000087300000, 0x0000000087300000| Untracked 
|  64|0x0000000087400000, 0x0000000087400000, 0x0000000087500000|  0%| F|  |TAMS 0x0000000087400000, 0x0000000087400000| Untracked 
|  65|0x0000000087500000, 0x0000000087500000, 0x0000000087600000|  0%| F|  |TAMS 0x0000000087500000, 0x0000000087500000| Untracked 
|  66|0x0000000087600000, 0x0000000087600000, 0x0000000087700000|  0%| F|  |TAMS 0x0000000087600000, 0x0000000087600000| Untracked 
|  67|0x0000000087700000, 0x0000000087700000, 0x0000000087800000|  0%| F|  |TAMS 0x0000000087700000, 0x0000000087700000| Untracked 
|  68|0x0000000087800000, 0x0000000087800000, 0x0000000087900000|  0%| F|  |TAMS 0x0000000087800000, 0x0000000087800000| Untracked 
|  69|0x0000000087900000, 0x0000000087900000, 0x0000000087a00000|  0%| F|  |TAMS 0x0000000087900000, 0x0000000087900000| Untracked 
|  70|0x0000000087a00000, 0x0000000087a00000, 0x0000000087b00000|  0%| F|  |TAMS 0x0000000087a00000, 0x0000000087a00000| Untracked 
|  71|0x0000000087b00000, 0x0000000087b00000, 0x0000000087c00000|  0%| F|  |TAMS 0x0000000087b00000, 0x0000000087b00000| Untracked 
|  72|0x0000000087c00000, 0x0000000087c00000, 0x0000000087d00000|  0%| F|  |TAMS 0x0000000087c00000, 0x0000000087c00000| Untracked 
|  73|0x0000000087d00000, 0x0000000087d00000, 0x0000000087e00000|  0%| F|  |TAMS 0x0000000087d00000, 0x0000000087d00000| Untracked 
|  74|0x0000000087e00000, 0x0000000087e00000, 0x0000000087f00000|  0%| F|  |TAMS 0x0000000087e00000, 0x0000000087e00000| Untracked 
|  75|0x0000000087f00000, 0x0000000087f00000, 0x0000000088000000|  0%| F|  |TAMS 0x0000000087f00000, 0x0000000087f00000| Untracked 
|  76|0x0000000088000000, 0x0000000088000000, 0x0000000088100000|  0%| F|  |TAMS 0x0000000088000000, 0x0000000088000000| Untracked 
|  77|0x0000000088100000, 0x0000000088100000, 0x0000000088200000|  0%| F|  |TAMS 0x0000000088100000, 0x0000000088100000| Untracked 
|  78|0x0000000088200000, 0x0000000088200000, 0x0000000088300000|  0%| F|  |TAMS 0x0000000088200000, 0x0000000088200000| Untracked 
|  79|0x0000000088300000, 0x0000000088300000, 0x0000000088400000|  0%| F|  |TAMS 0x0000000088300000, 0x0000000088300000| Untracked 
|  80|0x0000000088400000, 0x0000000088400000, 0x0000000088500000|  0%| F|  |TAMS 0x0000000088400000, 0x0000000088400000| Untracked 
|  81|0x0000000088500000, 0x0000000088500000, 0x0000000088600000|  0%| F|  |TAMS 0x0000000088500000, 0x0000000088500000| Untracked 
|  82|0x0000000088600000, 0x0000000088600000, 0x0000000088700000|  0%| F|  |TAMS 0x0000000088600000, 0x0000000088600000| Untracked 
|  83|0x0000000088700000, 0x0000000088700000, 0x0000000088800000|  0%| F|  |TAMS 0x0000000088700000, 0x0000000088700000| Untracked 
|  84|0x0000000088800000, 0x0000000088800000, 0x0000000088900000|  0%| F|  |TAMS 0x0000000088800000, 0x0000000088800000| Untracked 
|  85|0x0000000088900000, 0x0000000088900000, 0x0000000088a00000|  0%| F|  |TAMS 0x0000000088900000, 0x0000000088900000| Untracked 
|  86|0x0000000088a00000, 0x0000000088a00000, 0x0000000088b00000|  0%| F|  |TAMS 0x0000000088a00000, 0x0000000088a00000| Untracked 
|  87|0x0000000088b00000, 0x0000000088b00000, 0x0000000088c00000|  0%| F|  |TAMS 0x0000000088b00000, 0x0000000088b00000| Untracked 
|  88|0x0000000088c00000, 0x0000000088c00000, 0x0000000088d00000|  0%| F|  |TAMS 0x0000000088c00000, 0x0000000088c00000| Untracked 
|  89|0x0000000088d00000, 0x0000000088d00000, 0x0000000088e00000|  0%| F|  |TAMS 0x0000000088d00000, 0x0000000088d00000| Untracked 
|  90|0x0000000088e00000, 0x0000000088e00000, 0x0000000088f00000|  0%| F|  |TAMS 0x0000000088e00000, 0x0000000088e00000| Untracked 
|  91|0x0000000088f00000, 0x0000000088f00000, 0x0000000089000000|  0%| F|  |TAMS 0x0000000088f00000, 0x0000000088f00000| Untracked 
|  92|0x0000000089000000, 0x0000000089000000, 0x0000000089100000|  0%| F|  |TAMS 0x0000000089000000, 0x0000000089000000| Untracked 
|  93|0x0000000089100000, 0x0000000089100000, 0x0000000089200000|  0%| F|  |TAMS 0x0000000089100000, 0x0000000089100000| Untracked 
|  94|0x0000000089200000, 0x0000000089200000, 0x0000000089300000|  0%| F|  |TAMS 0x0000000089200000, 0x0000000089200000| Untracked 
|  95|0x0000000089300000, 0x0000000089300000, 0x0000000089400000|  0%| F|  |TAMS 0x0000000089300000, 0x0000000089300000| Untracked 
|  96|0x0000000089400000, 0x0000000089400000, 0x0000000089500000|  0%| F|  |TAMS 0x0000000089400000, 0x0000000089400000| Untracked 
|  97|0x0000000089500000, 0x0000000089500000, 0x0000000089600000|  0%| F|  |TAMS 0x0000000089500000, 0x0000000089500000| Untracked 
|  98|0x0000000089600000, 0x0000000089600000, 0x0000000089700000|  0%| F|  |TAMS 0x0000000089600000, 0x0000000089600000| Untracked 
|  99|0x0000000089700000, 0x0000000089700000, 0x0000000089800000|  0%| F|  |TAMS 0x0000000089700000, 0x0000000089700000| Untracked 
| 100|0x0000000089800000, 0x0000000089800000, 0x0000000089900000|  0%| F|  |TAMS 0x0000000089800000, 0x0000000089800000| Untracked 
| 101|0x0000000089900000, 0x0000000089900000, 0x0000000089a00000|  0%| F|  |TAMS 0x0000000089900000, 0x0000000089900000| Untracked 
| 102|0x0000000089a00000, 0x0000000089a00000, 0x0000000089b00000|  0%| F|  |TAMS 0x0000000089a00000, 0x0000000089a00000| Untracked 
| 103|0x0000000089b00000, 0x0000000089b00000, 0x0000000089c00000|  0%| F|  |TAMS 0x0000000089b00000, 0x0000000089b00000| Untracked 
| 104|0x0000000089c00000, 0x0000000089c00000, 0x0000000089d00000|  0%| F|  |TAMS 0x0000000089c00000, 0x0000000089c00000| Untracked 
| 105|0x0000000089d00000, 0x0000000089d00000, 0x0000000089e00000|  0%| F|  |TAMS 0x0000000089d00000, 0x0000000089d00000| Untracked 
| 106|0x0000000089e00000, 0x0000000089e7eae0, 0x0000000089f00000| 49%| E|  |TAMS 0x0000000089e00000, 0x0000000089e00000| Complete 
| 107|0x0000000089f00000, 0x000000008a000000, 0x000000008a000000|100%| E|CS|TAMS 0x0000000089f00000, 0x0000000089f00000| Complete 
| 108|0x000000008a000000, 0x000000008a100000, 0x000000008a100000|100%| E|CS|TAMS 0x000000008a000000, 0x000000008a000000| Complete 
| 109|0x000000008a100000, 0x000000008a200000, 0x000000008a200000|100%| E|CS|TAMS 0x000000008a100000, 0x000000008a100000| Complete 
| 110|0x000000008a200000, 0x000000008a300000, 0x000000008a300000|100%| E|CS|TAMS 0x000000008a200000, 0x000000008a200000| Complete 
| 111|0x000000008a300000, 0x000000008a400000, 0x000000008a400000|100%| E|CS|TAMS 0x000000008a300000, 0x000000008a300000| Complete 
| 112|0x000000008a400000, 0x000000008a500000, 0x000000008a500000|100%| E|CS|TAMS 0x000000008a400000, 0x000000008a400000| Complete 
| 113|0x000000008a500000, 0x000000008a600000, 0x000000008a600000|100%| E|CS|TAMS 0x000000008a500000, 0x000000008a500000| Complete 
| 114|0x000000008a600000, 0x000000008a700000, 0x000000008a700000|100%| E|CS|TAMS 0x000000008a600000, 0x000000008a600000| Complete 
| 115|0x000000008a700000, 0x000000008a800000, 0x000000008a800000|100%| E|CS|TAMS 0x000000008a700000, 0x000000008a700000| Complete 
| 116|0x000000008a800000, 0x000000008a900000, 0x000000008a900000|100%| E|CS|TAMS 0x000000008a800000, 0x000000008a800000| Complete 
| 117|0x000000008a900000, 0x000000008aa00000, 0x000000008aa00000|100%| E|CS|TAMS 0x000000008a900000, 0x000000008a900000| Complete 
| 118|0x000000008aa00000, 0x000000008ab00000, 0x000000008ab00000|100%| E|CS|TAMS 0x000000008aa00000, 0x000000008aa00000| Complete 
| 119|0x000000008ab00000, 0x000000008ac00000, 0x000000008ac00000|100%| E|CS|TAMS 0x000000008ab00000, 0x000000008ab00000| Complete 
| 120|0x000000008ac00000, 0x000000008ad00000, 0x000000008ad00000|100%| E|CS|TAMS 0x000000008ac00000, 0x000000008ac00000| Complete 
| 121|0x000000008ad00000, 0x000000008ae00000, 0x000000008ae00000|100%| E|CS|TAMS 0x000000008ad00000, 0x000000008ad00000| Complete 
| 122|0x000000008ae00000, 0x000000008af00000, 0x000000008af00000|100%| E|CS|TAMS 0x000000008ae00000, 0x000000008ae00000| Complete 
| 123|0x000000008af00000, 0x000000008b000000, 0x000000008b000000|100%| E|CS|TAMS 0x000000008af00000, 0x000000008af00000| Complete 
| 124|0x000000008b000000, 0x000000008b100000, 0x000000008b100000|100%| E|CS|TAMS 0x000000008b000000, 0x000000008b000000| Complete 
| 125|0x000000008b100000, 0x000000008b200000, 0x000000008b200000|100%| E|CS|TAMS 0x000000008b100000, 0x000000008b100000| Complete 

Card table byte_map: [0x000001c4f2600000,0x000001c4f29f0000] _byte_map_base: 0x000001c4f21e6000

Marking Bits (Prev, Next): (CMBitMap*) 0x000001c4d99553e8, (CMBitMap*) 0x000001c4d9955420
 Prev Bits: [0x000001c4f2de0000, 0x000001c4f4d10000)
 Next Bits: [0x000001c4f4d10000, 0x000001c4f6c40000)

Polling page: 0x000001c4d9a00000

Metaspace:

Usage:
  Non-class:     12.23 MB capacity,    12.01 MB ( 98%) used,   185.12 KB (  1%) free+waste,    40.75 KB ( <1%) overhead. 
      Class:      1.61 MB capacity,     1.43 MB ( 88%) used,   168.30 KB ( 10%) free+waste,    22.69 KB (  1%) overhead. 
       Both:     13.84 MB capacity,    13.44 MB ( 97%) used,   353.41 KB (  2%) free+waste,    63.44 KB ( <1%) overhead. 

Virtual space:
  Non-class space:       14.00 MB reserved,      12.25 MB ( 88%) committed 
      Class space:        1.00 GB reserved,       1.63 MB ( <1%) committed 
             Both:        1.01 GB reserved,      13.88 MB (  1%) committed 

Chunk freelists:
   Non-Class:  2.63 KB
       Class:  1.38 KB
        Both:  4.00 KB

CodeHeap 'non-profiled nmethods': size=120000Kb used=376Kb max_used=376Kb free=119623Kb
 bounds [0x000001c4ea270000, 0x000001c4ea4e0000, 0x000001c4f17a0000]
CodeHeap 'profiled nmethods': size=120000Kb used=2105Kb max_used=2105Kb free=117894Kb
 bounds [0x000001c4e2d40000, 0x000001c4e2fb0000, 0x000001c4ea270000]
CodeHeap 'non-nmethods': size=5760Kb used=1189Kb max_used=1204Kb free=4570Kb
 bounds [0x000001c4e27a0000, 0x000001c4e2a10000, 0x000001c4e2d40000]
 total_blobs=1726 nmethods=1195 adapters=443
 compilation: enabled
              stopped_count=0, restarted_count=0
 full_count=0

Compilation events (10 events):
Event: 0.977 Thread 0x000001c4f975f800 1179       3       java.lang.Character::toLowerCase (9 bytes)
Event: 0.977 Thread 0x000001c4f975f800 nmethod 1179 0x000001c4e2f46a90 code [0x000001c4e2f46c40, 0x000001c4e2f46e18]
Event: 0.977 Thread 0x000001c4f975f800 1180       3       java.lang.CharacterData::of (120 bytes)
Event: 0.977 Thread 0x000001c4f975f800 nmethod 1180 0x000001c4e2f46f10 code [0x000001c4e2f47100, 0x000001c4e2f477d8]
Event: 0.981 Thread 0x000001c4f975b800 1181       4       java.lang.StringLatin1::toLowerCase (180 bytes)
Event: 0.982 Thread 0x000001c4f975f800 1184       3       java.lang.String::equals (65 bytes)
Event: 0.982 Thread 0x000001c4f975f800 nmethod 1184 0x000001c4e2f47990 code [0x000001c4e2f47b80, 0x000001c4e2f481d8]
Event: 0.982 Thread 0x000001c4f975f800 1185   !   3       sun.nio.cs.UnicodeDecoder::decodeLoop (326 bytes)
Event: 0.984 Thread 0x000001c4f975f800 nmethod 1185 0x000001c4e2f48390 code [0x000001c4e2f48700, 0x000001c4e2f4a1d8]
Event: 0.984 Thread 0x000001c4f975f800 1186       3       java.util.HashSet::size (8 bytes)

GC Heap History (0 events):
No events

Deoptimization events (6 events):
Event: 0.128 Thread 0x000001c4d9915000 Uncommon trap: reason=unstable_if action=reinterpret pc=0x000001c4ea274010 method=java.lang.String.hashCode()I @ 14 c2
Event: 0.735 Thread 0x000001c4fa564000 Uncommon trap: reason=unstable_if action=reinterpret pc=0x000001c4ea2b4b98 method=java.lang.StringLatin1.toLowerCase(Ljava/lang/String;[BLjava/util/Locale;)Ljava/lang/String; @ 40 c2
Event: 0.951 Thread 0x000001c4fa564000 Uncommon trap: reason=unstable_if action=reinterpret pc=0x000001c4ea2843b0 method=java.lang.String.hashCode()I @ 22 c2
Event: 0.974 Thread 0x000001c4fa564000 Uncommon trap: reason=unstable_if action=reinterpret pc=0x000001c4ea2b850c method=java.lang.CharacterData.of(I)Ljava/lang/CharacterData; @ 4 c2
Event: 0.980 Thread 0x000001c4fa564000 Uncommon trap: reason=unstable_if action=reinterpret pc=0x000001c4ea2c9b1c method=java.lang.Character.isSurrogate(C)Z @ 3 c2
Event: 0.980 Thread 0x000001c4fa564000 Uncommon trap: reason=unstable_if action=reinterpret pc=0x000001c4ea28614c method=java.lang.String.equals(Ljava/lang/Object;)Z @ 34 c2

Classes redefined (0 events):
No events

Internal exceptions (10 events):
Event: 0.384 Thread 0x000001c4d9915000 Exception <a 'java/lang/NoSuchMethodError'{0x000000008ac50838}: java.lang.invoke.DirectMethodHandle$Holder.invokeStatic(Ljava/lang/Object;ILjava/lang/Object;)Ljava/lang/Object;> (0x000000008ac50838) thrown at [./open/src/hotspot/share/interpreter/linkReso
Event: 0.426 Thread 0x000001c4d9915000 Exception <a 'java/lang/ClassNotFoundException'{0x000000008acfb0a0}: com/sun/swing/internal/plaf/metal/resources/spi/metalProvider> (0x000000008acfb0a0) thrown at [./open/src/hotspot/share/classfile/systemDictionary.cpp, line 226]
Event: 0.427 Thread 0x000001c4d9915000 Exception <a 'java/lang/ClassNotFoundException'{0x000000008acff068}: com/sun/swing/internal/plaf/basic/resources/spi/basicProvider> (0x000000008acff068) thrown at [./open/src/hotspot/share/classfile/systemDictionary.cpp, line 226]
Event: 0.547 Thread 0x000001c4d9915000 Exception <a 'java/lang/NoSuchMethodError'{0x000000008aa133b8}: java.lang.invoke.DirectMethodHandle$Holder.invokeStaticInit(Ljava/lang/Object;)V> (0x000000008aa133b8) thrown at [./open/src/hotspot/share/interpreter/linkResolver.cpp, line 772]
Event: 0.580 Thread 0x000001c4d9915000 Exception <a 'java/lang/NoSuchMethodError'{0x000000008a9192f0}: java.lang.invoke.DirectMethodHandle$Holder.invokeStatic(Ljava/lang/Object;Ljava/lang/Object;Ljava/lang/Object;Ljava/lang/Object;Ljava/lang/Object;Ljava/lang/Object;Ljava/lang/Object;Ljava/lan
Event: 0.582 Thread 0x000001c4d9915000 Exception <a 'java/lang/NoSuchMethodError'{0x000000008a9374f0}: java.lang.invoke.DirectMethodHandle$Holder.invokeStatic(Ljava/lang/Object;Ljava/lang/Object;Ljava/lang/Object;Ljava/lang/Object;Ljava/lang/Object;Ljava/lang/Object;Ljava/lang/Object;Ljava/lan
Event: 0.583 Thread 0x000001c4d9915000 Exception <a 'java/lang/NoSuchMethodError'{0x000000008a956480}: java.lang.invoke.DirectMethodHandle$Holder.invokeStatic(Ljava/lang/Object;Ljava/lang/Object;Ljava/lang/Object;Ljava/lang/Object;Ljava/lang/Object;Ljava/lang/Object;Ljava/lang/Object;Ljava/lan
Event: 0.584 Thread 0x000001c4d9915000 Exception <a 'java/lang/NoSuchMethodError'{0x000000008a962430}: java.lang.invoke.Invokers$Holder.linkToTargetMethod(Ljava/lang/Object;ILjava/lang/Object;)Ljava/lang/Object;> (0x000000008a962430) thrown at [./open/src/hotspot/share/interpreter/linkResolver
Event: 0.605 Thread 0x000001c4fa562800 Exception <a 'java/lang/NoSuchMethodError'{0x000000008ae8d9e8}: java.lang.invoke.DirectMethodHandle$Holder.invokeVirtual(Ljava/lang/Object;Ljava/lang/Object;)V> (0x000000008ae8d9e8) thrown at [./open/src/hotspot/share/interpreter/linkResolver.cpp, line 77
Event: 0.684 Thread 0x000001c4fa564000 Exception <a 'java/lang/NoSuchMethodError'{0x000000008a9c9590}: java.lang.invoke.DirectMethodHandle$Holder.invokeStatic(Ljava/lang/Object;Ljava/lang/Object;Ljava/lang/Object;Ljava/lang/Object;Ljava/lang/Object;Ljava/lang/Object;Ljava/lang/Object;Ljava/lan

Events (10 events):
Event: 0.974 loading class java/lang/CharacterData00
Event: 0.974 loading class java/lang/CharacterData00 done
Event: 0.975 Executing VM operation: Deoptimize
Event: 0.975 Executing VM operation: Deoptimize done
Event: 0.980 Thread 0x000001c4fa564000 Uncommon trap: trap_request=0xffffff4d fr.pc=0x000001c4ea2c9b1c relative=0x00000000000003dc
Event: 0.980 Thread 0x000001c4fa564000 DEOPT PACKING pc=0x000001c4ea2c9b1c sp=0x00000095cd0f95b0
Event: 0.980 Thread 0x000001c4fa564000 DEOPT UNPACKING pc=0x000001c4e27a83af sp=0x00000095cd0f94c8 mode 2
Event: 0.980 Thread 0x000001c4fa564000 Uncommon trap: trap_request=0xffffff4d fr.pc=0x000001c4ea28614c relative=0x00000000000001ac
Event: 0.980 Thread 0x000001c4fa564000 DEOPT PACKING pc=0x000001c4ea28614c sp=0x00000095cd0f99c0
Event: 0.980 Thread 0x000001c4fa564000 DEOPT UNPACKING pc=0x000001c4e27a83af sp=0x00000095cd0f9958 mode 2


Dynamic libraries:
0x00007ff6315c0000 - 0x00007ff6315cf000 	C:\Program Files\Java\jdk-11.0.14\bin\javaw.exe
0x00007ff8cfc20000 - 0x00007ff8cfe29000 	C:\WINDOWS\SYSTEM32\ntdll.dll
0x00007ff8cf740000 - 0x00007ff8cf7fe000 	C:\WINDOWS\System32\KERNEL32.DLL
0x00007ff8cd370000 - 0x00007ff8cd6eb000 	C:\WINDOWS\System32\KERNELBASE.dll
0x00007ff8cd980000 - 0x00007ff8cda91000 	C:\WINDOWS\System32\ucrtbase.dll
0x00007ff8c7040000 - 0x00007ff8c7058000 	C:\Program Files\Java\jdk-11.0.14\bin\jli.dll
0x00007ff8b9720000 - 0x00007ff8b9735000 	C:\Program Files\Java\jdk-11.0.14\bin\VCRUNTIME140.dll
0x00007ff8cfb30000 - 0x00007ff8cfbde000 	C:\WINDOWS\System32\ADVAPI32.dll
0x00007ff8cf690000 - 0x00007ff8cf733000 	C:\WINDOWS\System32\msvcrt.dll
0x00007ff8ceb80000 - 0x00007ff8cec1e000 	C:\WINDOWS\System32\sechost.dll
0x00007ff8cf500000 - 0x00007ff8cf620000 	C:\WINDOWS\System32\RPCRT4.dll
0x00007ff8cdbd0000 - 0x00007ff8cdd7d000 	C:\WINDOWS\System32\USER32.dll
0x00007ff8cd6f0000 - 0x00007ff8cd716000 	C:\WINDOWS\System32\win32u.dll
0x00007ff8ce320000 - 0x00007ff8ce349000 	C:\WINDOWS\System32\GDI32.dll
0x00007ff8cd0f0000 - 0x00007ff8cd208000 	C:\WINDOWS\System32\gdi32full.dll
0x00007ff8ae470000 - 0x00007ff8ae715000 	C:\WINDOWS\WinSxS\amd64_microsoft.windows.common-controls_6595b64144ccf1df_6.0.22000.120_none_9d947278b86cc467\COMCTL32.dll
0x00007ff8cd2d0000 - 0x00007ff8cd36d000 	C:\WINDOWS\System32\msvcp_win.dll
0x00007ff8c4d20000 - 0x00007ff8c4d2a000 	C:\WINDOWS\SYSTEM32\VERSION.dll
0x00007ff8cdb90000 - 0x00007ff8cdbc2000 	C:\WINDOWS\System32\IMM32.DLL
0x00007ff88e5e0000 - 0x00007ff88e67b000 	C:\Program Files\Java\jdk-11.0.14\bin\msvcp140.dll
0x00007ff8541c0000 - 0x00007ff854cd6000 	C:\Program Files\Java\jdk-11.0.14\bin\server\jvm.dll
0x00007ff8cf620000 - 0x00007ff8cf628000 	C:\WINDOWS\System32\PSAPI.DLL
0x00007ff8c7bc0000 - 0x00007ff8c7bf3000 	C:\WINDOWS\SYSTEM32\WINMM.dll
0x00007ff8c7420000 - 0x00007ff8c7429000 	C:\WINDOWS\SYSTEM32\WSOCK32.dll
0x00007ff8cf490000 - 0x00007ff8cf4ff000 	C:\WINDOWS\System32\WS2_32.dll
0x00007ff8cc1c0000 - 0x00007ff8cc1d8000 	C:\WINDOWS\SYSTEM32\kernel.appcore.dll
0x00007ff8c54c0000 - 0x00007ff8c54d0000 	C:\Program Files\Java\jdk-11.0.14\bin\verify.dll
0x00007ff8ca6e0000 - 0x00007ff8ca901000 	C:\WINDOWS\SYSTEM32\DBGHELP.DLL
0x00007ff8b1390000 - 0x00007ff8b13c1000 	C:\WINDOWS\SYSTEM32\dbgcore.DLL
0x00007ff8cd720000 - 0x00007ff8cd79f000 	C:\WINDOWS\System32\bcryptPrimitives.dll
0x00007ff8a36c0000 - 0x00007ff8a36e8000 	C:\Program Files\Java\jdk-11.0.14\bin\java.dll
0x00007ff8b8160000 - 0x00007ff8b816a000 	C:\Program Files\Java\jdk-11.0.14\bin\jimage.dll
0x00007ff8a35c0000 - 0x00007ff8a35d6000 	C:\Program Files\Java\jdk-11.0.14\bin\zip.dll
0x00007ff8cec30000 - 0x00007ff8cf3e8000 	C:\WINDOWS\System32\SHELL32.dll
0x00007ff8cb1a0000 - 0x00007ff8cba05000 	C:\WINDOWS\SYSTEM32\windows.storage.dll
0x00007ff8cdfa0000 - 0x00007ff8ce318000 	C:\WINDOWS\System32\combase.dll
0x00007ff8cb030000 - 0x00007ff8cb196000 	C:\WINDOWS\SYSTEM32\wintypes.dll
0x00007ff8cdaa0000 - 0x00007ff8cdb8a000 	C:\WINDOWS\System32\SHCORE.dll
0x00007ff8cdd90000 - 0x00007ff8cdded000 	C:\WINDOWS\System32\shlwapi.dll
0x00007ff8cd020000 - 0x00007ff8cd041000 	C:\WINDOWS\SYSTEM32\profapi.dll
0x00007ff877610000 - 0x00007ff8777aa000 	C:\Program Files\Java\jdk-11.0.14\bin\awt.dll
0x00007ff8ce370000 - 0x00007ff8ce446000 	C:\WINDOWS\System32\OLEAUT32.dll
0x00007ff8ca250000 - 0x00007ff8ca2e2000 	C:\WINDOWS\SYSTEM32\apphelp.dll
0x00007ff8caa00000 - 0x00007ff8caa2f000 	C:\WINDOWS\system32\DWMAPI.DLL
0x00007ff8ca3f0000 - 0x00007ff8ca49c000 	C:\WINDOWS\system32\uxtheme.dll
0x00007ff8a55a0000 - 0x00007ff8a56a1000 	C:\WINDOWS\system32\opengl32.dll
0x00007ff8b9320000 - 0x00007ff8b934d000 	C:\WINDOWS\SYSTEM32\GLU32.dll
0x00007ff8ca4d0000 - 0x00007ff8ca508000 	C:\WINDOWS\SYSTEM32\dxcore.dll
0x00007ff8cea60000 - 0x00007ff8ceb7d000 	C:\WINDOWS\System32\MSCTF.dll
0x00007ff8ce450000 - 0x00007ff8ce5ea000 	C:\WINDOWS\System32\ole32.dll
0x00007ff88da90000 - 0x00007ff88db16000 	C:\Program Files\Java\jdk-11.0.14\bin\freetype.dll
0x00007ff875db0000 - 0x00007ff875e55000 	C:\Program Files\Java\jdk-11.0.14\bin\fontmanager.dll
0x00007ff8cdee0000 - 0x00007ff8cdf95000 	C:\WINDOWS\System32\clbcatq.dll
0x00007ff8c4b70000 - 0x00007ff8c4d1e000 	C:\WINDOWS\SYSTEM32\WindowsCodecs.dll
0x00007ff8a37d0000 - 0x00007ff8a382d000 	C:\WINDOWS\system32\dataexchange.dll
0x00007ff8c6400000 - 0x00007ff8c6666000 	C:\WINDOWS\system32\twinapi.appcore.dll
0x00007ff89fe30000 - 0x00007ff89ff5d000 	C:\WINDOWS\SYSTEM32\textinputframework.dll
0x00007ff8a5c00000 - 0x00007ff8a5c69000 	C:\WINDOWS\system32\Oleacc.dll
0x00007ff891550000 - 0x00007ff89198d000 	C:\Windows\System32\uiautomationcore.dll
0x00007ff8cc770000 - 0x00007ff8cc799000 	C:\Windows\System32\USERENV.dll
0x00007ff8b6f80000 - 0x00007ff8b6f95000 	C:\Windows\System32\threadpoolwinrt.dll
0x00007ff8a35a0000 - 0x00007ff8a35b9000 	C:\Program Files\Java\jdk-11.0.14\bin\net.dll
0x00007ff8c8e50000 - 0x00007ff8c8f64000 	C:\WINDOWS\SYSTEM32\WINHTTP.dll
0x00007ff8cc680000 - 0x00007ff8cc6e7000 	C:\WINDOWS\system32\mswsock.dll
0x00007ff89d380000 - 0x00007ff89d392000 	C:\Program Files\Java\jdk-11.0.14\bin\nio.dll

dbghelp: loaded successfully - version: 4.0.5 - missing functions: none
symbol engine: initialized successfully - sym options: 0x614 - pdb path: .;C:\Program Files\Java\jdk-11.0.14\bin;C:\WINDOWS\SYSTEM32;C:\WINDOWS\WinSxS\amd64_microsoft.windows.common-controls_6595b64144ccf1df_6.0.22000.120_none_9d947278b86cc467;C:\Program Files\Java\jdk-11.0.14\bin\server

VM Arguments:
jvm_args: -Dfile.encoding=US-ASCII 
java_command: quantum3.QMain
java_class_path (initial): C:\Users\weibe\eclipse-workspace\quantum3\bin
Launcher Type: SUN_STANDARD

[Global flags]
     intx CICompilerCount                          = 4                                         {product} {ergonomic}
     uint ConcGCThreads                            = 2                                         {product} {ergonomic}
     uint G1ConcRefinementThreads                  = 8                                         {product} {ergonomic}
   size_t G1HeapRegionSize                         = 1048576                                   {product} {ergonomic}
    uintx GCDrainStackTargetSize                   = 64                                        {product} {ergonomic}
   size_t InitialHeapSize                          = 132120576                                 {product} {ergonomic}
   size_t MarkStackSize                            = 4194304                                   {product} {ergonomic}
   size_t MaxHeapSize                              = 2092957696                                {product} {ergonomic}
   size_t MaxNewSize                               = 1255145472                                {product} {ergonomic}
   size_t MinHeapDeltaBytes                        = 1048576                                   {product} {ergonomic}
    uintx NonNMethodCodeHeapSize                   = 5836300                                {pd product} {ergonomic}
    uintx NonProfiledCodeHeapSize                  = 122910970                              {pd product} {ergonomic}
    uintx ProfiledCodeHeapSize                     = 122910970                              {pd product} {ergonomic}
    uintx ReservedCodeCacheSize                    = 251658240                              {pd product} {ergonomic}
     bool SegmentedCodeCache                       = true                                      {product} {ergonomic}
     bool UseCompressedClassPointers               = true                                 {lp64_product} {ergonomic}
     bool UseCompressedOops                        = true                                 {lp64_product} {ergonomic}
     bool UseG1GC                                  = true                                      {product} {ergonomic}
     bool UseLargePagesIndividualAllocation        = false                                  {pd product} {ergonomic}

Logging:
Log output configuration:
 #0: stdout all=warning uptime,level,tags
 #1: stderr all=off uptime,level,tags

Environment Variables:
PATH=C:\Program Files\Python310\Scripts\;C:\Program Files\Python310\;C:\Program Files\Common Files\Oracle\Java\javapath;C:\WINDOWS\system32;C:\WINDOWS;C:\WINDOWS\System32\Wbem;C:\WINDOWS\System32\WindowsPowerShell\v1.0\;C:\WINDOWS\System32\OpenSSH\;C:\Users\weibe\AppData\Local\Microsoft\WindowsApps;C:\Program Files\Git\cmd;C:\Program Files\TortoiseGit\bin;C:\Users\weibe\AppData\Local\Microsoft\WindowsApps;C:\Users\weibe\AppData\Local\Programs\Microsoft VS Code\bin;C:\Users\weibe\AppData\Local\Microsoft\WindowsApps;;C:\Program Files\JetBrains\IntelliJ IDEA Community Edition 2021.3.3\bin;
USERNAME=weibe
OS=Windows_NT
PROCESSOR_IDENTIFIER=Intel64 Family 6 Model 126 Stepping 5, GenuineIntel



---------------  S Y S T E M  ---------------

OS: Windows 11 , 64 bit Build 22000 (10.0.22000.1219)
Hyper-V role detected

CPU:total 8 (initial active 8) (4 cores per cpu, 2 threads per core) family 6 model 126 stepping 5 microcode 0xa0, cmov, cx8, fxsr, mmx, sse, sse2, sse3, ssse3, sse4.1, sse4.2, popcnt, avx, avx2, aes, clmul, erms, 3dnowpref, lzcnt, ht, tsc, tscinvbit, bmi1, bmi2, adx, evex, sha, fma

Memory: 4k page, system-wide physical 7980M (1151M free)
TotalPageFile size 10028M (AvailPageFile size 4M)
current process WorkingSet (physical memory assigned to process): 84M, peak: 84M
current process commit charge ("private bytes"): 223M, peak: 224M

vm_info: Java HotSpot(TM) 64-Bit Server VM (11.0.14+8-LTS-263) for windows-amd64 JRE (11.0.14+8-LTS-263), built on Dec  7 2021 21:53:57 by "mach5one" with MS VC++ 15.9 (VS2017)

END.
