#
# There is insufficient memory for the Java Runtime Environment to continue.
# Native memory allocation (mmap) failed to map 132120576 bytes for Failed to commit area from 0x0000000083400000 to 0x000000008b200000 of length 132120576.
# Possible reasons:
#   The system is out of physical RAM or swap space
#   The process is running with CompressedOops enabled, and the Java Heap may be blocking the growth of the native heap
# Possible solutions:
#   Reduce memory load on the system
#   Increase physical memory or swap space
#   Check if swap backing store is full
#   Decrease Java heap size (-Xmx/-Xms)
#   Decrease number of Java threads
#   Decrease Java thread stack sizes (-Xss)
#   Set larger code cache with -XX:ReservedCodeCacheSize=
# This output file may be truncated or incomplete.
#
#  Out of Memory Error (./open/src/hotspot/os/windows/os_windows.cpp:3284), pid=8360, tid=11380
#
# JRE version:  (11.0.14+8) (build )
# Java VM: Java HotSpot(TM) 64-Bit Server VM (11.0.14+8-LTS-263, mixed mode, sharing, tiered, compressed oops, g1 gc, windows-amd64)
# No core dump will be written. Minidumps are not enabled by default on client versions of Windows
#

---------------  S U M M A R Y ------------

Command Line: -Dfile.encoding=Cp1252 quantum3.QMain

Host: Intel(R) Core(TM) i5-1035G4 CPU @ 1.10GHz, 8 cores, 7G,  Windows 11 , 64 bit Build 22000 (10.0.22000.708)
Time: Thu Nov  3 22:26:15 2022 Taipei Standard Time elapsed time: 0.027869 seconds (0d 0h 0m 0s)

---------------  T H R E A D  ---------------

Current thread (0x0000020023766800):  JavaThread "Unknown thread" [_thread_in_vm, id=11380, stack(0x000000c875f00000,0x000000c876000000)]

Stack: [0x000000c875f00000,0x000000c876000000]
Native frames: (J=compiled Java code, j=interpreted, Vv=VM code, C=native code)
V  [jvm.dll+0x6296da]
V  [jvm.dll+0x76323f]
V  [jvm.dll+0x7648e9]
V  [jvm.dll+0x764f73]
V  [jvm.dll+0x23d7c8]
V  [jvm.dll+0x626a5a]
V  [jvm.dll+0x61b7f5]
V  [jvm.dll+0x2f262c]
V  [jvm.dll+0x2f24b2]
V  [jvm.dll+0x2f71d6]
V  [jvm.dll+0x339bdf]
V  [jvm.dll+0x339610]
V  [jvm.dll+0x2cfc48]
V  [jvm.dll+0x2d0db6]
V  [jvm.dll+0x73d857]
V  [jvm.dll+0x73f0ef]
V  [jvm.dll+0x346909]
V  [jvm.dll+0x723160]
V  [jvm.dll+0x3b551f]
V  [jvm.dll+0x3b7631]
C  [jli.dll+0x5207]
C  [ucrtbase.dll+0x26c0c]
C  [KERNEL32.DLL+0x154e0]
C  [ntdll.dll+0x485b]


---------------  P R O C E S S  ---------------

Threads class SMR info:
_java_thread_list=0x0000020021e45e50, length=0, elements={
}

Java Threads: ( => current thread )

Other Threads:
  0x000002002377b800 GCTaskThread "GC Thread#0" [stack: 0x000000c876000000,0x000000c876100000] [id=14556]
  0x00000200237ae800 ConcurrentGCThread "G1 Main Marker" [stack: 0x000000c876100000,0x000000c876200000] [id=13432]
  0x00000200237af800 ConcurrentGCThread "G1 Conc#0" [stack: 0x000000c876200000,0x000000c876300000] [id=5948]

[error occurred during error reporting (printing all threads), id 0xc0000005, EXCEPTION_ACCESS_VIOLATION (0xc0000005) at pc=0x00007ff88903eed7]

VM state:not at safepoint (not fully initialized)

VM Mutex/Monitor currently owned by a thread:  ([mutex/lock_event])
[0x0000020023762c50] Heap_lock - owner thread: 0x0000020023766800

Heap address: 0x0000000083400000, size: 1996 MB, Compressed Oops mode: Non-zero based: 0x0000000083400000
Narrow klass base: 0x0000000000000000, Narrow klass shift: 0

GC Heap History (0 events):
No events

Deoptimization events (0 events):
No events

Classes redefined (0 events):
No events

Internal exceptions (0 events):
No events

Events (0 events):
No events


Dynamic libraries:
0x00007ff7f66d0000 - 0x00007ff7f66df000 	C:\Program Files\Java\jdk-11.0.14\bin\javaw.exe
0x00007ff8efcc0000 - 0x00007ff8efec9000 	C:\WINDOWS\SYSTEM32\ntdll.dll
0x00007ff8ef4c0000 - 0x00007ff8ef57d000 	C:\WINDOWS\System32\KERNEL32.DLL
0x00007ff8ed190000 - 0x00007ff8ed50b000 	C:\WINDOWS\System32\KERNELBASE.dll
0x00007ff8ed6d0000 - 0x00007ff8ed7e1000 	C:\WINDOWS\System32\ucrtbase.dll
0x00007ff8e9290000 - 0x00007ff8e92a5000 	C:\Program Files\Java\jdk-11.0.14\bin\VCRUNTIME140.dll
0x00007ff8e68b0000 - 0x00007ff8e68c8000 	C:\Program Files\Java\jdk-11.0.14\bin\jli.dll
0x00007ff8ee5a0000 - 0x00007ff8ee64e000 	C:\WINDOWS\System32\ADVAPI32.dll
0x00007ff8efbd0000 - 0x00007ff8efc73000 	C:\WINDOWS\System32\msvcrt.dll
0x00007ff8eddd0000 - 0x00007ff8ede6e000 	C:\WINDOWS\System32\sechost.dll
0x00007ff8efab0000 - 0x00007ff8efbd0000 	C:\WINDOWS\System32\RPCRT4.dll
0x00007ff8ee020000 - 0x00007ff8ee1cd000 	C:\WINDOWS\System32\USER32.dll
0x00007ff8edb10000 - 0x00007ff8edb36000 	C:\WINDOWS\System32\win32u.dll
0x00007ff8ec500000 - 0x00007ff8ec7a5000 	C:\WINDOWS\WinSxS\amd64_microsoft.windows.common-controls_6595b64144ccf1df_6.0.22000.120_none_9d947278b86cc467\COMCTL32.dll
0x00007ff8ee530000 - 0x00007ff8ee559000 	C:\WINDOWS\System32\GDI32.dll
0x00007ff8ed510000 - 0x00007ff8ed628000 	C:\WINDOWS\System32\gdi32full.dll
0x00007ff8ed630000 - 0x00007ff8ed6cd000 	C:\WINDOWS\System32\msvcp_win.dll
0x00007ff8df020000 - 0x00007ff8df02a000 	C:\WINDOWS\SYSTEM32\VERSION.dll
0x00007ff8ee560000 - 0x00007ff8ee591000 	C:\WINDOWS\System32\IMM32.DLL
0x00007ff8d3f70000 - 0x00007ff8d400b000 	C:\Program Files\Java\jdk-11.0.14\bin\msvcp140.dll
0x00007ff888d60000 - 0x00007ff889876000 	C:\Program Files\Java\jdk-11.0.14\bin\server\jvm.dll
0x00007ff8ee520000 - 0x00007ff8ee528000 	C:\WINDOWS\System32\PSAPI.DLL
0x00007ff8e8a20000 - 0x00007ff8e8a53000 	C:\WINDOWS\SYSTEM32\WINMM.dll
0x00007ff8e9280000 - 0x00007ff8e9289000 	C:\WINDOWS\SYSTEM32\WSOCK32.dll
0x00007ff8edd60000 - 0x00007ff8eddcf000 	C:\WINDOWS\System32\WS2_32.dll
0x00007ff8ebb90000 - 0x00007ff8ebba8000 	C:\WINDOWS\SYSTEM32\kernel.appcore.dll
0x00007ff8e68a0000 - 0x00007ff8e68b0000 	C:\Program Files\Java\jdk-11.0.14\bin\verify.dll
0x00007ff8ecab0000 - 0x00007ff8eccd1000 	C:\WINDOWS\SYSTEM32\DBGHELP.DLL
0x00007ff8ec980000 - 0x00007ff8ec9b1000 	C:\WINDOWS\SYSTEM32\dbgcore.DLL
0x00007ff8ed7f0000 - 0x00007ff8ed86f000 	C:\WINDOWS\System32\bcryptPrimitives.dll
0x00007ff8e6870000 - 0x00007ff8e6898000 	C:\Program Files\Java\jdk-11.0.14\bin\java.dll
0x00007ff8e6860000 - 0x00007ff8e686a000 	C:\Program Files\Java\jdk-11.0.14\bin\jimage.dll
0x00007ff8e6810000 - 0x00007ff8e6826000 	C:\Program Files\Java\jdk-11.0.14\bin\zip.dll

dbghelp: loaded successfully - version: 4.0.5 - missing functions: none
symbol engine: initialized successfully - sym options: 0x614 - pdb path: .;C:\Program Files\Java\jdk-11.0.14\bin;C:\WINDOWS\SYSTEM32;C:\WINDOWS\WinSxS\amd64_microsoft.windows.common-controls_6595b64144ccf1df_6.0.22000.120_none_9d947278b86cc467;C:\Program Files\Java\jdk-11.0.14\bin\server

VM Arguments:
jvm_args: -Dfile.encoding=Cp1252 
java_command: quantum3.QMain
java_class_path (initial): C:\Users\weibe\eclipse-workspace\quantum3\bin
Launcher Type: SUN_STANDARD

[Global flags]
     intx CICompilerCount                          = 4                                         {product} {ergonomic}
     uint ConcGCThreads                            = 2                                         {product} {ergonomic}
     uint G1ConcRefinementThreads                  = 8                                         {product} {ergonomic}
   size_t G1HeapRegionSize                         = 1048576                                   {product} {ergonomic}
    uintx GCDrainStackTargetSize                   = 64                                        {product} {ergonomic}
   size_t InitialHeapSize                          = 132120576                                 {product} {ergonomic}
   size_t MarkStackSize                            = 4194304                                   {product} {ergonomic}
   size_t MaxHeapSize                              = 2092957696                                {product} {ergonomic}
   size_t MinHeapDeltaBytes                        = 1048576                                   {product} {ergonomic}
    uintx NonNMethodCodeHeapSize                   = 5836300                                {pd product} {ergonomic}
    uintx NonProfiledCodeHeapSize                  = 122910970                              {pd product} {ergonomic}
    uintx ProfiledCodeHeapSize                     = 122910970                              {pd product} {ergonomic}
    uintx ReservedCodeCacheSize                    = 251658240                              {pd product} {ergonomic}
     bool SegmentedCodeCache                       = true                                      {product} {ergonomic}
     bool UseCompressedClassPointers               = true                                 {lp64_product} {ergonomic}
     bool UseCompressedOops                        = true                                 {lp64_product} {ergonomic}
     bool UseG1GC                                  = true                                      {product} {ergonomic}
     bool UseLargePagesIndividualAllocation        = false                                  {pd product} {ergonomic}

Logging:
Log output configuration:
 #0: stdout all=warning uptime,level,tags
 #1: stderr all=off uptime,level,tags

Environment Variables:
PATH=C:\Program Files\Python310\Scripts\;C:\Program Files\Python310\;C:\Program Files\Common Files\Oracle\Java\javapath;C:\WINDOWS\system32;C:\WINDOWS;C:\WINDOWS\System32\Wbem;C:\WINDOWS\System32\WindowsPowerShell\v1.0\;C:\WINDOWS\System32\OpenSSH\;C:\Users\weibe\AppData\Local\Microsoft\WindowsApps;C:\Program Files\Git\cmd;C:\Program Files\TortoiseGit\bin;C:\Users\weibe\AppData\Local\Microsoft\WindowsApps;C:\Users\weibe\AppData\Local\Programs\Microsoft VS Code\bin;C:\Users\weibe\AppData\Local\Microsoft\WindowsApps;;C:\Program Files\JetBrains\IntelliJ IDEA Community Edition 2021.3.3\bin;
USERNAME=weibe
OS=Windows_NT
PROCESSOR_IDENTIFIER=Intel64 Family 6 Model 126 Stepping 5, GenuineIntel



---------------  S Y S T E M  ---------------

OS: Windows 11 , 64 bit Build 22000 (10.0.22000.708)
Hyper-V role detected

CPU:total 8 (initial active 8) (4 cores per cpu, 2 threads per core) family 6 model 126 stepping 5 microcode 0xa0, cmov, cx8, fxsr, mmx, sse, sse2, sse3, ssse3, sse4.1, sse4.2, popcnt, avx, avx2, aes, clmul, erms, 3dnowpref, lzcnt, ht, tsc, tscinvbit, bmi1, bmi2, adx, evex, sha, fma

Memory: 4k page, system-wide physical 7980M (1473M free)
TotalPageFile size 10028M (AvailPageFile size 20M)
current process WorkingSet (physical memory assigned to process): 10M, peak: 10M
current process commit charge ("private bytes"): 60M, peak: 186M

vm_info: Java HotSpot(TM) 64-Bit Server VM (11.0.14+8-LTS-263) for windows-amd64 JRE (11.0.14+8-LTS-263), built on Dec  7 2021 21:53:57 by "mach5one" with MS VC++ 15.9 (VS2017)

END.
