#
# There is insufficient memory for the Java Runtime Environment to continue.
# Native memory allocation (malloc) failed to allocate 524176 bytes for Chunk::new
# Possible reasons:
#   The system is out of physical RAM or swap space
#   The process is running with CompressedOops enabled, and the Java Heap may be blocking the growth of the native heap
# Possible solutions:
#   Reduce memory load on the system
#   Increase physical memory or swap space
#   Check if swap backing store is full
#   Decrease Java heap size (-Xmx/-Xms)
#   Decrease number of Java threads
#   Decrease Java thread stack sizes (-Xss)
#   Set larger code cache with -XX:ReservedCodeCacheSize=
#   JVM is running with Unscaled Compressed Oops mode in which the Java heap is
#     placed in the first 4GB address space. The Java Heap base address is the
#     maximum limit for the native heap growth. Please use -XX:HeapBaseMinAddress
#     to set the Java Heap base and to place the Java Heap above 4GB virtual address.
# This output file may be truncated or incomplete.
#
#  Out of Memory Error (./open/src/hotspot/share/memory/arena.cpp:197), pid=4536, tid=3816
#
# JRE version: Java(TM) SE Runtime Environment 18.9 (11.0.14+8) (build 11.0.14+8-LTS-263)
# Java VM: Java HotSpot(TM) 64-Bit Server VM 18.9 (11.0.14+8-LTS-263, mixed mode, tiered, compressed oops, g1 gc, windows-amd64)
# No core dump will be written. Minidumps are not enabled by default on client versions of Windows
#

---------------  S U M M A R Y ------------

Command Line: -Dfile.encoding=Cp1252 quantum3.QMain

Host: Intel(R) Core(TM) i5-1035G4 CPU @ 1.10GHz, 8 cores, 7G,  Windows 11 , 64 bit Build 22000 (10.0.22000.708)
Time: Mon Oct 24 21:39:43 2022 Taipei Standard Time elapsed time: 0.380478 seconds (0d 0h 0m 0s)

---------------  T H R E A D  ---------------

Current thread (0x0000027064340800):  JavaThread "C2 CompilerThread0" daemon [_thread_in_native, id=3816, stack(0x000000952ec00000,0x000000952ed00000)]


Current CompileTask:
C2:    380  482       4       jdk.internal.org.objectweb.asm.Frame::execute (2264 bytes)

Stack: [0x000000952ec00000,0x000000952ed00000]
Native frames: (J=compiled Java code, j=interpreted, Vv=VM code, C=native code)
V  [jvm.dll+0x6296da]
V  [jvm.dll+0x76323f]
V  [jvm.dll+0x7648e9]
V  [jvm.dll+0x764f73]
V  [jvm.dll+0x23d7c8]
V  [jvm.dll+0xb297c]
V  [jvm.dll+0xb2f3c]
V  [jvm.dll+0x2ae594]
V  [jvm.dll+0x53cec6]
V  [jvm.dll+0x20069d]
V  [jvm.dll+0x1fa44a]
V  [jvm.dll+0x1f742d]
V  [jvm.dll+0x177b21]
V  [jvm.dll+0x206e26]
V  [jvm.dll+0x204fbb]
V  [jvm.dll+0x729170]
V  [jvm.dll+0x721d44]
V  [jvm.dll+0x6285d6]
C  [ucrtbase.dll+0x26c0c]
C  [KERNEL32.DLL+0x154e0]
C  [ntdll.dll+0x485b]


---------------  P R O C E S S  ---------------

Threads class SMR info:
_java_thread_list=0x0000027065270e00, length=14, elements={
0x0000027045d06000, 0x0000027064310800, 0x0000027064319800, 0x0000027064330000,
0x0000027064331000, 0x0000027064333800, 0x0000027064340800, 0x000002706434a800,
0x000002706434c000, 0x0000027064e13000, 0x0000027065142800, 0x000002706527d800,
0x000002706527e000, 0x0000027065277000
}

Java Threads: ( => current thread )
  0x0000027045d06000 JavaThread "main" [_thread_in_vm, id=11356, stack(0x000000952e000000,0x000000952e100000)]
  0x0000027064310800 JavaThread "Reference Handler" daemon [_thread_blocked, id=11416, stack(0x000000952e700000,0x000000952e800000)]
  0x0000027064319800 JavaThread "Finalizer" daemon [_thread_blocked, id=11528, stack(0x000000952e800000,0x000000952e900000)]
  0x0000027064330000 JavaThread "Signal Dispatcher" daemon [_thread_blocked, id=6472, stack(0x000000952e900000,0x000000952ea00000)]
  0x0000027064331000 JavaThread "Attach Listener" daemon [_thread_blocked, id=13436, stack(0x000000952ea00000,0x000000952eb00000)]
  0x0000027064333800 JavaThread "Service Thread" daemon [_thread_blocked, id=13432, stack(0x000000952eb00000,0x000000952ec00000)]
=>0x0000027064340800 JavaThread "C2 CompilerThread0" daemon [_thread_in_native, id=3816, stack(0x000000952ec00000,0x000000952ed00000)]
  0x000002706434a800 JavaThread "C1 CompilerThread0" daemon [_thread_in_native, id=15728, stack(0x000000952ed00000,0x000000952ee00000)]
  0x000002706434c000 JavaThread "Sweeper thread" daemon [_thread_blocked, id=9808, stack(0x000000952ee00000,0x000000952ef00000)]
  0x0000027064e13000 JavaThread "Common-Cleaner" daemon [_thread_blocked, id=7140, stack(0x000000952f000000,0x000000952f100000)]
  0x0000027065142800 JavaThread "Java2D Disposer" daemon [_thread_blocked, id=19140, stack(0x000000952f100000,0x000000952f200000)]
  0x000002706527d800 JavaThread "AWT-Shutdown" [_thread_blocked, id=8600, stack(0x000000952f200000,0x000000952f300000)]
  0x000002706527e000 JavaThread "AWT-Windows" daemon [_thread_in_native, id=17208, stack(0x000000952f300000,0x000000952f400000)]
  0x0000027065277000 JavaThread "C2 CompilerThread1" daemon [_thread_in_native, id=9252, stack(0x000000952f400000,0x000000952f500000)]

Other Threads:
  0x00000270642ec000 VMThread "VM Thread" [stack: 0x000000952e600000,0x000000952e700000] [id=18328]
  0x0000027064e0f000 WatcherThread [stack: 0x000000952ef00000,0x000000952f000000] [id=6076]
  0x0000027045d1a000 GCTaskThread "GC Thread#0" [stack: 0x000000952e100000,0x000000952e200000] [id=7880]
  0x0000027045d4d800 ConcurrentGCThread "G1 Main Marker" [stack: 0x000000952e200000,0x000000952e300000] [id=12040]
  0x0000027045d4e800 ConcurrentGCThread "G1 Conc#0" [stack: 0x000000952e300000,0x000000952e400000] [id=8052]
  0x0000027045de2800 ConcurrentGCThread "G1 Refine#0" [stack: 0x000000952e400000,0x000000952e500000] [id=15176]
  0x0000027064160800 ConcurrentGCThread "G1 Young RemSet Sampling" [stack: 0x000000952e500000,0x000000952e600000] [id=952]

Threads with active compile tasks:
C2 CompilerThread0    405  482       4       jdk.internal.org.objectweb.asm.Frame::execute (2264 bytes)
C1 CompilerThread0    405  572       3       jdk.internal.org.objectweb.asm.ClassWriter::toByteArray (1423 bytes)
C2 CompilerThread1    405  545       4       jdk.internal.org.objectweb.asm.ClassWriter::newUTF8 (70 bytes)

VM state:not at safepoint (normal execution)

VM Mutex/Monitor currently owned by a thread: None

Heap address: 0x0000000083400000, size: 1996 MB, Compressed Oops mode: 32-bit
Narrow klass base: 0x0000000000000000, Narrow klass shift: 3
Compressed class space size: 1073741824 Address: 0x0000000100000000

Heap:
 garbage-first heap   total 129024K, used 6144K [0x0000000083400000, 0x0000000100000000)
  region size 1024K, 7 young (7168K), 0 survivors (0K)
 Metaspace       used 9723K, capacity 10016K, committed 10112K, reserved 1058816K
  class space    used 970K, capacity 1097K, committed 1152K, reserved 1048576K
Heap Regions: E=young(eden), S=young(survivor), O=old, HS=humongous(starts), HC=humongous(continues), CS=collection set, F=free, A=archive, TAMS=top-at-mark-start (previous, next)
|   0|0x0000000083400000, 0x0000000083400000, 0x0000000083500000|  0%| F|  |TAMS 0x0000000083400000, 0x0000000083400000| Untracked 
|   1|0x0000000083500000, 0x0000000083500000, 0x0000000083600000|  0%| F|  |TAMS 0x0000000083500000, 0x0000000083500000| Untracked 
|   2|0x0000000083600000, 0x0000000083600000, 0x0000000083700000|  0%| F|  |TAMS 0x0000000083600000, 0x0000000083600000| Untracked 
|   3|0x0000000083700000, 0x0000000083700000, 0x0000000083800000|  0%| F|  |TAMS 0x0000000083700000, 0x0000000083700000| Untracked 
|   4|0x0000000083800000, 0x0000000083800000, 0x0000000083900000|  0%| F|  |TAMS 0x0000000083800000, 0x0000000083800000| Untracked 
|   5|0x0000000083900000, 0x0000000083900000, 0x0000000083a00000|  0%| F|  |TAMS 0x0000000083900000, 0x0000000083900000| Untracked 
|   6|0x0000000083a00000, 0x0000000083a00000, 0x0000000083b00000|  0%| F|  |TAMS 0x0000000083a00000, 0x0000000083a00000| Untracked 
|   7|0x0000000083b00000, 0x0000000083b00000, 0x0000000083c00000|  0%| F|  |TAMS 0x0000000083b00000, 0x0000000083b00000| Untracked 
|   8|0x0000000083c00000, 0x0000000083c00000, 0x0000000083d00000|  0%| F|  |TAMS 0x0000000083c00000, 0x0000000083c00000| Untracked 
|   9|0x0000000083d00000, 0x0000000083d00000, 0x0000000083e00000|  0%| F|  |TAMS 0x0000000083d00000, 0x0000000083d00000| Untracked 
|  10|0x0000000083e00000, 0x0000000083e00000, 0x0000000083f00000|  0%| F|  |TAMS 0x0000000083e00000, 0x0000000083e00000| Untracked 
|  11|0x0000000083f00000, 0x0000000083f00000, 0x0000000084000000|  0%| F|  |TAMS 0x0000000083f00000, 0x0000000083f00000| Untracked 
|  12|0x0000000084000000, 0x0000000084000000, 0x0000000084100000|  0%| F|  |TAMS 0x0000000084000000, 0x0000000084000000| Untracked 
|  13|0x0000000084100000, 0x0000000084100000, 0x0000000084200000|  0%| F|  |TAMS 0x0000000084100000, 0x0000000084100000| Untracked 
|  14|0x0000000084200000, 0x0000000084200000, 0x0000000084300000|  0%| F|  |TAMS 0x0000000084200000, 0x0000000084200000| Untracked 
|  15|0x0000000084300000, 0x0000000084300000, 0x0000000084400000|  0%| F|  |TAMS 0x0000000084300000, 0x0000000084300000| Untracked 
|  16|0x0000000084400000, 0x0000000084400000, 0x0000000084500000|  0%| F|  |TAMS 0x0000000084400000, 0x0000000084400000| Untracked 
|  17|0x0000000084500000, 0x0000000084500000, 0x0000000084600000|  0%| F|  |TAMS 0x0000000084500000, 0x0000000084500000| Untracked 
|  18|0x0000000084600000, 0x0000000084600000, 0x0000000084700000|  0%| F|  |TAMS 0x0000000084600000, 0x0000000084600000| Untracked 
|  19|0x0000000084700000, 0x0000000084700000, 0x0000000084800000|  0%| F|  |TAMS 0x0000000084700000, 0x0000000084700000| Untracked 
|  20|0x0000000084800000, 0x0000000084800000, 0x0000000084900000|  0%| F|  |TAMS 0x0000000084800000, 0x0000000084800000| Untracked 
|  21|0x0000000084900000, 0x0000000084900000, 0x0000000084a00000|  0%| F|  |TAMS 0x0000000084900000, 0x0000000084900000| Untracked 
|  22|0x0000000084a00000, 0x0000000084a00000, 0x0000000084b00000|  0%| F|  |TAMS 0x0000000084a00000, 0x0000000084a00000| Untracked 
|  23|0x0000000084b00000, 0x0000000084b00000, 0x0000000084c00000|  0%| F|  |TAMS 0x0000000084b00000, 0x0000000084b00000| Untracked 
|  24|0x0000000084c00000, 0x0000000084c00000, 0x0000000084d00000|  0%| F|  |TAMS 0x0000000084c00000, 0x0000000084c00000| Untracked 
|  25|0x0000000084d00000, 0x0000000084d00000, 0x0000000084e00000|  0%| F|  |TAMS 0x0000000084d00000, 0x0000000084d00000| Untracked 
|  26|0x0000000084e00000, 0x0000000084e00000, 0x0000000084f00000|  0%| F|  |TAMS 0x0000000084e00000, 0x0000000084e00000| Untracked 
|  27|0x0000000084f00000, 0x0000000084f00000, 0x0000000085000000|  0%| F|  |TAMS 0x0000000084f00000, 0x0000000084f00000| Untracked 
|  28|0x0000000085000000, 0x0000000085000000, 0x0000000085100000|  0%| F|  |TAMS 0x0000000085000000, 0x0000000085000000| Untracked 
|  29|0x0000000085100000, 0x0000000085100000, 0x0000000085200000|  0%| F|  |TAMS 0x0000000085100000, 0x0000000085100000| Untracked 
|  30|0x0000000085200000, 0x0000000085200000, 0x0000000085300000|  0%| F|  |TAMS 0x0000000085200000, 0x0000000085200000| Untracked 
|  31|0x0000000085300000, 0x0000000085300000, 0x0000000085400000|  0%| F|  |TAMS 0x0000000085300000, 0x0000000085300000| Untracked 
|  32|0x0000000085400000, 0x0000000085400000, 0x0000000085500000|  0%| F|  |TAMS 0x0000000085400000, 0x0000000085400000| Untracked 
|  33|0x0000000085500000, 0x0000000085500000, 0x0000000085600000|  0%| F|  |TAMS 0x0000000085500000, 0x0000000085500000| Untracked 
|  34|0x0000000085600000, 0x0000000085600000, 0x0000000085700000|  0%| F|  |TAMS 0x0000000085600000, 0x0000000085600000| Untracked 
|  35|0x0000000085700000, 0x0000000085700000, 0x0000000085800000|  0%| F|  |TAMS 0x0000000085700000, 0x0000000085700000| Untracked 
|  36|0x0000000085800000, 0x0000000085800000, 0x0000000085900000|  0%| F|  |TAMS 0x0000000085800000, 0x0000000085800000| Untracked 
|  37|0x0000000085900000, 0x0000000085900000, 0x0000000085a00000|  0%| F|  |TAMS 0x0000000085900000, 0x0000000085900000| Untracked 
|  38|0x0000000085a00000, 0x0000000085a00000, 0x0000000085b00000|  0%| F|  |TAMS 0x0000000085a00000, 0x0000000085a00000| Untracked 
|  39|0x0000000085b00000, 0x0000000085b00000, 0x0000000085c00000|  0%| F|  |TAMS 0x0000000085b00000, 0x0000000085b00000| Untracked 
|  40|0x0000000085c00000, 0x0000000085c00000, 0x0000000085d00000|  0%| F|  |TAMS 0x0000000085c00000, 0x0000000085c00000| Untracked 
|  41|0x0000000085d00000, 0x0000000085d00000, 0x0000000085e00000|  0%| F|  |TAMS 0x0000000085d00000, 0x0000000085d00000| Untracked 
|  42|0x0000000085e00000, 0x0000000085e00000, 0x0000000085f00000|  0%| F|  |TAMS 0x0000000085e00000, 0x0000000085e00000| Untracked 
|  43|0x0000000085f00000, 0x0000000085f00000, 0x0000000086000000|  0%| F|  |TAMS 0x0000000085f00000, 0x0000000085f00000| Untracked 
|  44|0x0000000086000000, 0x0000000086000000, 0x0000000086100000|  0%| F|  |TAMS 0x0000000086000000, 0x0000000086000000| Untracked 
|  45|0x0000000086100000, 0x0000000086100000, 0x0000000086200000|  0%| F|  |TAMS 0x0000000086100000, 0x0000000086100000| Untracked 
|  46|0x0000000086200000, 0x0000000086200000, 0x0000000086300000|  0%| F|  |TAMS 0x0000000086200000, 0x0000000086200000| Untracked 
|  47|0x0000000086300000, 0x0000000086300000, 0x0000000086400000|  0%| F|  |TAMS 0x0000000086300000, 0x0000000086300000| Untracked 
|  48|0x0000000086400000, 0x0000000086400000, 0x0000000086500000|  0%| F|  |TAMS 0x0000000086400000, 0x0000000086400000| Untracked 
|  49|0x0000000086500000, 0x0000000086500000, 0x0000000086600000|  0%| F|  |TAMS 0x0000000086500000, 0x0000000086500000| Untracked 
|  50|0x0000000086600000, 0x0000000086600000, 0x0000000086700000|  0%| F|  |TAMS 0x0000000086600000, 0x0000000086600000| Untracked 
|  51|0x0000000086700000, 0x0000000086700000, 0x0000000086800000|  0%| F|  |TAMS 0x0000000086700000, 0x0000000086700000| Untracked 
|  52|0x0000000086800000, 0x0000000086800000, 0x0000000086900000|  0%| F|  |TAMS 0x0000000086800000, 0x0000000086800000| Untracked 
|  53|0x0000000086900000, 0x0000000086900000, 0x0000000086a00000|  0%| F|  |TAMS 0x0000000086900000, 0x0000000086900000| Untracked 
|  54|0x0000000086a00000, 0x0000000086a00000, 0x0000000086b00000|  0%| F|  |TAMS 0x0000000086a00000, 0x0000000086a00000| Untracked 
|  55|0x0000000086b00000, 0x0000000086b00000, 0x0000000086c00000|  0%| F|  |TAMS 0x0000000086b00000, 0x0000000086b00000| Untracked 
|  56|0x0000000086c00000, 0x0000000086c00000, 0x0000000086d00000|  0%| F|  |TAMS 0x0000000086c00000, 0x0000000086c00000| Untracked 
|  57|0x0000000086d00000, 0x0000000086d00000, 0x0000000086e00000|  0%| F|  |TAMS 0x0000000086d00000, 0x0000000086d00000| Untracked 
|  58|0x0000000086e00000, 0x0000000086e00000, 0x0000000086f00000|  0%| F|  |TAMS 0x0000000086e00000, 0x0000000086e00000| Untracked 
|  59|0x0000000086f00000, 0x0000000086f00000, 0x0000000087000000|  0%| F|  |TAMS 0x0000000086f00000, 0x0000000086f00000| Untracked 
|  60|0x0000000087000000, 0x0000000087000000, 0x0000000087100000|  0%| F|  |TAMS 0x0000000087000000, 0x0000000087000000| Untracked 
|  61|0x0000000087100000, 0x0000000087100000, 0x0000000087200000|  0%| F|  |TAMS 0x0000000087100000, 0x0000000087100000| Untracked 
|  62|0x0000000087200000, 0x0000000087200000, 0x0000000087300000|  0%| F|  |TAMS 0x0000000087200000, 0x0000000087200000| Untracked 
|  63|0x0000000087300000, 0x0000000087300000, 0x0000000087400000|  0%| F|  |TAMS 0x0000000087300000, 0x0000000087300000| Untracked 
|  64|0x0000000087400000, 0x0000000087400000, 0x0000000087500000|  0%| F|  |TAMS 0x0000000087400000, 0x0000000087400000| Untracked 
|  65|0x0000000087500000, 0x0000000087500000, 0x0000000087600000|  0%| F|  |TAMS 0x0000000087500000, 0x0000000087500000| Untracked 
|  66|0x0000000087600000, 0x0000000087600000, 0x0000000087700000|  0%| F|  |TAMS 0x0000000087600000, 0x0000000087600000| Untracked 
|  67|0x0000000087700000, 0x0000000087700000, 0x0000000087800000|  0%| F|  |TAMS 0x0000000087700000, 0x0000000087700000| Untracked 
|  68|0x0000000087800000, 0x0000000087800000, 0x0000000087900000|  0%| F|  |TAMS 0x0000000087800000, 0x0000000087800000| Untracked 
|  69|0x0000000087900000, 0x0000000087900000, 0x0000000087a00000|  0%| F|  |TAMS 0x0000000087900000, 0x0000000087900000| Untracked 
|  70|0x0000000087a00000, 0x0000000087a00000, 0x0000000087b00000|  0%| F|  |TAMS 0x0000000087a00000, 0x0000000087a00000| Untracked 
|  71|0x0000000087b00000, 0x0000000087b00000, 0x0000000087c00000|  0%| F|  |TAMS 0x0000000087b00000, 0x0000000087b00000| Untracked 
|  72|0x0000000087c00000, 0x0000000087c00000, 0x0000000087d00000|  0%| F|  |TAMS 0x0000000087c00000, 0x0000000087c00000| Untracked 
|  73|0x0000000087d00000, 0x0000000087d00000, 0x0000000087e00000|  0%| F|  |TAMS 0x0000000087d00000, 0x0000000087d00000| Untracked 
|  74|0x0000000087e00000, 0x0000000087e00000, 0x0000000087f00000|  0%| F|  |TAMS 0x0000000087e00000, 0x0000000087e00000| Untracked 
|  75|0x0000000087f00000, 0x0000000087f00000, 0x0000000088000000|  0%| F|  |TAMS 0x0000000087f00000, 0x0000000087f00000| Untracked 
|  76|0x0000000088000000, 0x0000000088000000, 0x0000000088100000|  0%| F|  |TAMS 0x0000000088000000, 0x0000000088000000| Untracked 
|  77|0x0000000088100000, 0x0000000088100000, 0x0000000088200000|  0%| F|  |TAMS 0x0000000088100000, 0x0000000088100000| Untracked 
|  78|0x0000000088200000, 0x0000000088200000, 0x0000000088300000|  0%| F|  |TAMS 0x0000000088200000, 0x0000000088200000| Untracked 
|  79|0x0000000088300000, 0x0000000088300000, 0x0000000088400000|  0%| F|  |TAMS 0x0000000088300000, 0x0000000088300000| Untracked 
|  80|0x0000000088400000, 0x0000000088400000, 0x0000000088500000|  0%| F|  |TAMS 0x0000000088400000, 0x0000000088400000| Untracked 
|  81|0x0000000088500000, 0x0000000088500000, 0x0000000088600000|  0%| F|  |TAMS 0x0000000088500000, 0x0000000088500000| Untracked 
|  82|0x0000000088600000, 0x0000000088600000, 0x0000000088700000|  0%| F|  |TAMS 0x0000000088600000, 0x0000000088600000| Untracked 
|  83|0x0000000088700000, 0x0000000088700000, 0x0000000088800000|  0%| F|  |TAMS 0x0000000088700000, 0x0000000088700000| Untracked 
|  84|0x0000000088800000, 0x0000000088800000, 0x0000000088900000|  0%| F|  |TAMS 0x0000000088800000, 0x0000000088800000| Untracked 
|  85|0x0000000088900000, 0x0000000088900000, 0x0000000088a00000|  0%| F|  |TAMS 0x0000000088900000, 0x0000000088900000| Untracked 
|  86|0x0000000088a00000, 0x0000000088a00000, 0x0000000088b00000|  0%| F|  |TAMS 0x0000000088a00000, 0x0000000088a00000| Untracked 
|  87|0x0000000088b00000, 0x0000000088b00000, 0x0000000088c00000|  0%| F|  |TAMS 0x0000000088b00000, 0x0000000088b00000| Untracked 
|  88|0x0000000088c00000, 0x0000000088c00000, 0x0000000088d00000|  0%| F|  |TAMS 0x0000000088c00000, 0x0000000088c00000| Untracked 
|  89|0x0000000088d00000, 0x0000000088d00000, 0x0000000088e00000|  0%| F|  |TAMS 0x0000000088d00000, 0x0000000088d00000| Untracked 
|  90|0x0000000088e00000, 0x0000000088e00000, 0x0000000088f00000|  0%| F|  |TAMS 0x0000000088e00000, 0x0000000088e00000| Untracked 
|  91|0x0000000088f00000, 0x0000000088f00000, 0x0000000089000000|  0%| F|  |TAMS 0x0000000088f00000, 0x0000000088f00000| Untracked 
|  92|0x0000000089000000, 0x0000000089000000, 0x0000000089100000|  0%| F|  |TAMS 0x0000000089000000, 0x0000000089000000| Untracked 
|  93|0x0000000089100000, 0x0000000089100000, 0x0000000089200000|  0%| F|  |TAMS 0x0000000089100000, 0x0000000089100000| Untracked 
|  94|0x0000000089200000, 0x0000000089200000, 0x0000000089300000|  0%| F|  |TAMS 0x0000000089200000, 0x0000000089200000| Untracked 
|  95|0x0000000089300000, 0x0000000089300000, 0x0000000089400000|  0%| F|  |TAMS 0x0000000089300000, 0x0000000089300000| Untracked 
|  96|0x0000000089400000, 0x0000000089400000, 0x0000000089500000|  0%| F|  |TAMS 0x0000000089400000, 0x0000000089400000| Untracked 
|  97|0x0000000089500000, 0x0000000089500000, 0x0000000089600000|  0%| F|  |TAMS 0x0000000089500000, 0x0000000089500000| Untracked 
|  98|0x0000000089600000, 0x0000000089600000, 0x0000000089700000|  0%| F|  |TAMS 0x0000000089600000, 0x0000000089600000| Untracked 
|  99|0x0000000089700000, 0x0000000089700000, 0x0000000089800000|  0%| F|  |TAMS 0x0000000089700000, 0x0000000089700000| Untracked 
| 100|0x0000000089800000, 0x0000000089800000, 0x0000000089900000|  0%| F|  |TAMS 0x0000000089800000, 0x0000000089800000| Untracked 
| 101|0x0000000089900000, 0x0000000089900000, 0x0000000089a00000|  0%| F|  |TAMS 0x0000000089900000, 0x0000000089900000| Untracked 
| 102|0x0000000089a00000, 0x0000000089a00000, 0x0000000089b00000|  0%| F|  |TAMS 0x0000000089a00000, 0x0000000089a00000| Untracked 
| 103|0x0000000089b00000, 0x0000000089b00000, 0x0000000089c00000|  0%| F|  |TAMS 0x0000000089b00000, 0x0000000089b00000| Untracked 
| 104|0x0000000089c00000, 0x0000000089c00000, 0x0000000089d00000|  0%| F|  |TAMS 0x0000000089c00000, 0x0000000089c00000| Untracked 
| 105|0x0000000089d00000, 0x0000000089d00000, 0x0000000089e00000|  0%| F|  |TAMS 0x0000000089d00000, 0x0000000089d00000| Untracked 
| 106|0x0000000089e00000, 0x0000000089e00000, 0x0000000089f00000|  0%| F|  |TAMS 0x0000000089e00000, 0x0000000089e00000| Untracked 
| 107|0x0000000089f00000, 0x0000000089f00000, 0x000000008a000000|  0%| F|  |TAMS 0x0000000089f00000, 0x0000000089f00000| Untracked 
| 108|0x000000008a000000, 0x000000008a000000, 0x000000008a100000|  0%| F|  |TAMS 0x000000008a000000, 0x000000008a000000| Untracked 
| 109|0x000000008a100000, 0x000000008a100000, 0x000000008a200000|  0%| F|  |TAMS 0x000000008a100000, 0x000000008a100000| Untracked 
| 110|0x000000008a200000, 0x000000008a200000, 0x000000008a300000|  0%| F|  |TAMS 0x000000008a200000, 0x000000008a200000| Untracked 
| 111|0x000000008a300000, 0x000000008a300000, 0x000000008a400000|  0%| F|  |TAMS 0x000000008a300000, 0x000000008a300000| Untracked 
| 112|0x000000008a400000, 0x000000008a400000, 0x000000008a500000|  0%| F|  |TAMS 0x000000008a400000, 0x000000008a400000| Untracked 
| 113|0x000000008a500000, 0x000000008a500000, 0x000000008a600000|  0%| F|  |TAMS 0x000000008a500000, 0x000000008a500000| Untracked 
| 114|0x000000008a600000, 0x000000008a600000, 0x000000008a700000|  0%| F|  |TAMS 0x000000008a600000, 0x000000008a600000| Untracked 
| 115|0x000000008a700000, 0x000000008a700000, 0x000000008a800000|  0%| F|  |TAMS 0x000000008a700000, 0x000000008a700000| Untracked 
| 116|0x000000008a800000, 0x000000008a800000, 0x000000008a900000|  0%| F|  |TAMS 0x000000008a800000, 0x000000008a800000| Untracked 
| 117|0x000000008a900000, 0x000000008a900000, 0x000000008aa00000|  0%| F|  |TAMS 0x000000008a900000, 0x000000008a900000| Untracked 
| 118|0x000000008aa00000, 0x000000008aa00000, 0x000000008ab00000|  0%| F|  |TAMS 0x000000008aa00000, 0x000000008aa00000| Untracked 
| 119|0x000000008ab00000, 0x000000008ab7b648, 0x000000008ac00000| 48%| E|  |TAMS 0x000000008ab00000, 0x000000008ab00000| Complete 
| 120|0x000000008ac00000, 0x000000008ad00000, 0x000000008ad00000|100%| E|CS|TAMS 0x000000008ac00000, 0x000000008ac00000| Complete 
| 121|0x000000008ad00000, 0x000000008ae00000, 0x000000008ae00000|100%| E|CS|TAMS 0x000000008ad00000, 0x000000008ad00000| Complete 
| 122|0x000000008ae00000, 0x000000008af00000, 0x000000008af00000|100%| E|CS|TAMS 0x000000008ae00000, 0x000000008ae00000| Complete 
| 123|0x000000008af00000, 0x000000008b000000, 0x000000008b000000|100%| E|CS|TAMS 0x000000008af00000, 0x000000008af00000| Complete 
| 124|0x000000008b000000, 0x000000008b100000, 0x000000008b100000|100%| E|CS|TAMS 0x000000008b000000, 0x000000008b000000| Complete 
| 125|0x000000008b100000, 0x000000008b200000, 0x000000008b200000|100%| E|CS|TAMS 0x000000008b100000, 0x000000008b100000| Complete 

Card table byte_map: [0x000002705d200000,0x000002705d5f0000] _byte_map_base: 0x000002705cde6000

Marking Bits (Prev, Next): (CMBitMap*) 0x0000027045d45038, (CMBitMap*) 0x0000027045d45070
 Prev Bits: [0x000002705d9e0000, 0x000002705f910000)
 Next Bits: [0x000002705f910000, 0x0000027061840000)

Polling page: 0x00000270444c0000

Metaspace:

Usage:
  Non-class:      8.71 MB capacity,     8.55 MB ( 98%) used,   136.93 KB (  2%) free+waste,    28.88 KB ( <1%) overhead. 
      Class:      1.07 MB capacity,   970.48 KB ( 88%) used,   109.34 KB ( 10%) free+waste,    17.19 KB (  2%) overhead. 
       Both:      9.78 MB capacity,     9.50 MB ( 97%) used,   246.27 KB (  2%) free+waste,    46.06 KB ( <1%) overhead. 

Virtual space:
  Non-class space:       10.00 MB reserved,       8.75 MB ( 88%) committed 
      Class space:        1.00 GB reserved,       1.13 MB ( <1%) committed 
             Both:        1.01 GB reserved,       9.88 MB ( <1%) committed 

Chunk freelists:
   Non-Class:  5.13 KB
       Class:  0 bytes
        Both:  5.13 KB

CodeHeap 'non-profiled nmethods': size=120000Kb used=148Kb max_used=148Kb free=119851Kb
 bounds [0x0000027054e60000, 0x00000270550d0000, 0x000002705c390000]
CodeHeap 'profiled nmethods': size=120000Kb used=926Kb max_used=926Kb free=119074Kb
 bounds [0x000002704d930000, 0x000002704dba0000, 0x0000027054e60000]
CodeHeap 'non-nmethods': size=5760Kb used=1124Kb max_used=1132Kb free=4635Kb
 bounds [0x000002704d390000, 0x000002704d600000, 0x000002704d930000]
 total_blobs=999 nmethods=567 adapters=344
 compilation: enabled
              stopped_count=0, restarted_count=0
 full_count=0

Compilation events (10 events):
Event: 0.376 Thread 0x0000027065277000  479       4       jdk.internal.org.objectweb.asm.ClassWriter::put (152 bytes)
Event: 0.376 Thread 0x000002706434a800  539       3       java.lang.invoke.MethodHandleNatives::refKindIsField (32 bytes)
Event: 0.376 Thread 0x000002706434a800 nmethod 539 0x000002704d9fe310 code [0x000002704d9fe4a0, 0x000002704d9fe5f8]
Event: 0.376 Thread 0x000002706434a800  540       3       java.lang.invoke.MemberName::isCallerSensitive (7 bytes)
Event: 0.376 Thread 0x000002706434a800 nmethod 540 0x000002704d9fe690 code [0x000002704d9fe840, 0x000002704d9fea78]
Event: 0.377 Thread 0x000002706434a800  542       3       java.lang.Number::<init> (5 bytes)
Event: 0.377 Thread 0x000002706434a800 nmethod 542 0x000002704d9feb90 code [0x000002704d9fed20, 0x000002704d9fee78]
Event: 0.377 Thread 0x000002706434a800  543       3       java.lang.invoke.BootstrapMethodInvoker::maybeReBox (28 bytes)
Event: 0.378 Thread 0x000002706434a800 nmethod 543 0x000002704d9fef10 code [0x000002704d9ff0e0, 0x000002704d9ff6b8]
Event: 0.378 Thread 0x000002706434a800  544       3       sun.invoke.util.VerifyAccess::getClassModifiers (24 bytes)

GC Heap History (0 events):
No events

Deoptimization events (1 events):
Event: 0.112 Thread 0x0000027045d06000 Uncommon trap: reason=unstable_if action=reinterpret pc=0x0000027054e64310 method=java.lang.String.hashCode()I @ 14 c2

Classes redefined (0 events):
No events

Internal exceptions (10 events):
Event: 0.221 Thread 0x0000027045d06000 Exception <a 'java/lang/NoSuchMethodError'{0x000000008af66e88}: java.lang.invoke.DelegatingMethodHandle$Holder.reinvoke_L(Ljava/lang/Object;IILjava/lang/Object;Ljava/lang/Object;Ljava/lang/Object;)Ljava/lang/Object;> (0x000000008af66e88) thrown at [./open
Event: 0.222 Thread 0x0000027045d06000 Exception <a 'java/lang/NoSuchMethodError'{0x000000008af6af68}: java.lang.invoke.DirectMethodHandle$Holder.invokeStatic(Ljava/lang/Object;Ljava/lang/Object;Ljava/lang/Object;Ljava/lang/Object;I)Ljava/lang/Object;> (0x000000008af6af68) thrown at [./open/sr
Event: 0.235 Thread 0x0000027045d06000 Exception <a 'java/io/FileNotFoundException'{0x000000008afcdf98}> (0x000000008afcdf98) thrown at [./open/src/hotspot/share/prims/jni.cpp, line 611]
Event: 0.314 Thread 0x000002706527e000 Exception <a 'java/lang/NoSuchMethodError'{0x000000008ae80790}: java.lang.invoke.DirectMethodHandle$Holder.invokeSpecial(Ljava/lang/Object;Ljava/lang/Object;)V> (0x000000008ae80790) thrown at [./open/src/hotspot/share/interpreter/linkResolver.cpp, line 77
Event: 0.318 Thread 0x0000027045d06000 Exception <a 'java/lang/NoSuchMethodError'{0x000000008aefb8c0}: java.lang.invoke.DirectMethodHandle$Holder.invokeStatic(Ljava/lang/Object;Ljava/lang/Object;Ljava/lang/Object;Ljava/lang/Object;Ljava/lang/Object;Ljava/lang/Object;Ljava/lang/Object;Ljava/lan
Event: 0.320 Thread 0x0000027045d06000 Exception <a 'java/lang/NoSuchMethodError'{0x000000008ad15cc8}: java.lang.invoke.DirectMethodHandle$Holder.invokeStatic(Ljava/lang/Object;Ljava/lang/Object;Ljava/lang/Object;Ljava/lang/Object;Ljava/lang/Object;Ljava/lang/Object;Ljava/lang/Object;Ljava/lan
Event: 0.364 Thread 0x0000027045d06000 Exception <a 'java/lang/NoSuchMethodError'{0x000000008ac2cde8}: java.lang.invoke.DirectMethodHandle$Holder.invokeStatic(Ljava/lang/Object;ILjava/lang/Object;Ljava/lang/Object;Ljava/lang/Object;Ljava/lang/Object;)Ljava/lang/Object;> (0x000000008ac2cde8) th
Event: 0.364 Thread 0x0000027045d06000 Exception <a 'java/lang/NoSuchMethodError'{0x000000008ac33ea8}: java.lang.invoke.DirectMethodHandle$Holder.invokeStatic(Ljava/lang/Object;ILjava/lang/Object;Ljava/lang/Object;Ljava/lang/Object;)Ljava/lang/Object;> (0x000000008ac33ea8) thrown at [./open/sr
Event: 0.365 Thread 0x0000027045d06000 Exception <a 'java/lang/NoSuchMethodError'{0x000000008ac379e8}: java.lang.invoke.DirectMethodHandle$Holder.invokeSpecial(Ljava/lang/Object;Ljava/lang/Object;ILjava/lang/Object;Ljava/lang/Object;Ljava/lang/Object;)Ljava/lang/Object;> (0x000000008ac379e8) t
Event: 0.369 Thread 0x0000027045d06000 Exception <a 'java/lang/NoSuchMethodError'{0x000000008ac4f2c0}: java.lang.invoke.DirectMethodHandle$Holder.invokeStatic(Ljava/lang/Object;ILjava/lang/Object;)Ljava/lang/Object;> (0x000000008ac4f2c0) thrown at [./open/src/hotspot/share/interpreter/linkReso

Events (10 events):
Event: 0.362 loading class javax/swing/plaf/BorderUIResource$EmptyBorderUIResource done
Event: 0.366 Thread 0x0000027065277000 Thread added: 0x0000027065277000
Event: 0.366 loading class javax/swing/plaf/basic/BasicLookAndFeel$2
Event: 0.366 loading class javax/swing/plaf/basic/BasicLookAndFeel$2 done
Event: 0.369 loading class javax/swing/plaf/DimensionUIResource
Event: 0.369 loading class javax/swing/plaf/DimensionUIResource done
Event: 0.371 loading class javax/swing/UIDefaults$LazyInputMap
Event: 0.371 loading class javax/swing/UIDefaults$LazyInputMap done
Event: 0.373 loading class java/lang/Character$CharacterCache
Event: 0.373 loading class java/lang/Character$CharacterCache done


Dynamic libraries:
0x00007ff6562a0000 - 0x00007ff6562af000 	C:\Program Files\Java\jdk-11.0.14\bin\javaw.exe
0x00007ffeb23a0000 - 0x00007ffeb25a9000 	C:\WINDOWS\SYSTEM32\ntdll.dll
0x00007ffeb06c0000 - 0x00007ffeb077d000 	C:\WINDOWS\System32\KERNEL32.DLL
0x00007ffeafbc0000 - 0x00007ffeaff3b000 	C:\WINDOWS\System32\KERNELBASE.dll
0x00007ffeaf870000 - 0x00007ffeaf981000 	C:\WINDOWS\System32\ucrtbase.dll
0x00007ffeaa7d0000 - 0x00007ffeaa7e8000 	C:\Program Files\Java\jdk-11.0.14\bin\jli.dll
0x00007ffeb02f0000 - 0x00007ffeb039e000 	C:\WINDOWS\System32\ADVAPI32.dll
0x00007ffeb0220000 - 0x00007ffeb02c3000 	C:\WINDOWS\System32\msvcrt.dll
0x00007ffeb0970000 - 0x00007ffeb0a0e000 	C:\WINDOWS\System32\sechost.dll
0x00007ffeaa7f0000 - 0x00007ffeaa805000 	C:\Program Files\Java\jdk-11.0.14\bin\VCRUNTIME140.dll
0x00007ffeb05a0000 - 0x00007ffeb06c0000 	C:\WINDOWS\System32\RPCRT4.dll
0x00007ffeb16e0000 - 0x00007ffeb188d000 	C:\WINDOWS\System32\USER32.dll
0x00007ffeaff40000 - 0x00007ffeaff66000 	C:\WINDOWS\System32\win32u.dll
0x00007ffeb0920000 - 0x00007ffeb0949000 	C:\WINDOWS\System32\GDI32.dll
0x00007ffeb0010000 - 0x00007ffeb0128000 	C:\WINDOWS\System32\gdi32full.dll
0x00007ffe9a5b0000 - 0x00007ffe9a855000 	C:\WINDOWS\WinSxS\amd64_microsoft.windows.common-controls_6595b64144ccf1df_6.0.22000.120_none_9d947278b86cc467\COMCTL32.dll
0x00007ffeaff70000 - 0x00007ffeb000d000 	C:\WINDOWS\System32\msvcp_win.dll
0x00007ffea5b80000 - 0x00007ffea5b8a000 	C:\WINDOWS\SYSTEM32\VERSION.dll
0x00007ffeb16a0000 - 0x00007ffeb16d1000 	C:\WINDOWS\System32\IMM32.DLL
0x00007ffea1eb0000 - 0x00007ffea1f4b000 	C:\Program Files\Java\jdk-11.0.14\bin\msvcp140.dll
0x00007ffe48b20000 - 0x00007ffe49636000 	C:\Program Files\Java\jdk-11.0.14\bin\server\jvm.dll
0x00007ffeb1560000 - 0x00007ffeb1568000 	C:\WINDOWS\System32\PSAPI.DLL
0x00007ffeaa870000 - 0x00007ffeaa8a3000 	C:\WINDOWS\SYSTEM32\WINMM.dll
0x00007ffeab250000 - 0x00007ffeab259000 	C:\WINDOWS\SYSTEM32\WSOCK32.dll
0x00007ffeb1cb0000 - 0x00007ffeb1d1f000 	C:\WINDOWS\System32\WS2_32.dll
0x00007ffeae8d0000 - 0x00007ffeae8e8000 	C:\WINDOWS\SYSTEM32\kernel.appcore.dll
0x00007ffeaa720000 - 0x00007ffeaa730000 	C:\Program Files\Java\jdk-11.0.14\bin\verify.dll
0x00007ffead280000 - 0x00007ffead4a1000 	C:\WINDOWS\SYSTEM32\DBGHELP.DLL
0x00007ffea5ee0000 - 0x00007ffea5f11000 	C:\WINDOWS\SYSTEM32\dbgcore.DLL
0x00007ffeb01a0000 - 0x00007ffeb021f000 	C:\WINDOWS\System32\bcryptPrimitives.dll
0x00007ffeaa6f0000 - 0x00007ffeaa718000 	C:\Program Files\Java\jdk-11.0.14\bin\java.dll
0x00007ffeaa6e0000 - 0x00007ffeaa6ea000 	C:\Program Files\Java\jdk-11.0.14\bin\jimage.dll
0x00007ffea5fe0000 - 0x00007ffea5ff6000 	C:\Program Files\Java\jdk-11.0.14\bin\zip.dll
0x00007ffeb0d90000 - 0x00007ffeb1548000 	C:\WINDOWS\System32\SHELL32.dll
0x00007ffead920000 - 0x00007ffeae185000 	C:\WINDOWS\SYSTEM32\windows.storage.dll
0x00007ffeb0a10000 - 0x00007ffeb0d87000 	C:\WINDOWS\System32\combase.dll
0x00007ffead7b0000 - 0x00007ffead916000 	C:\WINDOWS\SYSTEM32\wintypes.dll
0x00007ffeb03a0000 - 0x00007ffeb048a000 	C:\WINDOWS\System32\SHCORE.dll
0x00007ffeb1c50000 - 0x00007ffeb1cad000 	C:\WINDOWS\System32\shlwapi.dll
0x00007ffeaf7a0000 - 0x00007ffeaf7c1000 	C:\WINDOWS\SYSTEM32\profapi.dll
0x00007ffe86a10000 - 0x00007ffe86baa000 	C:\Program Files\Java\jdk-11.0.14\bin\awt.dll
0x00007ffeb1890000 - 0x00007ffeb1966000 	C:\WINDOWS\System32\OLEAUT32.dll
0x00007ffeac990000 - 0x00007ffeaca22000 	C:\WINDOWS\SYSTEM32\apphelp.dll
0x00007ffeacdb0000 - 0x00007ffeacddf000 	C:\WINDOWS\system32\DWMAPI.DLL
0x00007ffeacb10000 - 0x00007ffeacbbc000 	C:\WINDOWS\system32\uxtheme.dll
0x00007ffe909c0000 - 0x00007ffe90ac1000 	C:\WINDOWS\system32\opengl32.dll
0x00007ffe9be70000 - 0x00007ffe9be9d000 	C:\WINDOWS\SYSTEM32\GLU32.dll
0x00007ffeacc30000 - 0x00007ffeacc68000 	C:\WINDOWS\SYSTEM32\dxcore.dll
0x00007ffeb1580000 - 0x00007ffeb169d000 	C:\WINDOWS\System32\MSCTF.dll
0x00007ffeb0780000 - 0x00007ffeb091a000 	C:\WINDOWS\System32\ole32.dll

dbghelp: loaded successfully - version: 4.0.5 - missing functions: none
symbol engine: initialized successfully - sym options: 0x614 - pdb path: (cannot be retrieved)

VM Arguments:
jvm_args: -Dfile.encoding=Cp1252 
java_command: quantum3.QMain
java_class_path (initial): C:\Users\weibe\eclipse-workspace\quantum3\bin
Launcher Type: SUN_STANDARD

[Global flags]
     intx CICompilerCount                          = 4                                         {product} {ergonomic}
     uint ConcGCThreads                            = 2                                         {product} {ergonomic}
     uint G1ConcRefinementThreads                  = 8                                         {product} {ergonomic}
   size_t G1HeapRegionSize                         = 1048576                                   {product} {ergonomic}
    uintx GCDrainStackTargetSize                   = 64                                        {product} {ergonomic}
   size_t InitialHeapSize                          = 132120576                                 {product} {ergonomic}
   size_t MarkStackSize                            = 4194304                                   {product} {ergonomic}
   size_t MaxHeapSize                              = 2092957696                                {product} {ergonomic}
   size_t MaxNewSize                               = 1255145472                                {product} {ergonomic}
   size_t MinHeapDeltaBytes                        = 1048576                                   {product} {ergonomic}
    uintx NonNMethodCodeHeapSize                   = 5836300                                {pd product} {ergonomic}
    uintx NonProfiledCodeHeapSize                  = 122910970                              {pd product} {ergonomic}
    uintx ProfiledCodeHeapSize                     = 122910970                              {pd product} {ergonomic}
    uintx ReservedCodeCacheSize                    = 251658240                              {pd product} {ergonomic}
     bool SegmentedCodeCache                       = true                                      {product} {ergonomic}
     bool UseCompressedClassPointers               = true                                 {lp64_product} {ergonomic}
     bool UseCompressedOops                        = true                                 {lp64_product} {ergonomic}
     bool UseG1GC                                  = true                                      {product} {ergonomic}
     bool UseLargePagesIndividualAllocation        = false                                  {pd product} {ergonomic}

Logging:
Log output configuration:
 #0: stdout all=warning uptime,level,tags
 #1: stderr all=off uptime,level,tags

Environment Variables:
PATH=C:\Program Files\Python310\Scripts\;C:\Program Files\Python310\;C:\Program Files\Common Files\Oracle\Java\javapath;C:\WINDOWS\system32;C:\WINDOWS;C:\WINDOWS\System32\Wbem;C:\WINDOWS\System32\WindowsPowerShell\v1.0\;C:\WINDOWS\System32\OpenSSH\;C:\Users\weibe\AppData\Local\Microsoft\WindowsApps;C:\Program Files\Git\cmd;C:\Program Files\TortoiseGit\bin;C:\Users\weibe\AppData\Local\Microsoft\WindowsApps;C:\Users\weibe\AppData\Local\Programs\Microsoft VS Code\bin;C:\Users\weibe\AppData\Local\Microsoft\WindowsApps;;C:\Program Files\JetBrains\IntelliJ IDEA Community Edition 2021.3.3\bin;
USERNAME=weibe
OS=Windows_NT
PROCESSOR_IDENTIFIER=Intel64 Family 6 Model 126 Stepping 5, GenuineIntel



---------------  S Y S T E M  ---------------

OS: Windows 11 , 64 bit Build 22000 (10.0.22000.708)
Hyper-V role detected

CPU:total 8 (initial active 8) (4 cores per cpu, 2 threads per core) family 6 model 126 stepping 5 microcode 0xa0, cmov, cx8, fxsr, mmx, sse, sse2, sse3, ssse3, sse4.1, sse4.2, popcnt, avx, avx2, aes, clmul, erms, 3dnowpref, lzcnt, ht, tsc, tscinvbit, bmi1, bmi2, adx, evex, sha, fma

Memory: 4k page, system-wide physical 7980M (1454M free)
TotalPageFile size 10028M (AvailPageFile size 4M)
current process WorkingSet (physical memory assigned to process): 55M, peak: 55M
current process commit charge ("private bytes"): 217M, peak: 217M

vm_info: Java HotSpot(TM) 64-Bit Server VM (11.0.14+8-LTS-263) for windows-amd64 JRE (11.0.14+8-LTS-263), built on Dec  7 2021 21:53:57 by "mach5one" with MS VC++ 15.9 (VS2017)

END.
